#
# A fatal error has been detected by the Java Runtime Environment:
#
#  SIGSEGV (0xb) at pc=0x00007fff948c90dd, pid=18918, tid=1811
#
# JRE version: Java(TM) SE Runtime Environment (8.0_60-b27) (build 1.8.0_60-b27)
# Java VM: Java HotSpot(TM) 64-Bit Server VM (25.60-b23 mixed mode bsd-amd64 compressed oops)
# Problematic frame:
# C  [libobjc.A.dylib+0x10dd]  objc_msgSend+0x1d
#
# Failed to write core dump. Core dumps have been disabled. To enable core dumping, try "ulimit -c unlimited" before starting Java again
#
# If you would like to submit a bug report, please visit:
#   http://bugreport.java.com/bugreport/crash.jsp
# The crash happened outside the Java Virtual Machine in native code.
# See problematic frame for where to report the bug.
#

---------------  T H R E A D  ---------------

Current thread (0x00007fc80b841000):  JavaThread "AWT-AppKit" daemon [_thread_in_native, id=1811, stack(0x00007fff50bb0000,0x00007fff513b0000)]

siginfo: si_signo: 11 (SIGSEGV), si_code: 1 (SEGV_MAPERR), si_addr: 0x0000000000000018

Registers:
RAX=0x00007fc81178f330, RBX=0x000000018ebb7450, RCX=0x000000018f010ba0, RDX=0x000000018f010380
RSP=0x00007fff513ab0e8, RBP=0x00007fff513ab1a0, RSI=0x00007fff8defa40f, RDI=0x00007fc811ae5a50
R8 =0x0000000000000000, R9 =0x0000000000000f50, R10=0x00007fff8defa40f, R11=0x0000000000000000
R12=0x0000000000000000, R13=0x000000018fb5db50, R14=0x000000018ebb7440, R15=0x00007fc80b841000
RIP=0x00007fff948c90dd, EFLAGS=0x0000000000010246, ERR=0x0000000000000004
  TRAPNO=0x000000000000000e

Top of Stack: (sp=0x00007fff513ab0e8)
0x00007fff513ab0e8:   000000018ebb5157 00007fff513ab140
0x00007fff513ab0f8:   0000000000000003 00007fff513ab120
0x00007fff513ab108:   000000010fbf1992 000000018fb5db50
0x00007fff513ab118:   000000018fb5db50 00007fc81178f330
0x00007fff513ab128:   000000018ebb76a0 000000018ebb7710
0x00007fff513ab138:   00007fff79196550 00007fff794cac80
0x00007fff513ab148:   000000018ebb7450 000000018ebb7690
0x00007fff513ab158:   00007fc81178f330 00007fc811ae5a50
0x00007fff513ab168:   00007fc80c023bb0 00007fc81178f330
0x00007fff513ab178:   00007fc811ae5a50 00007fff513ab220
0x00007fff513ab188:   00007fc80b8411f8 000000018fb5db50
0x00007fff513ab198:   00007fff513ab248 00007fff513ab210
0x00007fff513ab1a8:   0000000110aa1954 00007fff513ab210
0x00007fff513ab1b8:   0000000110aa16d9 0000000110aad823
0x00007fff513ab1c8:   0000000110aa16a2 00007fff513ab1d0
0x00007fff513ab1d8:   000000018fb5db50 00007fff513ab248
0x00007fff513ab1e8:   000000018fb60788 0000000000000000
0x00007fff513ab1f8:   000000018fb5db50 0000000000000000
0x00007fff513ab208:   00007fff513ab230 00007fff513ab290
0x00007fff513ab218:   0000000110a93c4d 000000076da16140
0x00007fff513ab228:   0000000110a9b578 00007fc81178f330
0x00007fff513ab238:   0000000110a9cdb9 00007fc811ae5a50
0x00007fff513ab248:   0000000110a9cd82 00007fff513ab250
0x00007fff513ab258:   000000018fb5dd1a 00007fff513ab2b8
0x00007fff513ab268:   000000018fb60788 0000000000000000
0x00007fff513ab278:   000000018fb5dd28 00007fff513ab230
0x00007fff513ab288:   00007fff513ab2a0 00007fff513ab300
0x00007fff513ab298:   0000000110a93c4d 00007fc81178f330
0x00007fff513ab2a8:   000000076da203c0 00007fc811ae5a50
0x00007fff513ab2b8:   000000076da203c0 00007fff513ab2c0
0x00007fff513ab2c8:   000000018fc30076 00007fff513ab310
0x00007fff513ab2d8:   000000018fc30130 0000000000000000 

Instructions: (pc=0x00007fff948c90dd)
0x00007fff948c90bd:   00 00 00 48 85 ff 2e 74 7a 40 f6 c7 01 2e 75 7e
0x00007fff948c90cd:   49 bb f8 ff ff ff ff 7f 00 00 4c 23 1f 49 89 f2
0x00007fff948c90dd:   45 23 53 18 49 c1 e2 04 4d 03 53 10 49 3b 32 75
0x00007fff948c90ed:   04 41 ff 62 08 49 83 3a 00 74 6a 4d 3b 53 10 74 

Register to memory mapping:

RAX=0x00007fc81178f330 is an unknown value
RBX=0x000000018ebb7450: Java_jogamp_nativewindow_macosx_OSXUtil_GetScreenRefreshRate0+0x1cf0 in /private/var/folders/0q/mnmr2rb14273d107szplrrw80000gn/T/jogamp_0000/file_cache/jln3504375391747517518/jln3879324557916863484/libnativewindow_macosx.jnilib at 0x000000018ebb0000
RCX=0x000000018f010ba0 is an unknown value
RDX=0x000000018f010380 is an unknown value
RSP=0x00007fff513ab0e8 is pointing into the stack for thread: 0x00007fc80b841000
RBP=0x00007fff513ab1a0 is pointing into the stack for thread: 0x00007fc80b841000
RSI=0x00007fff8defa40f is an unknown value
RDI=0x00007fc811ae5a50 is an unknown value
R8 =0x0000000000000000 is an unknown value
R9 =0x0000000000000f50 is an unknown value
R10=0x00007fff8defa40f is an unknown value
R11=0x0000000000000000 is an unknown value
R12=0x0000000000000000 is an unknown value
R13={method} {0x000000018fb5db50} 'UnsetJAWTRootSurfaceLayer0' '(JJ)V' in 'jogamp/nativewindow/jawt/macosx/MacOSXJAWTWindow'
R14=0x000000018ebb7440: Java_jogamp_nativewindow_macosx_OSXUtil_GetScreenRefreshRate0+0x1ce0 in /private/var/folders/0q/mnmr2rb14273d107szplrrw80000gn/T/jogamp_0000/file_cache/jln3504375391747517518/jln3879324557916863484/libnativewindow_macosx.jnilib at 0x000000018ebb0000
R15=0x00007fc80b841000 is a thread


Stack: [0x00007fff50bb0000,0x00007fff513b0000],  sp=0x00007fff513ab0e8,  free space=8172k
Native frames: (J=compiled Java code, j=interpreted, Vv=VM code, C=native code)
C  [libobjc.A.dylib+0x10dd]  objc_msgSend+0x1d
j  jogamp.nativewindow.jawt.macosx.MacOSXJAWTWindow.UnsetJAWTRootSurfaceLayer0(JJ)V+0
j  jogamp.nativewindow.jawt.macosx.MacOSXJAWTWindow.access$200(JJ)V+2
j  jogamp.nativewindow.jawt.macosx.MacOSXJAWTWindow$1.run()V+38
j  com.jogamp.common.util.RunnableTask.run()V+24
v  ~StubRoutines::call_stub
V  [libjvm.dylib+0x2eab0e]  JavaCalls::call_helper(JavaValue*, methodHandle*, JavaCallArguments*, Thread*)+0x6ae
V  [libjvm.dylib+0x321bb7]  jni_invoke_nonstatic(JNIEnv_*, JavaValue*, _jobject*, JNICallType, _jmethodID*, JNI_ArgumentPusher*, Thread*)+0x2ec
V  [libjvm.dylib+0x31438b]  jni_CallVoidMethod+0x16b
C  [libnativewindow_macosx.jnilib+0x5326]  Java_jogamp_nativewindow_jawt_macosx_MacOSXJAWTWindow_UnsetJAWTRootSurfaceLayer0+0x2b6
C  [Foundation+0x92dd0]  __NSThreadPerformPerform+0x125
C  [CoreFoundation+0x80a01]  __CFRUNLOOP_IS_CALLING_OUT_TO_A_SOURCE0_PERFORM_FUNCTION__+0x11
C  [CoreFoundation+0x72c5c]  __CFRunLoopDoSources0+0x1dc
C  [CoreFoundation+0x721bf]  __CFRunLoopRun+0x39f
C  [CoreFoundation+0x71bd8]  CFRunLoopRunSpecific+0x128
C  [HIToolbox+0x3256f]  RunCurrentEventLoopInMode+0xeb
C  [HIToolbox+0x321ee]  ReceiveNextEventCommon+0xb3
C  [HIToolbox+0x3212b]  _BlockUntilNextEventMatchingListInModeWithFilter+0x47
C  [AppKit+0x918ab]  _DPSNextEvent+0x3d2
C  [AppKit+0x90e58]  -[NSApplication nextEventMatchingMask:untilDate:inMode:dequeue:]+0x15a
C  [libosxapp.dylib+0x23aa]  -[NSApplicationAWT nextEventMatchingMask:untilDate:inMode:dequeue:]+0x7c
C  [AppKit+0x86af3]  -[NSApplication run]+0x252
C  [libosxapp.dylib+0x214d]  +[NSApplicationAWT runAWTLoopWithApp:]+0x9c
C  [libawt_lwawt.dylib+0x44517]  -[AWTStarter starter:]+0x389
C  [Foundation+0x92dd0]  __NSThreadPerformPerform+0x125
C  [CoreFoundation+0x80a01]  __CFRUNLOOP_IS_CALLING_OUT_TO_A_SOURCE0_PERFORM_FUNCTION__+0x11
C  [CoreFoundation+0x72b8d]  __CFRunLoopDoSources0+0x10d
C  [CoreFoundation+0x721bf]  __CFRunLoopRun+0x39f
C  [CoreFoundation+0x71bd8]  CFRunLoopRunSpecific+0x128
C  [java+0x6463]  CreateExecutionEnvironment+0x367
C  [java+0x21ac]  JLI_Launch+0x7a0
C  [java+0x84c0]  main+0x65
C  [java+0x1a04]  start+0x34
C  0x0000000000000007

Java frames: (J=compiled Java code, j=interpreted, Vv=VM code)
j  jogamp.nativewindow.jawt.macosx.MacOSXJAWTWindow.UnsetJAWTRootSurfaceLayer0(JJ)V+0
j  jogamp.nativewindow.jawt.macosx.MacOSXJAWTWindow.access$200(JJ)V+2
j  jogamp.nativewindow.jawt.macosx.MacOSXJAWTWindow$1.run()V+38
j  com.jogamp.common.util.RunnableTask.run()V+24
v  ~StubRoutines::call_stub

---------------  P R O C E S S  ---------------

Java Threads: ( => current thread )
  0x00007fc80cc6e800 JavaThread "Thread-3" [_thread_blocked, id=70923, stack(0x0000000191d91000,0x0000000191e91000)]
  0x00007fc80ad2a800 JavaThread "Animation Thread" [_thread_blocked, id=65327, stack(0x000000018ea52000,0x000000018eb52000)]
  0x00007fc80c969000 JavaThread "AWT-EventQueue-1" [_thread_in_native, id=66071, stack(0x000000018eee2000,0x000000018efe2000)]
  0x00007fc80c95c000 JavaThread "DestroyJavaVM" [_thread_blocked, id=4867, stack(0x000000011098a000,0x0000000110a8a000)]
  0x00007fc80ba09800 JavaThread "AWT-EventQueue-0" [_thread_blocked, id=63759, stack(0x0000000135d1e000,0x0000000135e1e000)]
  0x00007fc80b9cd000 JavaThread "Java2D Disposer" daemon [_thread_blocked, id=59659, stack(0x000000013464f000,0x000000013474f000)]
  0x00007fc80c998800 JavaThread "Java2D Queue Flusher" daemon [_thread_blocked, id=57351, stack(0x00000001331bc000,0x00000001332bc000)]
  0x00007fc80a92f000 JavaThread "AWT-Shutdown" [_thread_blocked, id=30483, stack(0x0000000130057000,0x0000000130157000)]
=>0x00007fc80b841000 JavaThread "AWT-AppKit" daemon [_thread_in_native, id=1811, stack(0x00007fff50bb0000,0x00007fff513b0000)]
  0x00007fc80b815000 JavaThread "Service Thread" daemon [_thread_blocked, id=20739, stack(0x000000012e457000,0x000000012e557000)]
  0x00007fc80d801000 JavaThread "C1 CompilerThread3" daemon [_thread_blocked, id=20227, stack(0x000000012e354000,0x000000012e454000)]
  0x00007fc80b811800 JavaThread "C2 CompilerThread2" daemon [_thread_blocked, id=19715, stack(0x000000012e251000,0x000000012e351000)]
  0x00007fc80b810800 JavaThread "C2 CompilerThread1" daemon [_thread_blocked, id=19203, stack(0x000000012e14e000,0x000000012e24e000)]
  0x00007fc80d800000 JavaThread "C2 CompilerThread0" daemon [_thread_blocked, id=18691, stack(0x000000012e04b000,0x000000012e14b000)]
  0x00007fc80a80b000 JavaThread "Signal Dispatcher" daemon [_thread_blocked, id=14611, stack(0x000000012df48000,0x000000012e048000)]
  0x00007fc80b80c800 JavaThread "Finalizer" daemon [_thread_blocked, id=13571, stack(0x000000012c538000,0x000000012c638000)]
  0x00007fc80b805000 JavaThread "Reference Handler" daemon [_thread_blocked, id=13059, stack(0x000000012c435000,0x000000012c535000)]

Other Threads:
  0x00007fc80c811000 VMThread [stack: 0x000000012c332000,0x000000012c432000] [id=12547]
  0x00007fc80d829800 WatcherThread [stack: 0x000000012e55a000,0x000000012e65a000] [id=21251]

VM state:not at safepoint (normal execution)

VM Mutex/Monitor currently owned by a thread: None

Heap:
 PSYoungGen      total 76288K, used 54609K [0x000000076ab00000, 0x0000000770000000, 0x00000007c0000000)
  eden space 65536K, 83% used [0x000000076ab00000,0x000000076e054710,0x000000076eb00000)
  from space 10752K, 0% used [0x000000076f580000,0x000000076f580000,0x0000000770000000)
  to   space 10752K, 0% used [0x000000076eb00000,0x000000076eb00000,0x000000076f580000)
 ParOldGen       total 175104K, used 0K [0x00000006c0000000, 0x00000006cab00000, 0x000000076ab00000)
  object space 175104K, 0% used [0x00000006c0000000,0x00000006c0000000,0x00000006cab00000)
 Metaspace       used 17570K, capacity 17821K, committed 18048K, reserved 1064960K
  class space    used 1749K, capacity 1825K, committed 1920K, reserved 1048576K

Card table byte_map: [0x000000011fe4c000,0x000000012064d000] byte_map_base: 0x000000011c84c000

Marking Bits: (ParMarkBitMap*) 0x00000001102dee20
 Begin Bits: [0x00000001213bb000, 0x00000001253bb000)
 End Bits:   [0x00000001253bb000, 0x00000001293bb000)

Polling page: 0x000000010e9a9000

CodeCache: size=245760Kb used=4568Kb max_used=4568Kb free=241191Kb
 bounds [0x0000000110a8c000, 0x0000000110f0c000, 0x000000011fa8c000]
 total_blobs=2073 nmethods=1222 adapters=765
 compilation: enabled

Compilation events (10 events):
Event: 8.668 Thread 0x00007fc80d801000 1247       3       java.util.HashMap::clear (50 bytes)
Event: 8.668 Thread 0x00007fc80d801000 nmethod 1247 0x0000000110f02e50 code [0x0000000110f02fe0, 0x0000000110f033b0]
Event: 8.680 Thread 0x00007fc80d801000 1248       3       java.util.AbstractSet::<init> (5 bytes)
Event: 8.680 Thread 0x00007fc80d801000 nmethod 1248 0x0000000110f034d0 code [0x0000000110f03640, 0x0000000110f03850]
Event: 8.680 Thread 0x00007fc80d801000 1249       3       sun.awt.SunToolkit::getAppContext (42 bytes)
Event: 8.681 Thread 0x00007fc80d801000 nmethod 1249 0x0000000110f03cd0 code [0x0000000110f03ec0, 0x0000000110f04898]
Event: 8.681 Thread 0x00007fc80d801000 1252       3       sun.font.FontDesignMetrics::getLatinCharWidth (29 bytes)
Event: 8.681 Thread 0x00007fc80d801000 nmethod 1252 0x0000000110f04b10 code [0x0000000110f04cc0, 0x0000000110f05008]
Event: 8.681 Thread 0x00007fc80d801000 1250       1       sun.java2d.SurfaceData::isValid (5 bytes)
Event: 8.681 Thread 0x00007fc80d801000 nmethod 1250 0x0000000110f051d0 code [0x0000000110f05320, 0x0000000110f05430]

GC Heap History (0 events):
No events

Deoptimization events (9 events):
Event: 0.072 Thread 0x00007fc80b000800 Uncommon trap: reason=unstable_if action=reinterpret pc=0x0000000110bab228 method=java.lang.String.hashCode()I @ 14
Event: 5.458 Thread 0x00007fc80ba77800 Uncommon trap: reason=unstable_if action=reinterpret pc=0x0000000110c754c0 method=java.lang.String.toLowerCase(Ljava/util/Locale;)Ljava/lang/String; @ 85
Event: 5.571 Thread 0x00007fc80ad2a800 Uncommon trap: reason=unstable_if action=reinterpret pc=0x0000000110cf1254 method=java.lang.String.lastIndexOf([CII[CIII)I @ 66
Event: 5.593 Thread 0x00007fc80ad2a800 Uncommon trap: reason=bimorphic action=maybe_recompile pc=0x0000000110c08b30 method=java.util.HashMap.getNode(ILjava/lang/Object;)Ljava/util/HashMap$Node; @ 126
Event: 5.605 Thread 0x00007fc80ad2a800 Uncommon trap: reason=unstable_if action=reinterpret pc=0x0000000110b9f6e0 method=java.lang.String.indexOf([CII[CIII)I @ 3
Event: 5.605 Thread 0x00007fc80ad2a800 Uncommon trap: reason=unstable_if action=reinterpret pc=0x0000000110c614cc method=java.lang.String.indexOf([CII[CIII)I @ 3
Event: 5.607 Thread 0x00007fc80ad2a800 Uncommon trap: reason=bimorphic action=maybe_recompile pc=0x0000000110c08b30 method=java.util.HashMap.getNode(ILjava/lang/Object;)Ljava/util/HashMap$Node; @ 126
Event: 5.607 Thread 0x00007fc80ad2a800 Uncommon trap: reason=bimorphic action=maybe_recompile pc=0x0000000110c08b30 method=java.util.HashMap.getNode(ILjava/lang/Object;)Ljava/util/HashMap$Node; @ 126
Event: 5.607 Thread 0x00007fc80ad2a800 Uncommon trap: reason=bimorphic action=maybe_recompile pc=0x0000000110c08b30 method=java.util.HashMap.getNode(ILjava/lang/Object;)Ljava/util/HashMap$Node; @ 126

Internal exceptions (10 events):
Event: 0.070 Thread 0x00007fc80b000800 Exception <a 'java/security/PrivilegedActionException'> (0x000000076abd4088) thrown at [/Users/java_re/workspace/8-2-build-macosx-x86_64/jdk8u60/4407/hotspot/src/share/vm/prims/jvm.cpp, line 1386]
Event: 0.071 Thread 0x00007fc80b000800 Exception <a 'java/util/zip/ZipException'> (0x000000076abe5c60) thrown at [/Users/java_re/workspace/8-2-build-macosx-x86_64/jdk8u60/4407/hotspot/src/share/vm/prims/jni.cpp, line 709]
Event: 0.071 Thread 0x00007fc80b000800 Exception <a 'java/security/PrivilegedActionException'> (0x000000076abe6050) thrown at [/Users/java_re/workspace/8-2-build-macosx-x86_64/jdk8u60/4407/hotspot/src/share/vm/prims/jvm.cpp, line 1386]
Event: 0.071 Thread 0x00007fc80b000800 Exception <a 'java/security/PrivilegedActionException'> (0x000000076abe6260) thrown at [/Users/java_re/workspace/8-2-build-macosx-x86_64/jdk8u60/4407/hotspot/src/share/vm/prims/jvm.cpp, line 1386]
Event: 0.099 Thread 0x00007fc80b000800 Exception <a 'java/lang/NoSuchFieldError': method resolution failed> (0x000000076af44220) thrown at [/Users/java_re/workspace/8-2-build-macosx-x86_64/jdk8u60/4407/hotspot/src/share/vm/prims/methodHandles.cpp, line 1146]
Event: 0.100 Thread 0x00007fc80b000800 Exception <a 'java/lang/NoSuchFieldError': method resolution failed> (0x000000076af519f0) thrown at [/Users/java_re/workspace/8-2-build-macosx-x86_64/jdk8u60/4407/hotspot/src/share/vm/prims/methodHandles.cpp, line 1146]
Event: 4.559 Thread 0x00007fc80b000800 Exception <a 'java/io/FileNotFoundException'> (0x000000076afcd828) thrown at [/Users/java_re/workspace/8-2-build-macosx-x86_64/jdk8u60/4407/hotspot/src/share/vm/prims/jni.cpp, line 709]
Event: 4.559 Thread 0x00007fc80b000800 Exception <a 'java/io/FileNotFoundException'> (0x000000076afce3b8) thrown at [/Users/java_re/workspace/8-2-build-macosx-x86_64/jdk8u60/4407/hotspot/src/share/vm/prims/jni.cpp, line 709]
Event: 4.635 Thread 0x00007fc80b000800 Exception <a 'java/io/FileNotFoundException'> (0x000000076b1c7048) thrown at [/Users/java_re/workspace/8-2-build-macosx-x86_64/jdk8u60/4407/hotspot/src/share/vm/prims/jni.cpp, line 709]
Event: 5.618 Thread 0x00007fc80ad2a800 Exception <a 'java/lang/UnsatisfiedLinkError': com.jogamp.common.util.JarUtil.fixNativeLibAttribs(Ljava/lang/String;)Z> (0x000000076c885fc8) thrown at [/Users/java_re/workspace/8-2-build-macosx-x86_64/jdk8u60/4407/hotspot/src/share/vm/prims/nativeLookup.c

Events (10 events):
Event: 8.692 loading class java/awt/Toolkit$ToolkitEventMulticaster done
Event: 8.692 Executing VM operation: RevokeBias
Event: 8.692 Executing VM operation: RevokeBias done
Event: 8.692 Thread 0x00007fc80a9eb800 Thread exited: 0x00007fc80a9eb800
Event: 8.692 Executing VM operation: RevokeBias
Event: 8.692 Executing VM operation: RevokeBias done
Event: 8.692 loading class java/awt/Window$1DisposeAction
Event: 8.692 loading class java/awt/Window$1DisposeAction done
Event: 8.692 Executing VM operation: RevokeBias
Event: 8.692 Executing VM operation: RevokeBias done


Dynamic libraries:
0x0000000006f14000 	/System/Library/Frameworks/Cocoa.framework/Versions/A/Cocoa
0x0000000006f14000 	/System/Library/Frameworks/Security.framework/Versions/A/Security
0x0000000006f14000 	/System/Library/Frameworks/ApplicationServices.framework/Versions/A/ApplicationServices
0x0000000006f14000 	/usr/lib/libz.1.dylib
0x0000000006f14000 	/usr/lib/libSystem.B.dylib
0x0000000006f14000 	/usr/lib/libobjc.A.dylib
0x0000000006f14000 	/System/Library/Frameworks/CoreFoundation.framework/Versions/A/CoreFoundation
0x0000000006f14000 	/System/Library/Frameworks/Foundation.framework/Versions/C/Foundation
0x0000000006f14000 	/System/Library/Frameworks/AppKit.framework/Versions/C/AppKit
0x0000000006f14000 	/System/Library/Frameworks/CoreData.framework/Versions/A/CoreData
0x0000000006f14000 	/System/Library/PrivateFrameworks/RemoteViewServices.framework/Versions/A/RemoteViewServices
0x0000000006f14000 	/System/Library/PrivateFrameworks/UIFoundation.framework/Versions/A/UIFoundation
0x0000000006f14000 	/System/Library/Frameworks/IOSurface.framework/Versions/A/IOSurface
0x0000000006f14000 	/System/Library/Frameworks/AudioToolbox.framework/Versions/A/AudioToolbox
0x0000000006f14000 	/System/Library/Frameworks/AudioUnit.framework/Versions/A/AudioUnit
0x0000000006f14000 	/System/Library/PrivateFrameworks/DataDetectorsCore.framework/Versions/A/DataDetectorsCore
0x0000000006f14000 	/System/Library/PrivateFrameworks/DesktopServicesPriv.framework/Versions/A/DesktopServicesPriv
0x0000000006f14000 	/System/Library/Frameworks/Carbon.framework/Versions/A/Frameworks/HIToolbox.framework/Versions/A/HIToolbox
0x0000000006f14000 	/System/Library/Frameworks/QuartzCore.framework/Versions/A/QuartzCore
0x0000000006f14000 	/System/Library/Frameworks/Carbon.framework/Versions/A/Frameworks/SpeechRecognition.framework/Versions/A/SpeechRecognition
0x0000000006f14000 	/usr/lib/libauto.dylib
0x0000000006f14000 	/usr/lib/libicucore.A.dylib
0x0000000006f14000 	/usr/lib/libxml2.2.dylib
0x0000000006f14000 	/System/Library/PrivateFrameworks/CoreUI.framework/Versions/A/CoreUI
0x0000000006f14000 	/System/Library/Frameworks/CoreAudio.framework/Versions/A/CoreAudio
0x0000000006f14000 	/System/Library/Frameworks/DiskArbitration.framework/Versions/A/DiskArbitration
0x0000000006f14000 	/usr/lib/liblangid.dylib
0x0000000006f14000 	/System/Library/PrivateFrameworks/MultitouchSupport.framework/Versions/A/MultitouchSupport
0x0000000006f14000 	/System/Library/Frameworks/IOKit.framework/Versions/A/IOKit
0x0000000006f14000 	/usr/lib/libDiagnosticMessagesClient.dylib
0x0000000006f14000 	/System/Library/Frameworks/CoreServices.framework/Versions/A/CoreServices
0x0000000006f14000 	/System/Library/PrivateFrameworks/PerformanceAnalysis.framework/Versions/A/PerformanceAnalysis
0x0000000006f14000 	/System/Library/PrivateFrameworks/GenerationalStorage.framework/Versions/A/GenerationalStorage
0x0000000006f14000 	/System/Library/Frameworks/OpenGL.framework/Versions/A/OpenGL
0x0000000006f14000 	/System/Library/PrivateFrameworks/Sharing.framework/Versions/A/Sharing
0x0000000006f14000 	/System/Library/Frameworks/CoreGraphics.framework/Versions/A/CoreGraphics
0x0000000006f14000 	/System/Library/Frameworks/CoreText.framework/Versions/A/CoreText
0x0000000006f14000 	/System/Library/Frameworks/ImageIO.framework/Versions/A/ImageIO
0x0000000006f14000 	/usr/lib/libextension.dylib
0x0000000006f14000 	/System/Library/PrivateFrameworks/Backup.framework/Versions/A/Backup
0x0000000006f14000 	/usr/lib/libarchive.2.dylib
0x0000000006f14000 	/System/Library/Frameworks/CFNetwork.framework/Versions/A/CFNetwork
0x0000000006f14000 	/System/Library/Frameworks/SystemConfiguration.framework/Versions/A/SystemConfiguration
0x0000000006f14000 	/usr/lib/libCRFSuite.dylib
0x0000000006f14000 	/usr/lib/libc++.1.dylib
0x0000000006f14000 	/usr/lib/libc++abi.dylib
0x0000000006f14000 	/usr/lib/system/libcache.dylib
0x0000000006f14000 	/usr/lib/system/libcommonCrypto.dylib
0x0000000006f14000 	/usr/lib/system/libcompiler_rt.dylib
0x0000000006f14000 	/usr/lib/system/libcopyfile.dylib
0x0000000006f14000 	/usr/lib/system/libcorecrypto.dylib
0x0000000006f14000 	/usr/lib/system/libdispatch.dylib
0x0000000006f14000 	/usr/lib/system/libdyld.dylib
0x0000000006f14000 	/usr/lib/system/libkeymgr.dylib
0x0000000006f14000 	/usr/lib/system/liblaunch.dylib
0x0000000006f14000 	/usr/lib/system/libmacho.dylib
0x0000000006f14000 	/usr/lib/system/libquarantine.dylib
0x0000000006f14000 	/usr/lib/system/libremovefile.dylib
0x0000000006f14000 	/usr/lib/system/libsystem_asl.dylib
0x0000000006f14000 	/usr/lib/system/libsystem_blocks.dylib
0x0000000006f14000 	/usr/lib/system/libsystem_c.dylib
0x0000000006f14000 	/usr/lib/system/libsystem_configuration.dylib
0x0000000006f14000 	/usr/lib/system/libsystem_coreservices.dylib
0x0000000006f14000 	/usr/lib/system/libsystem_coretls.dylib
0x0000000006f14000 	/usr/lib/system/libsystem_dnssd.dylib
0x0000000006f14000 	/usr/lib/system/libsystem_info.dylib
0x0000000006f14000 	/usr/lib/system/libsystem_kernel.dylib
0x0000000006f14000 	/usr/lib/system/libsystem_m.dylib
0x0000000006f14000 	/usr/lib/system/libsystem_malloc.dylib
0x0000000006f14000 	/usr/lib/system/libsystem_network.dylib
0x0000000006f14000 	/usr/lib/system/libsystem_networkextension.dylib
0x0000000006f14000 	/usr/lib/system/libsystem_notify.dylib
0x0000000006f14000 	/usr/lib/system/libsystem_platform.dylib
0x0000000006f14000 	/usr/lib/system/libsystem_pthread.dylib
0x0000000006f14000 	/usr/lib/system/libsystem_sandbox.dylib
0x0000000006f14000 	/usr/lib/system/libsystem_secinit.dylib
0x0000000006f14000 	/usr/lib/system/libsystem_stats.dylib
0x0000000006f14000 	/usr/lib/system/libsystem_trace.dylib
0x0000000006f14000 	/usr/lib/system/libunc.dylib
0x0000000006f14000 	/usr/lib/system/libunwind.dylib
0x0000000006f14000 	/usr/lib/system/libxpc.dylib
0x0000000006f14000 	/usr/lib/libbz2.1.0.dylib
0x0000000006f14000 	/usr/lib/liblzma.5.dylib
0x0000000006f14000 	/usr/lib/libbsm.0.dylib
0x0000000006f14000 	/usr/lib/libsqlite3.dylib
0x0000000006f14000 	/usr/lib/system/libkxld.dylib
0x0000000006f14000 	/usr/lib/libxar.1.dylib
0x0000000006f14000 	/usr/lib/libpam.2.dylib
0x0000000006f14000 	/usr/lib/libOpenScriptingUtil.dylib
0x0000000006f14000 	/System/Library/Frameworks/CoreServices.framework/Versions/A/Frameworks/FSEvents.framework/Versions/A/FSEvents
0x0000000006f14000 	/System/Library/Frameworks/CoreServices.framework/Versions/A/Frameworks/CarbonCore.framework/Versions/A/CarbonCore
0x0000000006f14000 	/System/Library/Frameworks/CoreServices.framework/Versions/A/Frameworks/Metadata.framework/Versions/A/Metadata
0x0000000006f14000 	/System/Library/Frameworks/CoreServices.framework/Versions/A/Frameworks/OSServices.framework/Versions/A/OSServices
0x0000000006f14000 	/System/Library/Frameworks/CoreServices.framework/Versions/A/Frameworks/SearchKit.framework/Versions/A/SearchKit
0x0000000006f14000 	/System/Library/Frameworks/CoreServices.framework/Versions/A/Frameworks/AE.framework/Versions/A/AE
0x0000000006f14000 	/System/Library/Frameworks/CoreServices.framework/Versions/A/Frameworks/LaunchServices.framework/Versions/A/LaunchServices
0x0000000006f14000 	/System/Library/Frameworks/CoreServices.framework/Versions/A/Frameworks/DictionaryServices.framework/Versions/A/DictionaryServices
0x0000000006f14000 	/System/Library/Frameworks/NetFS.framework/Versions/A/NetFS
0x0000000006f14000 	/System/Library/PrivateFrameworks/NetAuth.framework/Versions/A/NetAuth
0x0000000006f14000 	/System/Library/PrivateFrameworks/login.framework/Versions/A/Frameworks/loginsupport.framework/Versions/A/loginsupport
0x0000000006f14000 	/System/Library/PrivateFrameworks/TCC.framework/Versions/A/TCC
0x0000000006f14000 	/usr/lib/libmecabra.dylib
0x0000000006f14000 	/System/Library/Frameworks/ApplicationServices.framework/Versions/A/Frameworks/ATS.framework/Versions/A/ATS
0x0000000006f14000 	/System/Library/Frameworks/ApplicationServices.framework/Versions/A/Frameworks/ColorSync.framework/Versions/A/ColorSync
0x0000000006f14000 	/System/Library/Frameworks/ApplicationServices.framework/Versions/A/Frameworks/HIServices.framework/Versions/A/HIServices
0x0000000006f14000 	/System/Library/Frameworks/ApplicationServices.framework/Versions/A/Frameworks/LangAnalysis.framework/Versions/A/LangAnalysis
0x0000000006f14000 	/System/Library/Frameworks/ApplicationServices.framework/Versions/A/Frameworks/PrintCore.framework/Versions/A/PrintCore
0x0000000006f14000 	/System/Library/Frameworks/ApplicationServices.framework/Versions/A/Frameworks/QD.framework/Versions/A/QD
0x0000000006f14000 	/System/Library/Frameworks/ApplicationServices.framework/Versions/A/Frameworks/SpeechSynthesis.framework/Versions/A/SpeechSynthesis
0x0000000006f14000 	/System/Library/Frameworks/Accelerate.framework/Versions/A/Accelerate
0x0000000006f14000 	/System/Library/Frameworks/Accelerate.framework/Versions/A/Frameworks/vImage.framework/Versions/A/vImage
0x0000000006f14000 	/System/Library/Frameworks/Accelerate.framework/Versions/A/Frameworks/vecLib.framework/Versions/A/vecLib
0x0000000006f14000 	/System/Library/Frameworks/Accelerate.framework/Versions/A/Frameworks/vecLib.framework/Versions/A/libvDSP.dylib
0x0000000006f14000 	/System/Library/Frameworks/Accelerate.framework/Versions/A/Frameworks/vecLib.framework/Versions/A/libvMisc.dylib
0x0000000006f14000 	/System/Library/Frameworks/Accelerate.framework/Versions/A/Frameworks/vecLib.framework/Versions/A/libLAPACK.dylib
0x0000000006f14000 	/System/Library/Frameworks/Accelerate.framework/Versions/A/Frameworks/vecLib.framework/Versions/A/libBLAS.dylib
0x0000000006f14000 	/System/Library/Frameworks/Accelerate.framework/Versions/A/Frameworks/vecLib.framework/Versions/A/libLinearAlgebra.dylib
0x0000000006f14000 	/System/Library/Frameworks/ApplicationServices.framework/Versions/A/Frameworks/ATS.framework/Versions/A/Resources/libFontParser.dylib
0x0000000006f14000 	/System/Library/Frameworks/ApplicationServices.framework/Versions/A/Frameworks/ATS.framework/Versions/A/Resources/libFontRegistry.dylib
0x0000000006f14000 	/System/Library/PrivateFrameworks/AppleVPA.framework/Versions/A/AppleVPA
0x0000000006f14000 	/System/Library/PrivateFrameworks/AppleJPEG.framework/Versions/A/AppleJPEG
0x0000000006f14000 	/System/Library/Frameworks/ImageIO.framework/Versions/A/Resources/libJPEG.dylib
0x0000000006f14000 	/System/Library/Frameworks/ImageIO.framework/Versions/A/Resources/libTIFF.dylib
0x0000000006f14000 	/System/Library/Frameworks/ImageIO.framework/Versions/A/Resources/libPng.dylib
0x0000000006f14000 	/System/Library/Frameworks/ImageIO.framework/Versions/A/Resources/libGIF.dylib
0x0000000006f14000 	/System/Library/Frameworks/ImageIO.framework/Versions/A/Resources/libJP2.dylib
0x0000000006f14000 	/System/Library/Frameworks/ImageIO.framework/Versions/A/Resources/libRadiance.dylib
0x0000000006f14000 	/System/Library/Frameworks/CoreVideo.framework/Versions/A/CoreVideo
0x0000000006f14000 	/System/Library/Frameworks/OpenGL.framework/Versions/A/Libraries/libGLU.dylib
0x0000000006f14000 	/System/Library/Frameworks/OpenGL.framework/Versions/A/Libraries/libGFXShared.dylib
0x0000000006f14000 	/System/Library/Frameworks/OpenGL.framework/Versions/A/Libraries/libGL.dylib
0x0000000006f14000 	/System/Library/Frameworks/OpenGL.framework/Versions/A/Libraries/libGLImage.dylib
0x0000000006f14000 	/System/Library/Frameworks/OpenGL.framework/Versions/A/Libraries/libCVMSPluginSupport.dylib
0x0000000006f14000 	/System/Library/Frameworks/OpenGL.framework/Versions/A/Libraries/libCoreVMClient.dylib
0x0000000006f14000 	/usr/lib/libcups.2.dylib
0x0000000006f14000 	/System/Library/Frameworks/Kerberos.framework/Versions/A/Kerberos
0x0000000006f14000 	/System/Library/Frameworks/GSS.framework/Versions/A/GSS
0x0000000006f14000 	/usr/lib/libresolv.9.dylib
0x0000000006f14000 	/usr/lib/libiconv.2.dylib
0x0000000006f14000 	/System/Library/PrivateFrameworks/Heimdal.framework/Versions/A/Heimdal
0x0000000006f14000 	/usr/lib/libheimdal-asn1.dylib
0x0000000006f14000 	/System/Library/Frameworks/OpenDirectory.framework/Versions/A/OpenDirectory
0x0000000006f14000 	/System/Library/PrivateFrameworks/CommonAuth.framework/Versions/A/CommonAuth
0x0000000006f14000 	/System/Library/Frameworks/OpenDirectory.framework/Versions/A/Frameworks/CFOpenDirectory.framework/Versions/A/CFOpenDirectory
0x0000000006f14000 	/System/Library/Frameworks/SecurityFoundation.framework/Versions/A/SecurityFoundation
0x0000000006f14000 	/System/Library/PrivateFrameworks/LanguageModeling.framework/Versions/A/LanguageModeling
0x0000000006f14000 	/usr/lib/libcmph.dylib
0x0000000006f14000 	/System/Library/Frameworks/ServiceManagement.framework/Versions/A/ServiceManagement
0x0000000006f14000 	/usr/lib/libxslt.1.dylib
0x0000000006f14000 	/System/Library/Frameworks/Carbon.framework/Versions/A/Frameworks/Ink.framework/Versions/A/Ink
0x0000000006f14000 	/System/Library/Frameworks/QuartzCore.framework/Versions/A/Frameworks/CoreImage.framework/Versions/A/CoreImage
0x0000000006f14000 	/System/Library/PrivateFrameworks/CrashReporterSupport.framework/Versions/A/CrashReporterSupport
0x0000000006f14000 	/System/Library/Frameworks/OpenCL.framework/Versions/A/OpenCL
0x0000000006f14000 	/System/Library/PrivateFrameworks/FaceCore.framework/Versions/A/FaceCore
0x0000000006f14000 	/System/Library/PrivateFrameworks/Ubiquity.framework/Versions/A/Ubiquity
0x0000000006f14000 	/System/Library/PrivateFrameworks/IconServices.framework/Versions/A/IconServices
0x0000000006f14000 	/System/Library/PrivateFrameworks/ChunkingLibrary.framework/Versions/A/ChunkingLibrary
0x0000000006f14000 	/System/Library/PrivateFrameworks/Apple80211.framework/Versions/A/Apple80211
0x0000000006f14000 	/System/Library/Frameworks/CoreWLAN.framework/Versions/A/CoreWLAN
0x0000000006f14000 	/System/Library/Frameworks/IOBluetooth.framework/Versions/A/IOBluetooth
0x0000000006f14000 	/System/Library/PrivateFrameworks/CoreWiFi.framework/Versions/A/CoreWiFi
0x0000000006f14000 	/System/Library/Frameworks/CoreBluetooth.framework/Versions/A/CoreBluetooth
0x0000000006f14000 	/System/Library/PrivateFrameworks/DebugSymbols.framework/Versions/A/DebugSymbols
0x0000000006f14000 	/System/Library/PrivateFrameworks/CoreSymbolication.framework/Versions/A/CoreSymbolication
0x0000000006f14000 	/System/Library/PrivateFrameworks/Symbolication.framework/Versions/A/Symbolication
0x0000000006f14000 	/System/Library/PrivateFrameworks/SpeechRecognitionCore.framework/Versions/A/SpeechRecognitionCore
0x000000010fa00000 	/Library/Java/JavaVirtualMachines/jdk1.8.0_60.jdk/Contents/Home/jre/lib/server/libjvm.dylib
0x0000000006f14000 	/usr/lib/libstdc++.6.dylib
0x000000010e966000 	/Library/Java/JavaVirtualMachines/jdk1.8.0_60.jdk/Contents/Home/jre/lib/libverify.dylib
0x000000010e974000 	/Library/Java/JavaVirtualMachines/jdk1.8.0_60.jdk/Contents/Home/jre/lib/libjava.dylib
0x000000010e9b3000 	/Library/Java/JavaVirtualMachines/jdk1.8.0_60.jdk/Contents/Home/jre/lib/libzip.dylib
0x000000010e9e5000 	/System/Library/Frameworks/JavaVM.framework/Frameworks/JavaRuntimeSupport.framework/JavaRuntimeSupport
0x000000012c63a000 	/System/Library/Frameworks/JavaVM.framework/Versions/A/Frameworks/JavaNativeFoundation.framework/Versions/A/JavaNativeFoundation
0x000000012c64f000 	/System/Library/Frameworks/JavaVM.framework/Versions/A/JavaVM
0x0000000006f14000 	/System/Library/Frameworks/Carbon.framework/Versions/A/Carbon
0x000000012c65c000 	/System/Library/PrivateFrameworks/JavaLaunching.framework/Versions/A/JavaLaunching
0x0000000006f14000 	/System/Library/Frameworks/Carbon.framework/Versions/A/Frameworks/CommonPanels.framework/Versions/A/CommonPanels
0x0000000006f14000 	/System/Library/Frameworks/Carbon.framework/Versions/A/Frameworks/Help.framework/Versions/A/Help
0x0000000006f14000 	/System/Library/Frameworks/Carbon.framework/Versions/A/Frameworks/ImageCapture.framework/Versions/A/ImageCapture
0x0000000006f14000 	/System/Library/Frameworks/Carbon.framework/Versions/A/Frameworks/OpenScripting.framework/Versions/A/OpenScripting
0x0000000006f14000 	/System/Library/Frameworks/Carbon.framework/Versions/A/Frameworks/Print.framework/Versions/A/Print
0x0000000006f14000 	/System/Library/Frameworks/Carbon.framework/Versions/A/Frameworks/SecurityHI.framework/Versions/A/SecurityHI
0x000000012e692000 	/Library/Java/JavaVirtualMachines/jdk1.8.0_60.jdk/Contents/Home/jre/lib/libawt.dylib
0x000000012e73a000 	/Library/Java/JavaVirtualMachines/jdk1.8.0_60.jdk/Contents/Home/jre/lib/./libmlib_image.dylib
0x000000012e806000 	/Library/Java/JavaVirtualMachines/jdk1.8.0_60.jdk/Contents/Home/jre/lib/libawt_lwawt.dylib
0x000000012e8bb000 	/Library/Java/JavaVirtualMachines/jdk1.8.0_60.jdk/Contents/Home/jre/lib/./libosxapp.dylib
0x0000000006f14000 	/System/Library/Frameworks/ExceptionHandling.framework/Versions/A/ExceptionHandling
0x0000000006f14000 	/System/Library/PrivateFrameworks/CoreServicesInternal.framework/Versions/A/CoreServicesInternal
0x0000000006f14000 	/System/Library/PrivateFrameworks/CloudDocs.framework/Versions/A/CloudDocs
0x0000000006f14000 	/System/Library/PrivateFrameworks/CoreDuet.framework/Versions/A/CoreDuet
0x0000000006f14000 	/System/Library/Frameworks/CloudKit.framework/Versions/A/CloudKit
0x0000000006f14000 	/System/Library/PrivateFrameworks/ProtocolBuffer.framework/Versions/A/ProtocolBuffer
0x0000000006f14000 	/System/Library/PrivateFrameworks/CoreDuetDaemonProtocol.framework/Versions/A/CoreDuetDaemonProtocol
0x0000000006f14000 	/System/Library/PrivateFrameworks/CoreDuetDebugLogging.framework/Versions/A/CoreDuetDebugLogging
0x0000000006f14000 	/System/Library/PrivateFrameworks/MMCS.framework/Versions/A/MMCS
0x0000000006f14000 	/System/Library/Frameworks/CoreLocation.framework/Versions/A/CoreLocation
0x0000000006f14000 	/System/Library/PrivateFrameworks/ProtectedCloudStorage.framework/Versions/A/ProtectedCloudStorage
0x0000000006f14000 	/System/Library/PrivateFrameworks/GeoServices.framework/Versions/A/GeoServices
0x0000000130047000 	/System/Library/Frameworks/CoreGraphics.framework/Versions/A/Resources/libCGCMS.A.dylib
0x0000000130b2a000 	/System/Library/Frameworks/CoreGraphics.framework/Versions/A/Resources/libRIP.A.dylib
0x0000000130e9f000 	/System/Library/Frameworks/CoreGraphics.framework/Versions/A/Resources/libCGXType.A.dylib
0x0000000006f14000 	/System/Library/Frameworks/OpenCL.framework/Versions/A/Libraries/libcldcpuengine.dylib
0x0000000006f14000 	/System/Library/PrivateFrameworks/DiskImages.framework/Versions/A/DiskImages
0x0000000006f14000 	/System/Library/Frameworks/DiscRecording.framework/Versions/A/DiscRecording
0x0000000006f14000 	/usr/lib/libcsfde.dylib
0x0000000006f14000 	/usr/lib/libcurl.4.dylib
0x0000000006f14000 	/System/Library/PrivateFrameworks/MediaKit.framework/Versions/A/MediaKit
0x0000000006f14000 	/usr/lib/libCoreStorage.dylib
0x0000000006f14000 	/System/Library/PrivateFrameworks/EFILogin.framework/Versions/A/EFILogin
0x0000000006f14000 	/usr/lib/libutil.dylib
0x0000000006f14000 	/System/Library/PrivateFrameworks/FindMyDevice.framework/Versions/A/FindMyDevice
0x0000000006f14000 	/System/Library/Frameworks/LDAP.framework/Versions/A/LDAP
0x0000000006f14000 	/usr/lib/libsasl2.2.dylib
0x0000000006f14000 	/System/Library/PrivateFrameworks/CoreDaemon.framework/Versions/B/CoreDaemon
0x0000000006f14000 	/usr/lib/libcrypto.0.9.8.dylib
0x0000000006f14000 	/System/Library/PrivateFrameworks/AppleSRP.framework/Versions/A/AppleSRP
0x0000000006f14000 	/System/Library/PrivateFrameworks/TrustEvaluationAgent.framework/Versions/A/TrustEvaluationAgent
0x000000013190e000 	cl_kernels
0x0000000131910000 	/System/Library/Frameworks/OpenCL.framework/Versions/A/Libraries/ImageFormats/unorm8_bgra.dylib
0x00000001318ff000 	cl_kernels
0x0000000006f14000 	/System/Library/PrivateFrameworks/FamilyControls.framework/Versions/A/FamilyControls
0x0000000006f14000 	/System/Library/PrivateFrameworks/CommerceKit.framework/Versions/A/Frameworks/CommerceCore.framework/Versions/A/CommerceCore
0x0000000006f14000 	/System/Library/PrivateFrameworks/SystemAdministration.framework/Versions/A/SystemAdministration
0x0000000006f14000 	/System/Library/PrivateFrameworks/AppContainer.framework/Versions/A/AppContainer
0x0000000006f14000 	/System/Library/PrivateFrameworks/SecCodeWrapper.framework/Versions/A/SecCodeWrapper
0x0000000006f14000 	/System/Library/Frameworks/DirectoryService.framework/Versions/A/DirectoryService
0x0000000006f14000 	/System/Library/PrivateFrameworks/LoginUIKit.framework/Versions/A/Frameworks/LoginUICore.framework/Versions/A/LoginUICore
0x0000000006f14000 	/usr/lib/libodfde.dylib
0x0000000006f14000 	/System/Library/Frameworks/OpenGL.framework/Versions/A/Resources/GLEngine.bundle/GLEngine
0x0000000006f14000 	/System/Library/Frameworks/OpenGL.framework/Versions/A/Libraries/libGLProgrammability.dylib
0x00000001332be000 	/System/Library/Extensions/AppleIntelHD5000GraphicsGLDriver.bundle/Contents/MacOS/AppleIntelHD5000GraphicsGLDriver
0x0000000006f14000 	/System/Library/PrivateFrameworks/IOAccelerator.framework/Versions/A/IOAccelerator
0x0000000006f14000 	/System/Library/PrivateFrameworks/GPUSupport.framework/Versions/A/Libraries/libGPUSupportMercury.dylib
0x0000000000000000 	/System/Library/Extensions/GeForceGLDriver.bundle/Contents/MacOS/GeForceGLDriver
0x0000000006f14000 	/System/Library/Extensions/GeForceGLDriver.bundle/Contents/MacOS/libclh.dylib
0x0000000006f14000 	/System/Library/Frameworks/OpenGL.framework/Versions/A/Resources/GLRendererFloat.bundle/GLRendererFloat
0x0000000134757000 	/Library/Java/JavaVirtualMachines/jdk1.8.0_60.jdk/Contents/Home/jre/lib/libfontmanager.dylib
0x0000000135c6d000 	/Library/Java/JavaVirtualMachines/jdk1.8.0_60.jdk/Contents/Home/jre/lib/libosxui.dylib
0x0000000135f09000 	/Library/Java/JavaVirtualMachines/jdk1.8.0_60.jdk/Contents/Home/jre/lib/libnet.dylib
0x0000000135f20000 	/Library/Java/JavaVirtualMachines/jdk1.8.0_60.jdk/Contents/Home/jre/lib/libnio.dylib
0x0000000006f14000 	/System/Library/Frameworks/ApplicationServices.framework/Versions/A/Frameworks/ATS.framework/Versions/A/Resources/libTrueTypeScaler.dylib
0x000000018e546000 	/private/var/folders/0q/mnmr2rb14273d107szplrrw80000gn/T/jogamp_0000/file_cache/jln3504375391747517518/jln3879324557916863484/libgluegen-rt.jnilib
0x000000018ebaa000 	/private/var/folders/0q/mnmr2rb14273d107szplrrw80000gn/T/jogamp_0000/file_cache/jln3504375391747517518/jln3879324557916863484/libnativewindow_awt.jnilib
0x000000018ebad000 	/Library/Java/JavaVirtualMachines/jdk1.8.0_60.jdk/Contents/Home/jre/lib/libjawt.dylib
0x000000018ebb0000 	/private/var/folders/0q/mnmr2rb14273d107szplrrw80000gn/T/jogamp_0000/file_cache/jln3504375391747517518/jln3879324557916863484/libnativewindow_macosx.jnilib
0x000000018fca2000 	/private/var/folders/0q/mnmr2rb14273d107szplrrw80000gn/T/jogamp_0000/file_cache/jln3504375391747517518/jln3879324557916863484/libjogl_desktop.jnilib

VM Arguments:
jvm_args: -Djava.security.policy=java.policy.applet -Dfile.encoding=UTF-8 
java_command: sun.applet.AppletViewer ch.ecal.processing.three.Use3D1441974031008.html
java_class_path (initial): /Users/stella_speziali/Documents/Processing/WorkSpace/processingll/processingllecal/bin:/Users/stella_speziali/Documents/Processing/WorkSpace/processingll/processingllecal/lib/core.jar:/Users/stella_speziali/Documents/Processing/WorkSpace/processingll/processingllecal/lib/gluegen-rt-natives-linux-amd64.jar:/Users/stella_speziali/Documents/Processing/WorkSpace/processingll/processingllecal/lib/gluegen-rt-natives-linux-armv6hf.jar:/Users/stella_speziali/Documents/Processing/WorkSpace/processingll/processingllecal/lib/gluegen-rt-natives-linux-i586.jar:/Users/stella_speziali/Documents/Processing/WorkSpace/processingll/processingllecal/lib/gluegen-rt-natives-macosx-universal.jar:/Users/stella_speziali/Documents/Processing/WorkSpace/processingll/processingllecal/lib/gluegen-rt-natives-windows-amd64.jar:/Users/stella_speziali/Documents/Processing/WorkSpace/processingll/processingllecal/lib/gluegen-rt-natives-windows-i586.jar:/Users/stella_speziali/Documents/Processing/WorkSpace/processingll/processingllecal/lib/gluegen-rt.jar:/Users/stella_speziali/Documents/Processing/WorkSpace/processingll/processingllecal/lib/jogl-all-natives-linux-amd64.jar:/Users/stella_speziali/Documents/Processing/WorkSpace/processingll/processingllecal/lib/jogl-all-natives-linux-armv6hf.jar:/Users/stella_speziali/Documents/Processing/WorkSpace/processingll/processingllecal/lib/jogl-all-natives-linux-i586.jar:/Users/stella_speziali/Documents/Processing/WorkSpace/processingll/processingllecal/lib/jogl-all-natives-macosx-universal.jar:/Users/stella_speziali/Documents/Processing/WorkSpace/processingll/processingllecal/lib/jogl-all-natives-windows-amd64.jar:/Users/stella_speziali/Documents/Processing/WorkSpace/processingll/processingllecal/lib/jogl-all-natives-windows-i586.jar:/Users/stella_speziali/Documents/Processing/WorkSpace/processingll/processingllecal/lib/jogl-all.jar
Launcher Type: SUN_STANDARD

Environment Variables:
PATH=/usr/bin:/bin:/usr/sbin:/sbin
SHELL=/bin/bash

Signal Handlers:
SIGSEGV: [libjvm.dylib+0x5a6d31], sa_mask[0]=11111111011111110111111111111111, sa_flags=SA_ONSTACK|SA_RESTART|SA_SIGINFO
SIGBUS: [libjvm.dylib+0x5a6d31], sa_mask[0]=11111111011111110111111111111111, sa_flags=SA_RESTART|SA_SIGINFO
SIGFPE: [libjvm.dylib+0x480a4c], sa_mask[0]=11111111011111110111111111111111, sa_flags=SA_RESTART|SA_SIGINFO
SIGPIPE: [libjvm.dylib+0x480a4c], sa_mask[0]=11111111011111110111111111111111, sa_flags=SA_RESTART|SA_SIGINFO
SIGXFSZ: [libjvm.dylib+0x480a4c], sa_mask[0]=11111111011111110111111111111111, sa_flags=SA_RESTART|SA_SIGINFO
SIGILL: [libjvm.dylib+0x480a4c], sa_mask[0]=11111111011111110111111111111111, sa_flags=SA_RESTART|SA_SIGINFO
SIGUSR1: SIG_DFL, sa_mask[0]=00000000000000000000000000000000, sa_flags=none
SIGUSR2: [libjvm.dylib+0x48056a], sa_mask[0]=00100000000000000000000000000000, sa_flags=SA_RESTART|SA_SIGINFO
SIGHUP: [libjvm.dylib+0x47eb41], sa_mask[0]=11111111011111110111111111111111, sa_flags=SA_RESTART|SA_SIGINFO
SIGINT: [libjvm.dylib+0x47eb41], sa_mask[0]=11111111011111110111111111111111, sa_flags=SA_RESTART|SA_SIGINFO
SIGTERM: [libjvm.dylib+0x47eb41], sa_mask[0]=11111111011111110111111111111111, sa_flags=SA_RESTART|SA_SIGINFO
SIGQUIT: [libjvm.dylib+0x47eb41], sa_mask[0]=11111111011111110111111111111111, sa_flags=SA_RESTART|SA_SIGINFO


---------------  S Y S T E M  ---------------

OS:Bsduname:Darwin 14.5.0 Darwin Kernel Version 14.5.0: Wed Jul 29 02:26:53 PDT 2015; root:xnu-2782.40.9~1/RELEASE_X86_64 x86_64
rlimit: STACK 8192k, CORE 0k, NPROC 709, NOFILE 10240, AS infinity
load average:1.31 1.31 1.34

CPU:total 8 (4 cores per cpu, 2 threads per core) family 6 model 70 stepping 1, cmov, cx8, fxsr, mmx, sse, sse2, sse3, ssse3, sse4.1, sse4.2, popcnt, avx, avx2, aes, clmul, erms, rtm, lzcnt, ht, tsc, tscinvbit, bmi1, bmi2

Memory: 4k page, physical 16777216k(972616k free)

/proc/meminfo:


vm_info: Java HotSpot(TM) 64-Bit Server VM (25.60-b23) for bsd-amd64 JRE (1.8.0_60-b27), built on Aug  4 2015 10:47:24 by "java_re" with gcc 4.2.1 (Based on Apple Inc. build 5658) (LLVM build 2336.11.00)

time: Fri Sep 11 14:20:39 2015
elapsed time: 8 seconds (0d 0h 0m 8s)

