#
# A fatal error has been detected by the Java Runtime Environment:
#
#  SIGSEGV (0xb) at pc=0x00007fff961440dd, pid=757, tid=1811
#
# JRE version: Java(TM) SE Runtime Environment (8.0_60-b27) (build 1.8.0_60-b27)
# Java VM: Java HotSpot(TM) 64-Bit Server VM (25.60-b23 mixed mode bsd-amd64 compressed oops)
# Problematic frame:
# C  [libobjc.A.dylib+0x10dd]  objc_msgSend+0x1d
#
# Failed to write core dump. Core dumps have been disabled. To enable core dumping, try "ulimit -c unlimited" before starting Java again
#
# If you would like to submit a bug report, please visit:
#   http://bugreport.java.com/bugreport/crash.jsp
# The crash happened outside the Java Virtual Machine in native code.
# See problematic frame for where to report the bug.
#

---------------  T H R E A D  ---------------

Current thread (0x00007fa8738c2000):  JavaThread "AWT-AppKit" daemon [_thread_in_native, id=1811, stack(0x00007fff54292000,0x00007fff54a92000)]

siginfo: si_signo: 11 (SIGSEGV), si_code: 1 (SEGV_MAPERR), si_addr: 0x0000000000000018

Registers:
RAX=0x00007fa8788ca1d0, RBX=0x00000001857c2450, RCX=0x0000000185ce81a0, RDX=0x0000000185ce8e40
RSP=0x00007fff54a8d0e8, RBP=0x00007fff54a8d1a0, RSI=0x00007fff88dcc40f, RDI=0x00007fa878964ac0
R8 =0x0000000000000000, R9 =0x0000000000000f50, R10=0x00007fff88dcc40f, R11=0x0000000000000000
R12=0x0000000000000000, R13=0x0000000186ef3b50, R14=0x00000001857c2440, R15=0x00007fa8738c2000
RIP=0x00007fff961440dd, EFLAGS=0x0000000000010246, ERR=0x0000000000000004
  TRAPNO=0x000000000000000e

Top of Stack: (sp=0x00007fff54a8d0e8)
0x00007fff54a8d0e8:   00000001857c0157 00007fff54a8d140
0x00007fff54a8d0f8:   0000000000000003 00007fff54a8d120
0x00007fff54a8d108:   000000010c5f1992 0000000186ef3b50
0x00007fff54a8d118:   0000000186ef3b50 00007fa8788ca1d0
0x00007fff54a8d128:   00000001857c26a0 00000001857c2710
0x00007fff54a8d138:   00007fff79e7a550 00007fff79bb4c80
0x00007fff54a8d148:   00000001857c2450 00000001857c2690
0x00007fff54a8d158:   00007fa8788ca1d0 00007fa878964ac0
0x00007fff54a8d168:   00007fa878a29240 00007fa8788ca1d0
0x00007fff54a8d178:   00007fa878964ac0 00007fff54a8d228
0x00007fff54a8d188:   00007fa8738c21f8 0000000186ef3b50
0x00007fff54a8d198:   00007fff54a8d250 00007fff54a8d218
0x00007fff54a8d1a8:   000000010d39e954 0000000186ef3b50
0x00007fff54a8d1b8:   00007fff54a8d250 00007fff54a8d218
0x00007fff54a8d1c8:   000000010d39e6e7 000000010d39e6a2
0x00007fff54a8d1d8:   00007fff54a8d1d8 0000000186ef3b50
0x00007fff54a8d1e8:   00007fff54a8d250 0000000186ef6788
0x00007fff54a8d1f8:   0000000000000000 0000000186ef3b50
0x00007fff54a8d208:   0000000000000000 00007fff54a8d238
0x00007fff54a8d218:   00007fff54a8d298 000000010d390c4d
0x00007fff54a8d228:   0000000795e48a48 000000010d398578
0x00007fff54a8d238:   00007fa8788ca1d0 00007fff54a8d298
0x00007fff54a8d248:   00007fa878964ac0 000000010d399d82
0x00007fff54a8d258:   00007fff54a8d258 0000000186ef3d1a
0x00007fff54a8d268:   00007fff54a8d2c0 0000000186ef6788
0x00007fff54a8d278:   0000000000000000 0000000186ef3d28
0x00007fff54a8d288:   00007fff54a8d238 00007fff54a8d2a8
0x00007fff54a8d298:   00007fff54a8d308 000000010d390c4d
0x00007fff54a8d2a8:   00007fa8788ca1d0 0000000795e51718
0x00007fff54a8d2b8:   00007fa878964ac0 0000000795e51718
0x00007fff54a8d2c8:   00007fff54a8d2c8 000000018700a0ce
0x00007fff54a8d2d8:   00007fff54a8d318 000000018700a188 

Instructions: (pc=0x00007fff961440dd)
0x00007fff961440bd:   00 00 00 48 85 ff 2e 74 7a 40 f6 c7 01 2e 75 7e
0x00007fff961440cd:   49 bb f8 ff ff ff ff 7f 00 00 4c 23 1f 49 89 f2
0x00007fff961440dd:   45 23 53 18 49 c1 e2 04 4d 03 53 10 49 3b 32 75
0x00007fff961440ed:   04 41 ff 62 08 49 83 3a 00 74 6a 4d 3b 53 10 74 

Register to memory mapping:

RAX=0x00007fa8788ca1d0 is an unknown value
RBX=0x00000001857c2450: Java_jogamp_nativewindow_macosx_OSXUtil_GetScreenRefreshRate0+0x1cf0 in /private/var/folders/r6/l2m080b50z9_m80qr2rjxw9m0000gn/T/jogamp_0000/file_cache/jln1814183792841589657/jln2345624005430221524/libnativewindow_macosx.jnilib at 0x00000001857bb000
RCX=0x0000000185ce81a0 is an unknown value
RDX=0x0000000185ce8e40 is an unknown value
RSP=0x00007fff54a8d0e8 is pointing into the stack for thread: 0x00007fa8738c2000
RBP=0x00007fff54a8d1a0 is pointing into the stack for thread: 0x00007fa8738c2000
RSI=0x00007fff88dcc40f is an unknown value
RDI=0x00007fa878964ac0 is an unknown value
R8 =0x0000000000000000 is an unknown value
R9 =0x0000000000000f50 is an unknown value
R10=0x00007fff88dcc40f is an unknown value
R11=0x0000000000000000 is an unknown value
R12=0x0000000000000000 is an unknown value
R13={method} {0x0000000186ef3b50} 'UnsetJAWTRootSurfaceLayer0' '(JJ)V' in 'jogamp/nativewindow/jawt/macosx/MacOSXJAWTWindow'
R14=0x00000001857c2440: Java_jogamp_nativewindow_macosx_OSXUtil_GetScreenRefreshRate0+0x1ce0 in /private/var/folders/r6/l2m080b50z9_m80qr2rjxw9m0000gn/T/jogamp_0000/file_cache/jln1814183792841589657/jln2345624005430221524/libnativewindow_macosx.jnilib at 0x00000001857bb000
R15=0x00007fa8738c2000 is a thread


Stack: [0x00007fff54292000,0x00007fff54a92000],  sp=0x00007fff54a8d0e8,  free space=8172k
Native frames: (J=compiled Java code, j=interpreted, Vv=VM code, C=native code)
C  [libobjc.A.dylib+0x10dd]  objc_msgSend+0x1d
j  jogamp.nativewindow.jawt.macosx.MacOSXJAWTWindow.UnsetJAWTRootSurfaceLayer0(JJ)V+0
j  jogamp.nativewindow.jawt.macosx.MacOSXJAWTWindow.access$200(JJ)V+2
j  jogamp.nativewindow.jawt.macosx.MacOSXJAWTWindow$1.run()V+38
J 1435 C1 com.jogamp.common.util.RunnableTask.run()V (345 bytes) @ 0x000000010d87cb54 [0x000000010d87c9c0+0x194]
v  ~StubRoutines::call_stub
V  [libjvm.dylib+0x2eab0e]  JavaCalls::call_helper(JavaValue*, methodHandle*, JavaCallArguments*, Thread*)+0x6ae
V  [libjvm.dylib+0x321bb7]  jni_invoke_nonstatic(JNIEnv_*, JavaValue*, _jobject*, JNICallType, _jmethodID*, JNI_ArgumentPusher*, Thread*)+0x2ec
V  [libjvm.dylib+0x31438b]  jni_CallVoidMethod+0x16b
C  [libnativewindow_macosx.jnilib+0x5326]  Java_jogamp_nativewindow_jawt_macosx_MacOSXJAWTWindow_UnsetJAWTRootSurfaceLayer0+0x2b6
C  [Foundation+0x92dd0]  __NSThreadPerformPerform+0x125
C  [CoreFoundation+0x80a01]  __CFRUNLOOP_IS_CALLING_OUT_TO_A_SOURCE0_PERFORM_FUNCTION__+0x11
C  [CoreFoundation+0x72c5c]  __CFRunLoopDoSources0+0x1dc
C  [CoreFoundation+0x721bf]  __CFRunLoopRun+0x39f
C  [CoreFoundation+0x71bd8]  CFRunLoopRunSpecific+0x128
C  [HIToolbox+0x3256f]  RunCurrentEventLoopInMode+0xeb
C  [HIToolbox+0x321ee]  ReceiveNextEventCommon+0xb3
C  [HIToolbox+0x3212b]  _BlockUntilNextEventMatchingListInModeWithFilter+0x47
C  [AppKit+0x918ab]  _DPSNextEvent+0x3d2
C  [AppKit+0x90e58]  -[NSApplication nextEventMatchingMask:untilDate:inMode:dequeue:]+0x15a
C  [libosxapp.dylib+0x23aa]  -[NSApplicationAWT nextEventMatchingMask:untilDate:inMode:dequeue:]+0x7c
C  [AppKit+0x86af3]  -[NSApplication run]+0x252
C  [libosxapp.dylib+0x214d]  +[NSApplicationAWT runAWTLoopWithApp:]+0x9c
C  [libawt_lwawt.dylib+0x44517]  -[AWTStarter starter:]+0x389
C  [Foundation+0x92dd0]  __NSThreadPerformPerform+0x125
C  [CoreFoundation+0x80a01]  __CFRUNLOOP_IS_CALLING_OUT_TO_A_SOURCE0_PERFORM_FUNCTION__+0x11
C  [CoreFoundation+0x72b8d]  __CFRunLoopDoSources0+0x10d
C  [CoreFoundation+0x721bf]  __CFRunLoopRun+0x39f
C  [CoreFoundation+0x71bd8]  CFRunLoopRunSpecific+0x128
C  [java+0x6463]  CreateExecutionEnvironment+0x367
C  [java+0x21ac]  JLI_Launch+0x7a0
C  [java+0x84c0]  main+0x65
C  [java+0x1a04]  start+0x34
C  0x0000000000000007

Java frames: (J=compiled Java code, j=interpreted, Vv=VM code)
j  jogamp.nativewindow.jawt.macosx.MacOSXJAWTWindow.UnsetJAWTRootSurfaceLayer0(JJ)V+0
j  jogamp.nativewindow.jawt.macosx.MacOSXJAWTWindow.access$200(JJ)V+2
j  jogamp.nativewindow.jawt.macosx.MacOSXJAWTWindow$1.run()V+38
J 1435 C1 com.jogamp.common.util.RunnableTask.run()V (345 bytes) @ 0x000000010d87cb54 [0x000000010d87c9c0+0x194]
v  ~StubRoutines::call_stub

---------------  P R O C E S S  ---------------

Java Threads: ( => current thread )
  0x00007fa873b2c800 JavaThread "Thread-3" [_thread_blocked, id=25923, stack(0x000000018929e000,0x000000018939e000)]
  0x00007fa874356000 JavaThread "AWT-EventQueue-1" [_thread_in_native, id=61747, stack(0x0000000186329000,0x0000000186429000)]
  0x00007fa874801800 JavaThread "DestroyJavaVM" [_thread_blocked, id=4867, stack(0x000000010b285000,0x000000010b385000)]
  0x00007fa87394f800 JavaThread "AWT-EventQueue-0" [_thread_blocked, id=60171, stack(0x000000012d346000,0x000000012d446000)]
  0x00007fa873908800 JavaThread "Java2D Disposer" daemon [_thread_blocked, id=56075, stack(0x000000012bc71000,0x000000012bd71000)]
  0x00007fa8738e1000 JavaThread "Java2D Queue Flusher" daemon [_thread_blocked, id=54023, stack(0x000000012a82e000,0x000000012a92e000)]
  0x00007fa8748a7800 JavaThread "AWT-Shutdown" [_thread_blocked, id=31251, stack(0x0000000127dd1000,0x0000000127ed1000)]
=>0x00007fa8738c2000 JavaThread "AWT-AppKit" daemon [_thread_in_native, id=1811, stack(0x00007fff54292000,0x00007fff54a92000)]
  0x00007fa874856800 JavaThread "Service Thread" daemon [_thread_blocked, id=20739, stack(0x0000000126297000,0x0000000126397000)]
  0x00007fa874003800 JavaThread "C1 CompilerThread3" daemon [_thread_blocked, id=20227, stack(0x0000000126194000,0x0000000126294000)]
  0x00007fa874003000 JavaThread "C2 CompilerThread2" daemon [_thread_blocked, id=19715, stack(0x0000000126091000,0x0000000126191000)]
  0x00007fa874002000 JavaThread "C2 CompilerThread1" daemon [_thread_blocked, id=19203, stack(0x0000000125f8e000,0x000000012608e000)]
  0x00007fa874000800 JavaThread "C2 CompilerThread0" daemon [_thread_blocked, id=18691, stack(0x0000000125e8b000,0x0000000125f8b000)]
  0x00007fa874800000 JavaThread "Signal Dispatcher" daemon [_thread_blocked, id=15383, stack(0x0000000125d88000,0x0000000125e88000)]
  0x00007fa873806800 JavaThread "Finalizer" daemon [_thread_blocked, id=13571, stack(0x000000012436a000,0x000000012446a000)]
  0x00007fa87181a000 JavaThread "Reference Handler" daemon [_thread_blocked, id=13059, stack(0x0000000124267000,0x0000000124367000)]

Other Threads:
  0x00007fa871817000 VMThread [stack: 0x0000000124164000,0x0000000124264000] [id=12547]
  0x00007fa874825800 WatcherThread [stack: 0x000000012639a000,0x000000012649a000] [id=21251]

VM state:not at safepoint (normal execution)

VM Mutex/Monitor currently owned by a thread: None

Heap:
 PSYoungGen      total 38400K, used 20530K [0x0000000795580000, 0x0000000798000000, 0x00000007c0000000)
  eden space 33280K, 46% used [0x0000000795580000,0x00000007964a5da0,0x0000000797600000)
  from space 5120K, 98% used [0x0000000797600000,0x0000000797ae6c18,0x0000000797b00000)
  to   space 5120K, 0% used [0x0000000797b00000,0x0000000797b00000,0x0000000798000000)
 ParOldGen       total 87552K, used 16K [0x0000000740000000, 0x0000000745580000, 0x0000000795580000)
  object space 87552K, 0% used [0x0000000740000000,0x0000000740004000,0x0000000745580000)
 Metaspace       used 17798K, capacity 18093K, committed 18304K, reserved 1064960K
  class space    used 1754K, capacity 1825K, committed 1920K, reserved 1048576K

Card table byte_map: [0x000000011c749000,0x000000011cb4a000] byte_map_base: 0x0000000118d49000

Marking Bits: (ParMarkBitMap*) 0x000000010ccdee20
 Begin Bits: [0x000000011d60d000, 0x000000011f60d000)
 End Bits:   [0x000000011f60d000, 0x000000012160d000)

Polling page: 0x000000010b3ca000

CodeCache: size=245760Kb used=5355Kb max_used=5362Kb free=240404Kb
 bounds [0x000000010d389000, 0x000000010d8c9000, 0x000000011c389000]
 total_blobs=2358 nmethods=1507 adapters=765
 compilation: enabled

Compilation events (10 events):
Event: 9.524 Thread 0x00007fa874002000 nmethod 1503 0x000000010d8c0850 code [0x000000010d8c09a0, 0x000000010d8c0a38]
Event: 9.524 Thread 0x00007fa874000800 nmethod 1502 0x000000010d8c04d0 code [0x000000010d8c0620, 0x000000010d8c0718]
Event: 9.856 Thread 0x00007fa874003000 1504       4       java.security.AccessControlContext::combine (205 bytes)
Event: 9.863 Thread 0x00007fa874003000 nmethod 1504 0x000000010d8c31d0 code [0x000000010d8c3340, 0x000000010d8c3958]
Event: 9.892 Thread 0x00007fa874003800 1505   !   3       sun.lwawt.LWComponentPeer::isShowing (49 bytes)
Event: 9.892 Thread 0x00007fa874003800 nmethod 1505 0x000000010d8c1250 code [0x000000010d8c1400, 0x000000010d8c1ce8]
Event: 9.892 Thread 0x00007fa874003800 1506       1       sun.java2d.SurfaceData::isValid (5 bytes)
Event: 9.892 Thread 0x00007fa874003800 nmethod 1506 0x000000010d8c2f10 code [0x000000010d8c3060, 0x000000010d8c3170]
Event: 9.932 Thread 0x00007fa874003800 1507       3       sun.font.FontDesignMetrics::getLatinCharWidth (29 bytes)
Event: 9.933 Thread 0x00007fa874003800 nmethod 1507 0x000000010d8c0b90 code [0x000000010d8c0d40, 0x000000010d8c1088]

GC Heap History (2 events):
Event: 1.769 GC heap before
{Heap before GC invocations=1 (full 0):
 PSYoungGen      total 38400K, used 33280K [0x0000000795580000, 0x0000000798000000, 0x00000007c0000000)
  eden space 33280K, 100% used [0x0000000795580000,0x0000000797600000,0x0000000797600000)
  from space 5120K, 0% used [0x0000000797b00000,0x0000000797b00000,0x0000000798000000)
  to   space 5120K, 0% used [0x0000000797600000,0x0000000797600000,0x0000000797b00000)
 ParOldGen       total 87552K, used 0K [0x0000000740000000, 0x0000000745580000, 0x0000000795580000)
  object space 87552K, 0% used [0x0000000740000000,0x0000000740000000,0x0000000745580000)
 Metaspace       used 15842K, capacity 16065K, committed 16256K, reserved 1064960K
  class space    used 1594K, capacity 1663K, committed 1664K, reserved 1048576K
Event: 1.774 GC heap after
Heap after GC invocations=1 (full 0):
 PSYoungGen      total 38400K, used 5019K [0x0000000795580000, 0x0000000798000000, 0x00000007c0000000)
  eden space 33280K, 0% used [0x0000000795580000,0x0000000795580000,0x0000000797600000)
  from space 5120K, 98% used [0x0000000797600000,0x0000000797ae6c18,0x0000000797b00000)
  to   space 5120K, 0% used [0x0000000797b00000,0x0000000797b00000,0x0000000798000000)
 ParOldGen       total 87552K, used 16K [0x0000000740000000, 0x0000000745580000, 0x0000000795580000)
  object space 87552K, 0% used [0x0000000740000000,0x0000000740004000,0x0000000745580000)
 Metaspace       used 15842K, capacity 16065K, committed 16256K, reserved 1064960K
  class space    used 1594K, capacity 1663K, committed 1664K, reserved 1048576K
}

Deoptimization events (4 events):
Event: 1.375 Thread 0x00007fa874354800 Uncommon trap: reason=unstable_if action=reinterpret pc=0x000000010d55c600 method=java.lang.String.toLowerCase(Ljava/util/Locale;)Ljava/lang/String; @ 85
Event: 1.559 Thread 0x00007fa87437c000 Uncommon trap: reason=unstable_if action=reinterpret pc=0x000000010d60cb14 method=java.lang.String.indexOf([CII[CIII)I @ 3
Event: 1.559 Thread 0x00007fa87437c000 Uncommon trap: reason=unstable_if action=reinterpret pc=0x000000010d548798 method=java.lang.String.indexOf([CII[CIII)I @ 3
Event: 9.891 Thread 0x00007fa8748c9800 Uncommon trap: reason=unstable_if action=reinterpret pc=0x000000010d8c3868 method=java.security.AccessControlContext.combine([Ljava/security/ProtectionDomain;[Ljava/security/ProtectionDomain;)[Ljava/security/ProtectionDomain; @ 151

Internal exceptions (10 events):
Event: 0.077 Thread 0x00007fa874801800 Exception <a 'java/security/PrivilegedActionException'> (0x00000007956022b8) thrown at [/Users/java_re/workspace/8-2-build-macosx-x86_64/jdk8u60/4407/hotspot/src/share/vm/prims/jvm.cpp, line 1386]
Event: 0.078 Thread 0x00007fa874801800 Exception <a 'java/security/PrivilegedActionException'> (0x0000000795605558) thrown at [/Users/java_re/workspace/8-2-build-macosx-x86_64/jdk8u60/4407/hotspot/src/share/vm/prims/jvm.cpp, line 1386]
Event: 0.078 Thread 0x00007fa874801800 Exception <a 'java/security/PrivilegedActionException'> (0x0000000795605768) thrown at [/Users/java_re/workspace/8-2-build-macosx-x86_64/jdk8u60/4407/hotspot/src/share/vm/prims/jvm.cpp, line 1386]
Event: 0.121 Thread 0x00007fa874801800 Exception <a 'java/lang/NoSuchFieldError': method resolution failed> (0x0000000795832970) thrown at [/Users/java_re/workspace/8-2-build-macosx-x86_64/jdk8u60/4407/hotspot/src/share/vm/prims/methodHandles.cpp, line 1146]
Event: 0.123 Thread 0x00007fa874801800 Exception <a 'java/lang/NoSuchFieldError': method resolution failed> (0x0000000795840140) thrown at [/Users/java_re/workspace/8-2-build-macosx-x86_64/jdk8u60/4407/hotspot/src/share/vm/prims/methodHandles.cpp, line 1146]
Event: 0.224 Thread 0x00007fa874801800 Exception <a 'java/io/FileNotFoundException'> (0x00000007958bbf50) thrown at [/Users/java_re/workspace/8-2-build-macosx-x86_64/jdk8u60/4407/hotspot/src/share/vm/prims/jni.cpp, line 709]
Event: 0.224 Thread 0x00007fa874801800 Exception <a 'java/io/FileNotFoundException'> (0x00000007958bcad8) thrown at [/Users/java_re/workspace/8-2-build-macosx-x86_64/jdk8u60/4407/hotspot/src/share/vm/prims/jni.cpp, line 709]
Event: 0.315 Thread 0x00007fa874801800 Exception <a 'java/io/FileNotFoundException'> (0x0000000795ab5b30) thrown at [/Users/java_re/workspace/8-2-build-macosx-x86_64/jdk8u60/4407/hotspot/src/share/vm/prims/jni.cpp, line 709]
Event: 1.576 Thread 0x00007fa87437c000 Exception <a 'java/lang/UnsatisfiedLinkError': com.jogamp.common.util.JarUtil.fixNativeLibAttribs(Ljava/lang/String;)Z> (0x0000000796c6e348) thrown at [/Users/java_re/workspace/8-2-build-macosx-x86_64/jdk8u60/4407/hotspot/src/share/vm/prims/nativeLookup.c
Event: 1.775 Thread 0x00007fa873806800 Exception <a 'java/lang/NullPointerException'> (0x00000007956a35c0) thrown at [/Users/java_re/workspace/8-2-build-macosx-x86_64/jdk8u60/4407/hotspot/src/share/vm/interpreter/linkResolver.cpp, line 1178]

Events (10 events):
Event: 9.931 loading class jogamp/nativewindow/jawt/macosx/MacOSXJAWTWindow$1 done
Event: 9.932 loading class java/awt/LightweightDispatcher$2
Event: 9.932 loading class java/awt/LightweightDispatcher$2 done
Event: 9.932 loading class java/awt/event/AWTEventListenerProxy
Event: 9.932 loading class java/awt/event/AWTEventListenerProxy done
Event: 9.932 loading class java/awt/Toolkit$ToolkitEventMulticaster
Event: 9.932 loading class java/awt/Toolkit$ToolkitEventMulticaster done
Event: 9.932 Thread 0x00007fa8748c9800 Thread exited: 0x00007fa8748c9800
Event: 9.932 loading class java/awt/Window$1DisposeAction
Event: 9.932 loading class java/awt/Window$1DisposeAction done


Dynamic libraries:
0x00000000087b7000 	/System/Library/Frameworks/Cocoa.framework/Versions/A/Cocoa
0x00000000087b7000 	/System/Library/Frameworks/Security.framework/Versions/A/Security
0x00000000087b7000 	/System/Library/Frameworks/ApplicationServices.framework/Versions/A/ApplicationServices
0x00000000087b7000 	/usr/lib/libz.1.dylib
0x00000000087b7000 	/usr/lib/libSystem.B.dylib
0x00000000087b7000 	/usr/lib/libobjc.A.dylib
0x00000000087b7000 	/System/Library/Frameworks/CoreFoundation.framework/Versions/A/CoreFoundation
0x00000000087b7000 	/System/Library/Frameworks/Foundation.framework/Versions/C/Foundation
0x00000000087b7000 	/System/Library/Frameworks/AppKit.framework/Versions/C/AppKit
0x00000000087b7000 	/System/Library/Frameworks/CoreData.framework/Versions/A/CoreData
0x00000000087b7000 	/System/Library/PrivateFrameworks/RemoteViewServices.framework/Versions/A/RemoteViewServices
0x00000000087b7000 	/System/Library/PrivateFrameworks/UIFoundation.framework/Versions/A/UIFoundation
0x00000000087b7000 	/System/Library/Frameworks/IOSurface.framework/Versions/A/IOSurface
0x00000000087b7000 	/System/Library/Frameworks/AudioToolbox.framework/Versions/A/AudioToolbox
0x00000000087b7000 	/System/Library/Frameworks/AudioUnit.framework/Versions/A/AudioUnit
0x00000000087b7000 	/System/Library/PrivateFrameworks/DataDetectorsCore.framework/Versions/A/DataDetectorsCore
0x00000000087b7000 	/System/Library/PrivateFrameworks/DesktopServicesPriv.framework/Versions/A/DesktopServicesPriv
0x00000000087b7000 	/System/Library/Frameworks/Carbon.framework/Versions/A/Frameworks/HIToolbox.framework/Versions/A/HIToolbox
0x00000000087b7000 	/System/Library/Frameworks/QuartzCore.framework/Versions/A/QuartzCore
0x00000000087b7000 	/System/Library/Frameworks/Carbon.framework/Versions/A/Frameworks/SpeechRecognition.framework/Versions/A/SpeechRecognition
0x00000000087b7000 	/usr/lib/libauto.dylib
0x00000000087b7000 	/usr/lib/libicucore.A.dylib
0x00000000087b7000 	/usr/lib/libxml2.2.dylib
0x00000000087b7000 	/System/Library/PrivateFrameworks/CoreUI.framework/Versions/A/CoreUI
0x00000000087b7000 	/System/Library/Frameworks/CoreAudio.framework/Versions/A/CoreAudio
0x00000000087b7000 	/System/Library/Frameworks/DiskArbitration.framework/Versions/A/DiskArbitration
0x00000000087b7000 	/usr/lib/liblangid.dylib
0x00000000087b7000 	/System/Library/PrivateFrameworks/MultitouchSupport.framework/Versions/A/MultitouchSupport
0x00000000087b7000 	/System/Library/Frameworks/IOKit.framework/Versions/A/IOKit
0x00000000087b7000 	/usr/lib/libDiagnosticMessagesClient.dylib
0x00000000087b7000 	/System/Library/Frameworks/CoreServices.framework/Versions/A/CoreServices
0x00000000087b7000 	/System/Library/PrivateFrameworks/PerformanceAnalysis.framework/Versions/A/PerformanceAnalysis
0x00000000087b7000 	/System/Library/PrivateFrameworks/GenerationalStorage.framework/Versions/A/GenerationalStorage
0x00000000087b7000 	/System/Library/Frameworks/OpenGL.framework/Versions/A/OpenGL
0x00000000087b7000 	/System/Library/PrivateFrameworks/Sharing.framework/Versions/A/Sharing
0x00000000087b7000 	/System/Library/Frameworks/CoreGraphics.framework/Versions/A/CoreGraphics
0x00000000087b7000 	/System/Library/Frameworks/CoreText.framework/Versions/A/CoreText
0x00000000087b7000 	/System/Library/Frameworks/ImageIO.framework/Versions/A/ImageIO
0x00000000087b7000 	/usr/lib/libextension.dylib
0x00000000087b7000 	/System/Library/PrivateFrameworks/Backup.framework/Versions/A/Backup
0x00000000087b7000 	/usr/lib/libarchive.2.dylib
0x00000000087b7000 	/System/Library/Frameworks/CFNetwork.framework/Versions/A/CFNetwork
0x00000000087b7000 	/System/Library/Frameworks/SystemConfiguration.framework/Versions/A/SystemConfiguration
0x00000000087b7000 	/usr/lib/libCRFSuite.dylib
0x00000000087b7000 	/usr/lib/libc++.1.dylib
0x00000000087b7000 	/usr/lib/libc++abi.dylib
0x00000000087b7000 	/usr/lib/system/libcache.dylib
0x00000000087b7000 	/usr/lib/system/libcommonCrypto.dylib
0x00000000087b7000 	/usr/lib/system/libcompiler_rt.dylib
0x00000000087b7000 	/usr/lib/system/libcopyfile.dylib
0x00000000087b7000 	/usr/lib/system/libcorecrypto.dylib
0x00000000087b7000 	/usr/lib/system/libdispatch.dylib
0x00000000087b7000 	/usr/lib/system/libdyld.dylib
0x00000000087b7000 	/usr/lib/system/libkeymgr.dylib
0x00000000087b7000 	/usr/lib/system/liblaunch.dylib
0x00000000087b7000 	/usr/lib/system/libmacho.dylib
0x00000000087b7000 	/usr/lib/system/libquarantine.dylib
0x00000000087b7000 	/usr/lib/system/libremovefile.dylib
0x00000000087b7000 	/usr/lib/system/libsystem_asl.dylib
0x00000000087b7000 	/usr/lib/system/libsystem_blocks.dylib
0x00000000087b7000 	/usr/lib/system/libsystem_c.dylib
0x00000000087b7000 	/usr/lib/system/libsystem_configuration.dylib
0x00000000087b7000 	/usr/lib/system/libsystem_coreservices.dylib
0x00000000087b7000 	/usr/lib/system/libsystem_coretls.dylib
0x00000000087b7000 	/usr/lib/system/libsystem_dnssd.dylib
0x00000000087b7000 	/usr/lib/system/libsystem_info.dylib
0x00000000087b7000 	/usr/lib/system/libsystem_kernel.dylib
0x00000000087b7000 	/usr/lib/system/libsystem_m.dylib
0x00000000087b7000 	/usr/lib/system/libsystem_malloc.dylib
0x00000000087b7000 	/usr/lib/system/libsystem_network.dylib
0x00000000087b7000 	/usr/lib/system/libsystem_networkextension.dylib
0x00000000087b7000 	/usr/lib/system/libsystem_notify.dylib
0x00000000087b7000 	/usr/lib/system/libsystem_platform.dylib
0x00000000087b7000 	/usr/lib/system/libsystem_pthread.dylib
0x00000000087b7000 	/usr/lib/system/libsystem_sandbox.dylib
0x00000000087b7000 	/usr/lib/system/libsystem_secinit.dylib
0x00000000087b7000 	/usr/lib/system/libsystem_stats.dylib
0x00000000087b7000 	/usr/lib/system/libsystem_trace.dylib
0x00000000087b7000 	/usr/lib/system/libunc.dylib
0x00000000087b7000 	/usr/lib/system/libunwind.dylib
0x00000000087b7000 	/usr/lib/system/libxpc.dylib
0x00000000087b7000 	/usr/lib/libbz2.1.0.dylib
0x00000000087b7000 	/usr/lib/liblzma.5.dylib
0x00000000087b7000 	/usr/lib/libbsm.0.dylib
0x00000000087b7000 	/usr/lib/libsqlite3.dylib
0x00000000087b7000 	/usr/lib/system/libkxld.dylib
0x00000000087b7000 	/usr/lib/libxar.1.dylib
0x00000000087b7000 	/usr/lib/libpam.2.dylib
0x00000000087b7000 	/usr/lib/libOpenScriptingUtil.dylib
0x00000000087b7000 	/System/Library/Frameworks/CoreServices.framework/Versions/A/Frameworks/FSEvents.framework/Versions/A/FSEvents
0x00000000087b7000 	/System/Library/Frameworks/CoreServices.framework/Versions/A/Frameworks/CarbonCore.framework/Versions/A/CarbonCore
0x00000000087b7000 	/System/Library/Frameworks/CoreServices.framework/Versions/A/Frameworks/Metadata.framework/Versions/A/Metadata
0x00000000087b7000 	/System/Library/Frameworks/CoreServices.framework/Versions/A/Frameworks/OSServices.framework/Versions/A/OSServices
0x00000000087b7000 	/System/Library/Frameworks/CoreServices.framework/Versions/A/Frameworks/SearchKit.framework/Versions/A/SearchKit
0x00000000087b7000 	/System/Library/Frameworks/CoreServices.framework/Versions/A/Frameworks/AE.framework/Versions/A/AE
0x00000000087b7000 	/System/Library/Frameworks/CoreServices.framework/Versions/A/Frameworks/LaunchServices.framework/Versions/A/LaunchServices
0x00000000087b7000 	/System/Library/Frameworks/CoreServices.framework/Versions/A/Frameworks/DictionaryServices.framework/Versions/A/DictionaryServices
0x00000000087b7000 	/System/Library/Frameworks/NetFS.framework/Versions/A/NetFS
0x00000000087b7000 	/System/Library/PrivateFrameworks/NetAuth.framework/Versions/A/NetAuth
0x00000000087b7000 	/System/Library/PrivateFrameworks/login.framework/Versions/A/Frameworks/loginsupport.framework/Versions/A/loginsupport
0x00000000087b7000 	/System/Library/PrivateFrameworks/TCC.framework/Versions/A/TCC
0x00000000087b7000 	/usr/lib/libmecabra.dylib
0x00000000087b7000 	/System/Library/Frameworks/ApplicationServices.framework/Versions/A/Frameworks/ATS.framework/Versions/A/ATS
0x00000000087b7000 	/System/Library/Frameworks/ApplicationServices.framework/Versions/A/Frameworks/ColorSync.framework/Versions/A/ColorSync
0x00000000087b7000 	/System/Library/Frameworks/ApplicationServices.framework/Versions/A/Frameworks/HIServices.framework/Versions/A/HIServices
0x00000000087b7000 	/System/Library/Frameworks/ApplicationServices.framework/Versions/A/Frameworks/LangAnalysis.framework/Versions/A/LangAnalysis
0x00000000087b7000 	/System/Library/Frameworks/ApplicationServices.framework/Versions/A/Frameworks/PrintCore.framework/Versions/A/PrintCore
0x00000000087b7000 	/System/Library/Frameworks/ApplicationServices.framework/Versions/A/Frameworks/QD.framework/Versions/A/QD
0x00000000087b7000 	/System/Library/Frameworks/ApplicationServices.framework/Versions/A/Frameworks/SpeechSynthesis.framework/Versions/A/SpeechSynthesis
0x00000000087b7000 	/System/Library/Frameworks/Accelerate.framework/Versions/A/Accelerate
0x00000000087b7000 	/System/Library/Frameworks/Accelerate.framework/Versions/A/Frameworks/vImage.framework/Versions/A/vImage
0x00000000087b7000 	/System/Library/Frameworks/Accelerate.framework/Versions/A/Frameworks/vecLib.framework/Versions/A/vecLib
0x00000000087b7000 	/System/Library/Frameworks/Accelerate.framework/Versions/A/Frameworks/vecLib.framework/Versions/A/libvDSP.dylib
0x00000000087b7000 	/System/Library/Frameworks/Accelerate.framework/Versions/A/Frameworks/vecLib.framework/Versions/A/libvMisc.dylib
0x00000000087b7000 	/System/Library/Frameworks/Accelerate.framework/Versions/A/Frameworks/vecLib.framework/Versions/A/libLAPACK.dylib
0x00000000087b7000 	/System/Library/Frameworks/Accelerate.framework/Versions/A/Frameworks/vecLib.framework/Versions/A/libBLAS.dylib
0x00000000087b7000 	/System/Library/Frameworks/Accelerate.framework/Versions/A/Frameworks/vecLib.framework/Versions/A/libLinearAlgebra.dylib
0x00000000087b7000 	/System/Library/Frameworks/ApplicationServices.framework/Versions/A/Frameworks/ATS.framework/Versions/A/Resources/libFontParser.dylib
0x00000000087b7000 	/System/Library/Frameworks/ApplicationServices.framework/Versions/A/Frameworks/ATS.framework/Versions/A/Resources/libFontRegistry.dylib
0x00000000087b7000 	/System/Library/PrivateFrameworks/AppleVPA.framework/Versions/A/AppleVPA
0x00000000087b7000 	/System/Library/PrivateFrameworks/AppleJPEG.framework/Versions/A/AppleJPEG
0x00000000087b7000 	/System/Library/Frameworks/ImageIO.framework/Versions/A/Resources/libJPEG.dylib
0x00000000087b7000 	/System/Library/Frameworks/ImageIO.framework/Versions/A/Resources/libTIFF.dylib
0x00000000087b7000 	/System/Library/Frameworks/ImageIO.framework/Versions/A/Resources/libPng.dylib
0x00000000087b7000 	/System/Library/Frameworks/ImageIO.framework/Versions/A/Resources/libGIF.dylib
0x00000000087b7000 	/System/Library/Frameworks/ImageIO.framework/Versions/A/Resources/libJP2.dylib
0x00000000087b7000 	/System/Library/Frameworks/ImageIO.framework/Versions/A/Resources/libRadiance.dylib
0x00000000087b7000 	/System/Library/Frameworks/CoreVideo.framework/Versions/A/CoreVideo
0x00000000087b7000 	/System/Library/Frameworks/OpenGL.framework/Versions/A/Libraries/libGLU.dylib
0x00000000087b7000 	/System/Library/Frameworks/OpenGL.framework/Versions/A/Libraries/libGFXShared.dylib
0x00000000087b7000 	/System/Library/Frameworks/OpenGL.framework/Versions/A/Libraries/libGL.dylib
0x00000000087b7000 	/System/Library/Frameworks/OpenGL.framework/Versions/A/Libraries/libGLImage.dylib
0x00000000087b7000 	/System/Library/Frameworks/OpenGL.framework/Versions/A/Libraries/libCVMSPluginSupport.dylib
0x00000000087b7000 	/System/Library/Frameworks/OpenGL.framework/Versions/A/Libraries/libCoreVMClient.dylib
0x00000000087b7000 	/usr/lib/libcups.2.dylib
0x00000000087b7000 	/System/Library/Frameworks/Kerberos.framework/Versions/A/Kerberos
0x00000000087b7000 	/System/Library/Frameworks/GSS.framework/Versions/A/GSS
0x00000000087b7000 	/usr/lib/libresolv.9.dylib
0x00000000087b7000 	/usr/lib/libiconv.2.dylib
0x00000000087b7000 	/System/Library/PrivateFrameworks/Heimdal.framework/Versions/A/Heimdal
0x00000000087b7000 	/usr/lib/libheimdal-asn1.dylib
0x00000000087b7000 	/System/Library/Frameworks/OpenDirectory.framework/Versions/A/OpenDirectory
0x00000000087b7000 	/System/Library/PrivateFrameworks/CommonAuth.framework/Versions/A/CommonAuth
0x00000000087b7000 	/System/Library/Frameworks/OpenDirectory.framework/Versions/A/Frameworks/CFOpenDirectory.framework/Versions/A/CFOpenDirectory
0x00000000087b7000 	/System/Library/Frameworks/SecurityFoundation.framework/Versions/A/SecurityFoundation
0x00000000087b7000 	/System/Library/PrivateFrameworks/LanguageModeling.framework/Versions/A/LanguageModeling
0x00000000087b7000 	/usr/lib/libcmph.dylib
0x00000000087b7000 	/System/Library/Frameworks/ServiceManagement.framework/Versions/A/ServiceManagement
0x00000000087b7000 	/usr/lib/libxslt.1.dylib
0x00000000087b7000 	/System/Library/Frameworks/Carbon.framework/Versions/A/Frameworks/Ink.framework/Versions/A/Ink
0x00000000087b7000 	/System/Library/Frameworks/QuartzCore.framework/Versions/A/Frameworks/CoreImage.framework/Versions/A/CoreImage
0x00000000087b7000 	/System/Library/PrivateFrameworks/CrashReporterSupport.framework/Versions/A/CrashReporterSupport
0x00000000087b7000 	/System/Library/Frameworks/OpenCL.framework/Versions/A/OpenCL
0x00000000087b7000 	/System/Library/PrivateFrameworks/FaceCore.framework/Versions/A/FaceCore
0x00000000087b7000 	/System/Library/PrivateFrameworks/Ubiquity.framework/Versions/A/Ubiquity
0x00000000087b7000 	/System/Library/PrivateFrameworks/IconServices.framework/Versions/A/IconServices
0x00000000087b7000 	/System/Library/PrivateFrameworks/ChunkingLibrary.framework/Versions/A/ChunkingLibrary
0x00000000087b7000 	/System/Library/PrivateFrameworks/Apple80211.framework/Versions/A/Apple80211
0x00000000087b7000 	/System/Library/Frameworks/CoreWLAN.framework/Versions/A/CoreWLAN
0x00000000087b7000 	/System/Library/Frameworks/IOBluetooth.framework/Versions/A/IOBluetooth
0x00000000087b7000 	/System/Library/PrivateFrameworks/CoreWiFi.framework/Versions/A/CoreWiFi
0x00000000087b7000 	/System/Library/Frameworks/CoreBluetooth.framework/Versions/A/CoreBluetooth
0x00000000087b7000 	/System/Library/PrivateFrameworks/DebugSymbols.framework/Versions/A/DebugSymbols
0x00000000087b7000 	/System/Library/PrivateFrameworks/CoreSymbolication.framework/Versions/A/CoreSymbolication
0x00000000087b7000 	/System/Library/PrivateFrameworks/Symbolication.framework/Versions/A/Symbolication
0x00000000087b7000 	/System/Library/PrivateFrameworks/SpeechRecognitionCore.framework/Versions/A/SpeechRecognitionCore
0x000000010c400000 	/Library/Java/JavaVirtualMachines/jdk1.8.0_60.jdk/Contents/Home/jre/lib/server/libjvm.dylib
0x00000000087b7000 	/usr/lib/libstdc++.6.dylib
0x000000010b387000 	/Library/Java/JavaVirtualMachines/jdk1.8.0_60.jdk/Contents/Home/jre/lib/libverify.dylib
0x000000010b395000 	/Library/Java/JavaVirtualMachines/jdk1.8.0_60.jdk/Contents/Home/jre/lib/libjava.dylib
0x000000010b3d4000 	/Library/Java/JavaVirtualMachines/jdk1.8.0_60.jdk/Contents/Home/jre/lib/libzip.dylib
0x000000012446c000 	/System/Library/Frameworks/JavaVM.framework/Frameworks/JavaRuntimeSupport.framework/JavaRuntimeSupport
0x0000000124482000 	/System/Library/Frameworks/JavaVM.framework/Versions/A/Frameworks/JavaNativeFoundation.framework/Versions/A/JavaNativeFoundation
0x0000000124496000 	/System/Library/Frameworks/JavaVM.framework/Versions/A/JavaVM
0x00000000087b7000 	/System/Library/Frameworks/Carbon.framework/Versions/A/Carbon
0x00000001244a2000 	/System/Library/PrivateFrameworks/JavaLaunching.framework/Versions/A/JavaLaunching
0x00000000087b7000 	/System/Library/Frameworks/Carbon.framework/Versions/A/Frameworks/CommonPanels.framework/Versions/A/CommonPanels
0x00000000087b7000 	/System/Library/Frameworks/Carbon.framework/Versions/A/Frameworks/Help.framework/Versions/A/Help
0x00000000087b7000 	/System/Library/Frameworks/Carbon.framework/Versions/A/Frameworks/ImageCapture.framework/Versions/A/ImageCapture
0x00000000087b7000 	/System/Library/Frameworks/Carbon.framework/Versions/A/Frameworks/OpenScripting.framework/Versions/A/OpenScripting
0x00000000087b7000 	/System/Library/Frameworks/Carbon.framework/Versions/A/Frameworks/Print.framework/Versions/A/Print
0x00000000087b7000 	/System/Library/Frameworks/Carbon.framework/Versions/A/Frameworks/SecurityHI.framework/Versions/A/SecurityHI
0x000000012649e000 	/Library/Java/JavaVirtualMachines/jdk1.8.0_60.jdk/Contents/Home/jre/lib/libawt.dylib
0x0000000126546000 	/Library/Java/JavaVirtualMachines/jdk1.8.0_60.jdk/Contents/Home/jre/lib/./libmlib_image.dylib
0x0000000126612000 	/Library/Java/JavaVirtualMachines/jdk1.8.0_60.jdk/Contents/Home/jre/lib/libawt_lwawt.dylib
0x00000001266c7000 	/Library/Java/JavaVirtualMachines/jdk1.8.0_60.jdk/Contents/Home/jre/lib/./libosxapp.dylib
0x00000000087b7000 	/System/Library/Frameworks/ExceptionHandling.framework/Versions/A/ExceptionHandling
0x00000000087b7000 	/System/Library/PrivateFrameworks/CoreServicesInternal.framework/Versions/A/CoreServicesInternal
0x00000000087b7000 	/System/Library/PrivateFrameworks/CloudDocs.framework/Versions/A/CloudDocs
0x00000000087b7000 	/System/Library/PrivateFrameworks/CoreDuet.framework/Versions/A/CoreDuet
0x00000000087b7000 	/System/Library/Frameworks/CloudKit.framework/Versions/A/CloudKit
0x00000000087b7000 	/System/Library/PrivateFrameworks/ProtocolBuffer.framework/Versions/A/ProtocolBuffer
0x00000000087b7000 	/System/Library/PrivateFrameworks/CoreDuetDaemonProtocol.framework/Versions/A/CoreDuetDaemonProtocol
0x00000000087b7000 	/System/Library/PrivateFrameworks/CoreDuetDebugLogging.framework/Versions/A/CoreDuetDebugLogging
0x00000000087b7000 	/System/Library/PrivateFrameworks/MMCS.framework/Versions/A/MMCS
0x00000000087b7000 	/System/Library/Frameworks/CoreLocation.framework/Versions/A/CoreLocation
0x00000000087b7000 	/System/Library/PrivateFrameworks/ProtectedCloudStorage.framework/Versions/A/ProtectedCloudStorage
0x00000000087b7000 	/System/Library/PrivateFrameworks/GeoServices.framework/Versions/A/GeoServices
0x00000000087b7000 	/System/Library/Frameworks/CoreGraphics.framework/Versions/A/Resources/libCGCMS.A.dylib
0x00000000087b7000 	/System/Library/Frameworks/CoreGraphics.framework/Versions/A/Resources/libRIP.A.dylib
0x00000000087b7000 	/System/Library/Frameworks/CoreGraphics.framework/Versions/A/Resources/libCGXType.A.dylib
0x00000000087b7000 	/System/Library/Frameworks/OpenCL.framework/Versions/A/Libraries/libcldcpuengine.dylib
0x00000000087b7000 	/System/Library/PrivateFrameworks/DiskImages.framework/Versions/A/DiskImages
0x00000000087b7000 	/System/Library/Frameworks/DiscRecording.framework/Versions/A/DiscRecording
0x00000000087b7000 	/usr/lib/libcsfde.dylib
0x00000000087b7000 	/usr/lib/libcurl.4.dylib
0x00000000087b7000 	/System/Library/PrivateFrameworks/MediaKit.framework/Versions/A/MediaKit
0x00000000087b7000 	/usr/lib/libCoreStorage.dylib
0x00000000087b7000 	/System/Library/PrivateFrameworks/EFILogin.framework/Versions/A/EFILogin
0x00000000087b7000 	/usr/lib/libutil.dylib
0x00000000087b7000 	/System/Library/PrivateFrameworks/FindMyDevice.framework/Versions/A/FindMyDevice
0x00000000087b7000 	/System/Library/Frameworks/LDAP.framework/Versions/A/LDAP
0x00000000087b7000 	/usr/lib/libsasl2.2.dylib
0x00000000087b7000 	/System/Library/PrivateFrameworks/CoreDaemon.framework/Versions/B/CoreDaemon
0x00000000087b7000 	/usr/lib/libcrypto.0.9.8.dylib
0x00000000087b7000 	/System/Library/PrivateFrameworks/AppleSRP.framework/Versions/A/AppleSRP
0x00000000087b7000 	/System/Library/PrivateFrameworks/TrustEvaluationAgent.framework/Versions/A/TrustEvaluationAgent
0x0000000129545000 	cl_kernels
0x0000000129547000 	/System/Library/Frameworks/OpenCL.framework/Versions/A/Libraries/ImageFormats/unorm8_bgra.dylib
0x0000000129536000 	cl_kernels
0x00000000087b7000 	/System/Library/PrivateFrameworks/FamilyControls.framework/Versions/A/FamilyControls
0x00000000087b7000 	/System/Library/PrivateFrameworks/CommerceKit.framework/Versions/A/Frameworks/CommerceCore.framework/Versions/A/CommerceCore
0x00000000087b7000 	/System/Library/PrivateFrameworks/SystemAdministration.framework/Versions/A/SystemAdministration
0x00000000087b7000 	/System/Library/PrivateFrameworks/AppContainer.framework/Versions/A/AppContainer
0x00000000087b7000 	/System/Library/PrivateFrameworks/SecCodeWrapper.framework/Versions/A/SecCodeWrapper
0x00000000087b7000 	/System/Library/Frameworks/DirectoryService.framework/Versions/A/DirectoryService
0x00000000087b7000 	/System/Library/PrivateFrameworks/LoginUIKit.framework/Versions/A/Frameworks/LoginUICore.framework/Versions/A/LoginUICore
0x00000000087b7000 	/usr/lib/libodfde.dylib
0x00000000087b7000 	/System/Library/Frameworks/OpenGL.framework/Versions/A/Resources/GLEngine.bundle/GLEngine
0x00000000087b7000 	/System/Library/Frameworks/OpenGL.framework/Versions/A/Libraries/libGLProgrammability.dylib
0x000000012a930000 	/System/Library/Extensions/AppleIntelHD4000GraphicsGLDriver.bundle/Contents/MacOS/AppleIntelHD4000GraphicsGLDriver
0x00000000087b7000 	/System/Library/PrivateFrameworks/IOAccelerator.framework/Versions/A/IOAccelerator
0x00000000087b7000 	/System/Library/PrivateFrameworks/GPUSupport.framework/Versions/A/Libraries/libGPUSupportMercury.dylib
0x0000000000000000 	/System/Library/Extensions/GeForceGLDriver.bundle/Contents/MacOS/GeForceGLDriver
0x00000000087b7000 	/System/Library/Extensions/GeForceGLDriver.bundle/Contents/MacOS/libclh.dylib
0x00000000087b7000 	/System/Library/Frameworks/OpenGL.framework/Versions/A/Resources/GLRendererFloat.bundle/GLRendererFloat
0x000000012bd79000 	/Library/Java/JavaVirtualMachines/jdk1.8.0_60.jdk/Contents/Home/jre/lib/libfontmanager.dylib
0x000000012d295000 	/Library/Java/JavaVirtualMachines/jdk1.8.0_60.jdk/Contents/Home/jre/lib/libosxui.dylib
0x000000012d6e7000 	/Library/Java/JavaVirtualMachines/jdk1.8.0_60.jdk/Contents/Home/jre/lib/libnet.dylib
0x000000012d746000 	/Library/Java/JavaVirtualMachines/jdk1.8.0_60.jdk/Contents/Home/jre/lib/libnio.dylib
0x00000000087b7000 	/System/Library/Frameworks/ApplicationServices.framework/Versions/A/Frameworks/ATS.framework/Versions/A/Resources/libTrueTypeScaler.dylib
0x00000001857b1000 	/private/var/folders/r6/l2m080b50z9_m80qr2rjxw9m0000gn/T/jogamp_0000/file_cache/jln1814183792841589657/jln2345624005430221524/libgluegen-rt.jnilib
0x00000001857b5000 	/private/var/folders/r6/l2m080b50z9_m80qr2rjxw9m0000gn/T/jogamp_0000/file_cache/jln1814183792841589657/jln2345624005430221524/libnativewindow_awt.jnilib
0x00000001857b8000 	/Library/Java/JavaVirtualMachines/jdk1.8.0_60.jdk/Contents/Home/jre/lib/libjawt.dylib
0x00000001857bb000 	/private/var/folders/r6/l2m080b50z9_m80qr2rjxw9m0000gn/T/jogamp_0000/file_cache/jln1814183792841589657/jln2345624005430221524/libnativewindow_macosx.jnilib
0x0000000187038000 	/private/var/folders/r6/l2m080b50z9_m80qr2rjxw9m0000gn/T/jogamp_0000/file_cache/jln1814183792841589657/jln2345624005430221524/libjogl_desktop.jnilib

VM Arguments:
jvm_args: -Djava.security.policy=java.policy.applet -Dfile.encoding=UTF-8 
java_command: sun.applet.AppletViewer ch.ecal.processing.threeD.Use3D1441965549282.html
java_class_path (initial): /Users/elisemigraine/Documents/eclipse/processingll/processingllecal/bin:/Users/elisemigraine/Documents/eclipse/processingll/processingllecal/lib/core.jar:/Users/elisemigraine/Documents/eclipse/processingll/processingllecal/lib/gluegen-rt-natives-linux-amd64.jar:/Users/elisemigraine/Documents/eclipse/processingll/processingllecal/lib/gluegen-rt-natives-linux-armv6hf.jar:/Users/elisemigraine/Documents/eclipse/processingll/processingllecal/lib/gluegen-rt-natives-linux-i586.jar:/Users/elisemigraine/Documents/eclipse/processingll/processingllecal/lib/gluegen-rt-natives-macosx-universal.jar:/Users/elisemigraine/Documents/eclipse/processingll/processingllecal/lib/gluegen-rt-natives-windows-amd64.jar:/Users/elisemigraine/Documents/eclipse/processingll/processingllecal/lib/gluegen-rt-natives-windows-i586.jar:/Users/elisemigraine/Documents/eclipse/processingll/processingllecal/lib/gluegen-rt.jar:/Users/elisemigraine/Documents/eclipse/processingll/processingllecal/lib/jogl-all-natives-linux-amd64.jar:/Users/elisemigraine/Documents/eclipse/processingll/processingllecal/lib/jogl-all-natives-linux-armv6hf.jar:/Users/elisemigraine/Documents/eclipse/processingll/processingllecal/lib/jogl-all-natives-linux-i586.jar:/Users/elisemigraine/Documents/eclipse/processingll/processingllecal/lib/jogl-all-natives-macosx-universal.jar:/Users/elisemigraine/Documents/eclipse/processingll/processingllecal/lib/jogl-all-natives-windows-amd64.jar:/Users/elisemigraine/Documents/eclipse/processingll/processingllecal/lib/jogl-all-natives-windows-i586.jar:/Users/elisemigraine/Documents/eclipse/processingll/processingllecal/lib/jogl-all.jar
Launcher Type: SUN_STANDARD

Environment Variables:
PATH=/usr/bin:/bin:/usr/sbin:/sbin
SHELL=/bin/bash

Signal Handlers:
SIGSEGV: [libjvm.dylib+0x5a6d31], sa_mask[0]=11111111011111110111111111111111, sa_flags=SA_ONSTACK|SA_RESTART|SA_SIGINFO
SIGBUS: [libjvm.dylib+0x5a6d31], sa_mask[0]=11111111011111110111111111111111, sa_flags=SA_RESTART|SA_SIGINFO
SIGFPE: [libjvm.dylib+0x480a4c], sa_mask[0]=11111111011111110111111111111111, sa_flags=SA_RESTART|SA_SIGINFO
SIGPIPE: [libjvm.dylib+0x480a4c], sa_mask[0]=11111111011111110111111111111111, sa_flags=SA_RESTART|SA_SIGINFO
SIGXFSZ: [libjvm.dylib+0x480a4c], sa_mask[0]=11111111011111110111111111111111, sa_flags=SA_RESTART|SA_SIGINFO
SIGILL: [libjvm.dylib+0x480a4c], sa_mask[0]=11111111011111110111111111111111, sa_flags=SA_RESTART|SA_SIGINFO
SIGUSR1: SIG_DFL, sa_mask[0]=00000000000000000000000000000000, sa_flags=none
SIGUSR2: [libjvm.dylib+0x48056a], sa_mask[0]=00100000000000000000000000000000, sa_flags=SA_RESTART|SA_SIGINFO
SIGHUP: [libjvm.dylib+0x47eb41], sa_mask[0]=11111111011111110111111111111111, sa_flags=SA_RESTART|SA_SIGINFO
SIGINT: [libjvm.dylib+0x47eb41], sa_mask[0]=11111111011111110111111111111111, sa_flags=SA_RESTART|SA_SIGINFO
SIGTERM: [libjvm.dylib+0x47eb41], sa_mask[0]=11111111011111110111111111111111, sa_flags=SA_RESTART|SA_SIGINFO
SIGQUIT: [libjvm.dylib+0x47eb41], sa_mask[0]=11111111011111110111111111111111, sa_flags=SA_RESTART|SA_SIGINFO


---------------  S Y S T E M  ---------------

OS:Bsduname:Darwin 14.5.0 Darwin Kernel Version 14.5.0: Wed Jul 29 02:26:53 PDT 2015; root:xnu-2782.40.9~1/RELEASE_X86_64 x86_64
rlimit: STACK 8192k, CORE 0k, NPROC 709, NOFILE 10240, AS infinity
load average:1.37 1.40 1.34

CPU:total 8 (4 cores per cpu, 2 threads per core) family 6 model 58 stepping 9, cmov, cx8, fxsr, mmx, sse, sse2, sse3, ssse3, sse4.1, sse4.2, popcnt, avx, aes, clmul, erms, ht, tsc, tscinvbit, tscinv

Memory: 4k page, physical 8388608k(3836216k free)

/proc/meminfo:


vm_info: Java HotSpot(TM) 64-Bit Server VM (25.60-b23) for bsd-amd64 JRE (1.8.0_60-b27), built on Aug  4 2015 10:47:24 by "java_re" with gcc 4.2.1 (Based on Apple Inc. build 5658) (LLVM build 2336.11.00)

time: Fri Sep 11 11:59:19 2015
elapsed time: 9 seconds (0d 0h 0m 9s)

