#
# A fatal error has been detected by the Java Runtime Environment:
#
#  SIGSEGV (0xb) at pc=0x00007fff948c90dd, pid=18854, tid=1811
#
# JRE version: Java(TM) SE Runtime Environment (8.0_60-b27) (build 1.8.0_60-b27)
# Java VM: Java HotSpot(TM) 64-Bit Server VM (25.60-b23 mixed mode bsd-amd64 compressed oops)
# Problematic frame:
# C  [libobjc.A.dylib+0x10dd]  objc_msgSend+0x1d
#
# Failed to write core dump. Core dumps have been disabled. To enable core dumping, try "ulimit -c unlimited" before starting Java again
#
# If you would like to submit a bug report, please visit:
#   http://bugreport.java.com/bugreport/crash.jsp
# The crash happened outside the Java Virtual Machine in native code.
# See problematic frame for where to report the bug.
#

---------------  T H R E A D  ---------------

Current thread (0x00007f9a8407c800):  JavaThread "AWT-AppKit" daemon [_thread_in_native, id=1811, stack(0x00007fff51cda000,0x00007fff524da000)]

siginfo: si_signo: 11 (SIGSEGV), si_code: 1 (SEGV_MAPERR), si_addr: 0x000007f9a8831fa0

Registers:
RAX=0x00007f9a881e0de0, RBX=0x000000018de93450, RCX=0x000000018dd3c800, RDX=0x000000018e6ebb60
RSP=0x00007fff524d4fe8, RBP=0x00007fff524d50a0, RSI=0x00007fff8defa40f, RDI=0x00007f9a87bf9b80
R8 =0x0000000000000000, R9 =0x0000000000000f50, R10=0x00007fff8defa40f, R11=0x000007f9a8831f88
R12=0x0000000000000000, R13=0x0000000190256b50, R14=0x000000018de93440, R15=0x00007f9a8407c800
RIP=0x00007fff948c90dd, EFLAGS=0x0000000000010206, ERR=0x0000000000000004
  TRAPNO=0x000000000000000e

Top of Stack: (sp=0x00007fff524d4fe8)
0x00007fff524d4fe8:   000000018de91157 00007fff524d5040
0x00007fff524d4ff8:   0000000000000003 00007fff524d5020
0x00007fff524d5008:   000000010ebf1992 0000000190256b50
0x00007fff524d5018:   0000000190256b50 00007f9a881e0de0
0x00007fff524d5028:   000000018de936a0 000000018de93710
0x00007fff524d5038:   00007fff79196550 00007fff794cac80
0x00007fff524d5048:   000000018de93450 000000018de93690
0x00007fff524d5058:   00007f9a881e0de0 00007f9a87bf9b80
0x00007fff524d5068:   00007f9a80c6fbb0 00007f9a881e0de0
0x00007fff524d5078:   00007f9a87bf9b80 00007fff524d5128
0x00007fff524d5088:   00007f9a8407c9f8 0000000190256b50
0x00007fff524d5098:   00007fff524d5150 00007fff524d5118
0x00007fff524d50a8:   000000010f99e954 0000000190256b50
0x00007fff524d50b8:   00007fff524d5150 00007fff524d5118
0x00007fff524d50c8:   000000010f99e6e7 000000010f99e6a2
0x00007fff524d50d8:   00007fff524d50d8 0000000190256b50
0x00007fff524d50e8:   00007fff524d5150 0000000190259788
0x00007fff524d50f8:   0000000000000000 0000000190256b50
0x00007fff524d5108:   0000000000000000 00007fff524d5138
0x00007fff524d5118:   00007fff524d5198 000000010f990c4d
0x00007fff524d5128:   000000076da22ea0 000000010f998578
0x00007fff524d5138:   00007f9a881e0de0 00007fff524d5198
0x00007fff524d5148:   00007f9a87bf9b80 000000010f999d82
0x00007fff524d5158:   00007fff524d5158 0000000190256d1a
0x00007fff524d5168:   00007fff524d51c0 0000000190259788
0x00007fff524d5178:   0000000000000000 0000000190256d28
0x00007fff524d5188:   00007fff524d5138 00007fff524d51a8
0x00007fff524d5198:   00007fff524d5208 000000010f990c4d
0x00007fff524d51a8:   00007f9a881e0de0 000000076da2d120
0x00007fff524d51b8:   00007f9a87bf9b80 000000076da2d120
0x00007fff524d51c8:   00007fff524d51c8 00000001a70f91be
0x00007fff524d51d8:   00007fff524d5218 00000001a70f9278 

Instructions: (pc=0x00007fff948c90dd)
0x00007fff948c90bd:   00 00 00 48 85 ff 2e 74 7a 40 f6 c7 01 2e 75 7e
0x00007fff948c90cd:   49 bb f8 ff ff ff ff 7f 00 00 4c 23 1f 49 89 f2
0x00007fff948c90dd:   45 23 53 18 49 c1 e2 04 4d 03 53 10 49 3b 32 75
0x00007fff948c90ed:   04 41 ff 62 08 49 83 3a 00 74 6a 4d 3b 53 10 74 

Register to memory mapping:

RAX=0x00007f9a881e0de0 is an unknown value
RBX=0x000000018de93450: Java_jogamp_nativewindow_macosx_OSXUtil_GetScreenRefreshRate0+0x1cf0 in /private/var/folders/0q/mnmr2rb14273d107szplrrw80000gn/T/jogamp_0000/file_cache/jln7475150879135071141/jln4404192419807953539/libnativewindow_macosx.jnilib at 0x000000018de8c000
RCX=0x000000018dd3c800 is an unknown value
RDX=0x000000018e6ebb60 is an unknown value
RSP=0x00007fff524d4fe8 is pointing into the stack for thread: 0x00007f9a8407c800
RBP=0x00007fff524d50a0 is pointing into the stack for thread: 0x00007f9a8407c800
RSI=0x00007fff8defa40f is an unknown value
RDI=0x00007f9a87bf9b80 is an unknown value
R8 =0x0000000000000000 is an unknown value
R9 =0x0000000000000f50 is an unknown value
R10=0x00007fff8defa40f is an unknown value
R11=0x000007f9a8831f88 is an unknown value
R12=0x0000000000000000 is an unknown value
R13={method} {0x0000000190256b50} 'UnsetJAWTRootSurfaceLayer0' '(JJ)V' in 'jogamp/nativewindow/jawt/macosx/MacOSXJAWTWindow'
R14=0x000000018de93440: Java_jogamp_nativewindow_macosx_OSXUtil_GetScreenRefreshRate0+0x1ce0 in /private/var/folders/0q/mnmr2rb14273d107szplrrw80000gn/T/jogamp_0000/file_cache/jln7475150879135071141/jln4404192419807953539/libnativewindow_macosx.jnilib at 0x000000018de8c000
R15=0x00007f9a8407c800 is a thread


Stack: [0x00007fff51cda000,0x00007fff524da000],  sp=0x00007fff524d4fe8,  free space=8171k
Native frames: (J=compiled Java code, j=interpreted, Vv=VM code, C=native code)
C  [libobjc.A.dylib+0x10dd]  objc_msgSend+0x1d
j  jogamp.nativewindow.jawt.macosx.MacOSXJAWTWindow.UnsetJAWTRootSurfaceLayer0(JJ)V+0
j  jogamp.nativewindow.jawt.macosx.MacOSXJAWTWindow.access$200(JJ)V+2
j  jogamp.nativewindow.jawt.macosx.MacOSXJAWTWindow$1.run()V+38
J 1551 C1 com.jogamp.common.util.RunnableTask.run()V (345 bytes) @ 0x000000010fee8494 [0x000000010fee8300+0x194]
v  ~StubRoutines::call_stub
V  [libjvm.dylib+0x2eab0e]  JavaCalls::call_helper(JavaValue*, methodHandle*, JavaCallArguments*, Thread*)+0x6ae
V  [libjvm.dylib+0x321bb7]  jni_invoke_nonstatic(JNIEnv_*, JavaValue*, _jobject*, JNICallType, _jmethodID*, JNI_ArgumentPusher*, Thread*)+0x2ec
V  [libjvm.dylib+0x31438b]  jni_CallVoidMethod+0x16b
C  [libnativewindow_macosx.jnilib+0x5326]  Java_jogamp_nativewindow_jawt_macosx_MacOSXJAWTWindow_UnsetJAWTRootSurfaceLayer0+0x2b6
C  [Foundation+0x92dd0]  __NSThreadPerformPerform+0x125
C  [CoreFoundation+0x80a01]  __CFRUNLOOP_IS_CALLING_OUT_TO_A_SOURCE0_PERFORM_FUNCTION__+0x11
C  [CoreFoundation+0x72c5c]  __CFRunLoopDoSources0+0x1dc
C  [CoreFoundation+0x721bf]  __CFRunLoopRun+0x39f
C  [CoreFoundation+0x71bd8]  CFRunLoopRunSpecific+0x128
C  [HIToolbox+0x3256f]  RunCurrentEventLoopInMode+0xeb
C  [HIToolbox+0x321ee]  ReceiveNextEventCommon+0xb3
C  [HIToolbox+0x3212b]  _BlockUntilNextEventMatchingListInModeWithFilter+0x47
C  [AppKit+0x918ab]  _DPSNextEvent+0x3d2
C  [AppKit+0x90e58]  -[NSApplication nextEventMatchingMask:untilDate:inMode:dequeue:]+0x15a
C  [libosxapp.dylib+0x23aa]  -[NSApplicationAWT nextEventMatchingMask:untilDate:inMode:dequeue:]+0x7c
C  [AppKit+0x86af3]  -[NSApplication run]+0x252
C  [libosxapp.dylib+0x214d]  +[NSApplicationAWT runAWTLoopWithApp:]+0x9c
C  [libawt_lwawt.dylib+0x44517]  -[AWTStarter starter:]+0x389
C  [Foundation+0x92dd0]  __NSThreadPerformPerform+0x125
C  [CoreFoundation+0x80a01]  __CFRUNLOOP_IS_CALLING_OUT_TO_A_SOURCE0_PERFORM_FUNCTION__+0x11
C  [CoreFoundation+0x72b8d]  __CFRunLoopDoSources0+0x10d
C  [CoreFoundation+0x721bf]  __CFRunLoopRun+0x39f
C  [CoreFoundation+0x71bd8]  CFRunLoopRunSpecific+0x128
C  [java+0x6463]  CreateExecutionEnvironment+0x367
C  [java+0x21ac]  JLI_Launch+0x7a0
C  [java+0x84c0]  main+0x65
C  [java+0x1a04]  start+0x34
C  0x0000000000000007

Java frames: (J=compiled Java code, j=interpreted, Vv=VM code)
j  jogamp.nativewindow.jawt.macosx.MacOSXJAWTWindow.UnsetJAWTRootSurfaceLayer0(JJ)V+0
j  jogamp.nativewindow.jawt.macosx.MacOSXJAWTWindow.access$200(JJ)V+2
j  jogamp.nativewindow.jawt.macosx.MacOSXJAWTWindow$1.run()V+38
J 1551 C1 com.jogamp.common.util.RunnableTask.run()V (345 bytes) @ 0x000000010fee8494 [0x000000010fee8300+0x194]
v  ~StubRoutines::call_stub

---------------  P R O C E S S  ---------------

Java Threads: ( => current thread )
  0x00007f9a846fa000 JavaThread "Thread-3" [_thread_blocked, id=67851, stack(0x00000001aa9df000,0x00000001aaadf000)]
  0x00007f9a83c91800 JavaThread "Animation Thread" [_thread_blocked, id=62735, stack(0x000000018e50b000,0x000000018e60b000)]
  0x00007f9a811c5000 JavaThread "AWT-EventQueue-1" [_thread_in_native, id=63007, stack(0x000000018eb52000,0x000000018ec52000)]
  0x00007f9a8405f800 JavaThread "DestroyJavaVM" [_thread_blocked, id=4867, stack(0x000000010d83d000,0x000000010d93d000)]
  0x00007f9a83a08000 JavaThread "AWT-EventQueue-0" [_thread_blocked, id=60943, stack(0x0000000135190000,0x0000000135290000)]
  0x00007f9a8294a800 JavaThread "Java2D Disposer" daemon [_thread_blocked, id=56075, stack(0x000000013341c000,0x000000013351c000)]
  0x00007f9a83981000 JavaThread "Java2D Queue Flusher" daemon [_thread_blocked, id=53767, stack(0x0000000131f8a000,0x000000013208a000)]
  0x00007f9a828cb800 JavaThread "AWT-Shutdown" [_thread_blocked, id=30995, stack(0x000000012efb0000,0x000000012f0b0000)]
=>0x00007f9a8407c800 JavaThread "AWT-AppKit" daemon [_thread_in_native, id=1811, stack(0x00007fff51cda000,0x00007fff524da000)]
  0x00007f9a8287f800 JavaThread "Service Thread" daemon [_thread_blocked, id=20739, stack(0x000000012d32c000,0x000000012d42c000)]
  0x00007f9a82864000 JavaThread "C1 CompilerThread3" daemon [_thread_blocked, id=20227, stack(0x000000012d229000,0x000000012d329000)]
  0x00007f9a82845800 JavaThread "C2 CompilerThread2" daemon [_thread_blocked, id=19715, stack(0x000000012d126000,0x000000012d226000)]
  0x00007f9a8285a800 JavaThread "C2 CompilerThread1" daemon [_thread_blocked, id=19203, stack(0x000000012d023000,0x000000012d123000)]
  0x00007f9a8400e000 JavaThread "C2 CompilerThread0" daemon [_thread_blocked, id=18691, stack(0x000000012cf20000,0x000000012d020000)]
  0x00007f9a81041800 JavaThread "Signal Dispatcher" daemon [_thread_blocked, id=14611, stack(0x000000012ce1d000,0x000000012cf1d000)]
  0x00007f9a8101c800 JavaThread "Finalizer" daemon [_thread_blocked, id=13571, stack(0x000000012b40d000,0x000000012b50d000)]
  0x00007f9a8101c000 JavaThread "Reference Handler" daemon [_thread_blocked, id=13059, stack(0x000000012b30a000,0x000000012b40a000)]

Other Threads:
  0x00007f9a8101b800 VMThread [stack: 0x000000012b207000,0x000000012b307000] [id=12547]
  0x00007f9a84804000 WatcherThread [stack: 0x000000012d42f000,0x000000012d52f000] [id=21251]

VM state:not at safepoint (normal execution)

VM Mutex/Monitor currently owned by a thread: None

Heap:
 PSYoungGen      total 76288K, used 55971K [0x000000076ab00000, 0x0000000770000000, 0x00000007c0000000)
  eden space 65536K, 85% used [0x000000076ab00000,0x000000076e1a8e08,0x000000076eb00000)
  from space 10752K, 0% used [0x000000076f580000,0x000000076f580000,0x0000000770000000)
  to   space 10752K, 0% used [0x000000076eb00000,0x000000076eb00000,0x000000076f580000)
 ParOldGen       total 175104K, used 0K [0x00000006c0000000, 0x00000006cab00000, 0x000000076ab00000)
  object space 175104K, 0% used [0x00000006c0000000,0x00000006c0000000,0x00000006cab00000)
 Metaspace       used 18130K, capacity 18439K, committed 18816K, reserved 1067008K
  class space    used 1753K, capacity 1830K, committed 1920K, reserved 1048576K

Card table byte_map: [0x000000011ed49000,0x000000011f54a000] byte_map_base: 0x000000011b749000

Marking Bits: (ParMarkBitMap*) 0x000000010f2dee20
 Begin Bits: [0x00000001202b8000, 0x00000001242b8000)
 End Bits:   [0x00000001242b8000, 0x00000001282b8000)

Polling page: 0x000000010d982000

CodeCache: size=245760Kb used=6603Kb max_used=6608Kb free=239157Kb
 bounds [0x000000010f989000, 0x0000000110009000, 0x000000011e989000]
 total_blobs=2705 nmethods=1853 adapters=765
 compilation: enabled

Compilation events (10 events):
Event: 8.412 Thread 0x00007f9a8400e000 1849       4       sun.java2d.pipe.Region::isInsideQuickCheck (57 bytes)
Event: 8.413 Thread 0x00007f9a8400e000 nmethod 1849 0x000000010ffff810 code [0x000000010ffff960, 0x000000010ffffa58]
Event: 8.427 Thread 0x00007f9a82845800 1850       4       java.nio.DirectFloatBufferU::put (154 bytes)
Event: 8.429 Thread 0x00007f9a82845800 nmethod 1850 0x000000010fffdc90 code [0x000000010fffde00, 0x000000010fffe078]
Event: 8.538 Thread 0x00007f9a82864000 1851       3       sun.awt.AWTAccessor::getAWTEventAccessor (18 bytes)
Event: 8.538 Thread 0x00007f9a82864000 nmethod 1851 0x000000010fffd850 code [0x000000010fffd9c0, 0x000000010fffdc08]
Event: 8.555 Thread 0x00007f9a82864000 1852       3       java.awt.Component::getForeground (29 bytes)
Event: 8.555 Thread 0x00007f9a82864000 nmethod 1852 0x000000010fffd150 code [0x000000010fffd2e0, 0x000000010fffd728]
Event: 8.562 Thread 0x00007f9a82864000 1853   !   3       sun.lwawt.LWComponentPeer::isShowing (49 bytes)
Event: 8.563 Thread 0x00007f9a82864000 nmethod 1853 0x000000010fffead0 code [0x000000010fffec80, 0x000000010ffff568]

GC Heap History (0 events):
No events

Deoptimization events (10 events):
Event: 1.583 Thread 0x00007f9a83c91800 Uncommon trap: reason=unstable_if action=reinterpret pc=0x000000010fbe4a54 method=java.lang.String.indexOf([CII[CIII)I @ 3
Event: 1.583 Thread 0x00007f9a83c91800 Uncommon trap: reason=unstable_if action=reinterpret pc=0x000000010fb5d4d0 method=java.lang.String.indexOf([CII[CIII)I @ 3
Event: 1.585 Thread 0x00007f9a83c91800 Uncommon trap: reason=bimorphic action=maybe_recompile pc=0x000000010fbf46b4 method=java.util.HashMap.getNode(ILjava/lang/Object;)Ljava/util/HashMap$Node; @ 126
Event: 1.585 Thread 0x00007f9a83c91800 Uncommon trap: reason=bimorphic action=maybe_recompile pc=0x000000010fbf46b4 method=java.util.HashMap.getNode(ILjava/lang/Object;)Ljava/util/HashMap$Node; @ 126
Event: 1.585 Thread 0x00007f9a83c91800 Uncommon trap: reason=bimorphic action=maybe_recompile pc=0x000000010fbf46b4 method=java.util.HashMap.getNode(ILjava/lang/Object;)Ljava/util/HashMap$Node; @ 126
Event: 1.591 Thread 0x00007f9a83c91800 Uncommon trap: reason=unstable_if action=reinterpret pc=0x000000010fbfba5c method=java.lang.String.lastIndexOf([CII[CIII)I @ 118
Event: 8.524 Thread 0x00007f9a811c5000 Uncommon trap: reason=unstable_if action=reinterpret pc=0x000000010ff79ee8 method=sun.lwawt.LWComponentPeer.isShowing()Z @ 10
Event: 8.538 Thread 0x00007f9a82956000 Uncommon trap: reason=unstable_if action=reinterpret pc=0x000000010fe9327c method=java.security.AccessControlContext.combine([Ljava/security/ProtectionDomain;[Ljava/security/ProtectionDomain;)[Ljava/security/ProtectionDomain; @ 151
Event: 8.554 Thread 0x00007f9a82956000 Uncommon trap: reason=unstable_if action=reinterpret pc=0x000000010ff25084 method=java.util.HashMap.putVal(ILjava/lang/Object;Ljava/lang/Object;ZZ)Ljava/lang/Object; @ 81
Event: 8.560 Thread 0x00007f9a811c5000 Uncommon trap: reason=unstable_if action=reinterpret pc=0x000000010fe37cdc method=java.security.AccessControlContext.combine([Ljava/security/ProtectionDomain;[Ljava/security/ProtectionDomain;)[Ljava/security/ProtectionDomain; @ 151

Internal exceptions (10 events):
Event: 0.072 Thread 0x00007f9a82809000 Exception <a 'java/security/PrivilegedActionException'> (0x000000076abd4238) thrown at [/Users/java_re/workspace/8-2-build-macosx-x86_64/jdk8u60/4407/hotspot/src/share/vm/prims/jvm.cpp, line 1386]
Event: 0.073 Thread 0x00007f9a82809000 Exception <a 'java/util/zip/ZipException'> (0x000000076abe5e10) thrown at [/Users/java_re/workspace/8-2-build-macosx-x86_64/jdk8u60/4407/hotspot/src/share/vm/prims/jni.cpp, line 709]
Event: 0.073 Thread 0x00007f9a82809000 Exception <a 'java/security/PrivilegedActionException'> (0x000000076abe6200) thrown at [/Users/java_re/workspace/8-2-build-macosx-x86_64/jdk8u60/4407/hotspot/src/share/vm/prims/jvm.cpp, line 1386]
Event: 0.073 Thread 0x00007f9a82809000 Exception <a 'java/security/PrivilegedActionException'> (0x000000076abe6410) thrown at [/Users/java_re/workspace/8-2-build-macosx-x86_64/jdk8u60/4407/hotspot/src/share/vm/prims/jvm.cpp, line 1386]
Event: 0.106 Thread 0x00007f9a82809000 Exception <a 'java/lang/NoSuchFieldError': method resolution failed> (0x000000076af44360) thrown at [/Users/java_re/workspace/8-2-build-macosx-x86_64/jdk8u60/4407/hotspot/src/share/vm/prims/methodHandles.cpp, line 1146]
Event: 0.107 Thread 0x00007f9a82809000 Exception <a 'java/lang/NoSuchFieldError': method resolution failed> (0x000000076af51b30) thrown at [/Users/java_re/workspace/8-2-build-macosx-x86_64/jdk8u60/4407/hotspot/src/share/vm/prims/methodHandles.cpp, line 1146]
Event: 0.206 Thread 0x00007f9a82809000 Exception <a 'java/io/FileNotFoundException'> (0x000000076afcd968) thrown at [/Users/java_re/workspace/8-2-build-macosx-x86_64/jdk8u60/4407/hotspot/src/share/vm/prims/jni.cpp, line 709]
Event: 0.206 Thread 0x00007f9a82809000 Exception <a 'java/io/FileNotFoundException'> (0x000000076afce4f8) thrown at [/Users/java_re/workspace/8-2-build-macosx-x86_64/jdk8u60/4407/hotspot/src/share/vm/prims/jni.cpp, line 709]
Event: 0.291 Thread 0x00007f9a82809000 Exception <a 'java/io/FileNotFoundException'> (0x000000076b1c71f0) thrown at [/Users/java_re/workspace/8-2-build-macosx-x86_64/jdk8u60/4407/hotspot/src/share/vm/prims/jni.cpp, line 709]
Event: 1.597 Thread 0x00007f9a83c91800 Exception <a 'java/lang/UnsatisfiedLinkError': com.jogamp.common.util.JarUtil.fixNativeLibAttribs(Ljava/lang/String;)Z> (0x000000076c8966d0) thrown at [/Users/java_re/workspace/8-2-build-macosx-x86_64/jdk8u60/4407/hotspot/src/share/vm/prims/nativeLookup.c

Events (10 events):
Event: 8.560 loading class java/awt/LightweightDispatcher$2 done
Event: 8.560 loading class java/awt/event/AWTEventListenerProxy
Event: 8.560 loading class java/awt/event/AWTEventListenerProxy done
Event: 8.560 Executing VM operation: Deoptimize
Event: 8.560 Executing VM operation: Deoptimize done
Event: 8.560 loading class java/awt/Toolkit$ToolkitEventMulticaster
Event: 8.561 loading class java/awt/Toolkit$ToolkitEventMulticaster done
Event: 8.561 Thread 0x00007f9a82956000 Thread exited: 0x00007f9a82956000
Event: 8.561 loading class java/awt/Window$1DisposeAction
Event: 8.561 loading class java/awt/Window$1DisposeAction done


Dynamic libraries:
0x0000000006f14000 	/System/Library/Frameworks/Cocoa.framework/Versions/A/Cocoa
0x0000000006f14000 	/System/Library/Frameworks/Security.framework/Versions/A/Security
0x0000000006f14000 	/System/Library/Frameworks/ApplicationServices.framework/Versions/A/ApplicationServices
0x0000000006f14000 	/usr/lib/libz.1.dylib
0x0000000006f14000 	/usr/lib/libSystem.B.dylib
0x0000000006f14000 	/usr/lib/libobjc.A.dylib
0x0000000006f14000 	/System/Library/Frameworks/CoreFoundation.framework/Versions/A/CoreFoundation
0x0000000006f14000 	/System/Library/Frameworks/Foundation.framework/Versions/C/Foundation
0x0000000006f14000 	/System/Library/Frameworks/AppKit.framework/Versions/C/AppKit
0x0000000006f14000 	/System/Library/Frameworks/CoreData.framework/Versions/A/CoreData
0x0000000006f14000 	/System/Library/PrivateFrameworks/RemoteViewServices.framework/Versions/A/RemoteViewServices
0x0000000006f14000 	/System/Library/PrivateFrameworks/UIFoundation.framework/Versions/A/UIFoundation
0x0000000006f14000 	/System/Library/Frameworks/IOSurface.framework/Versions/A/IOSurface
0x0000000006f14000 	/System/Library/Frameworks/AudioToolbox.framework/Versions/A/AudioToolbox
0x0000000006f14000 	/System/Library/Frameworks/AudioUnit.framework/Versions/A/AudioUnit
0x0000000006f14000 	/System/Library/PrivateFrameworks/DataDetectorsCore.framework/Versions/A/DataDetectorsCore
0x0000000006f14000 	/System/Library/PrivateFrameworks/DesktopServicesPriv.framework/Versions/A/DesktopServicesPriv
0x0000000006f14000 	/System/Library/Frameworks/Carbon.framework/Versions/A/Frameworks/HIToolbox.framework/Versions/A/HIToolbox
0x0000000006f14000 	/System/Library/Frameworks/QuartzCore.framework/Versions/A/QuartzCore
0x0000000006f14000 	/System/Library/Frameworks/Carbon.framework/Versions/A/Frameworks/SpeechRecognition.framework/Versions/A/SpeechRecognition
0x0000000006f14000 	/usr/lib/libauto.dylib
0x0000000006f14000 	/usr/lib/libicucore.A.dylib
0x0000000006f14000 	/usr/lib/libxml2.2.dylib
0x0000000006f14000 	/System/Library/PrivateFrameworks/CoreUI.framework/Versions/A/CoreUI
0x0000000006f14000 	/System/Library/Frameworks/CoreAudio.framework/Versions/A/CoreAudio
0x0000000006f14000 	/System/Library/Frameworks/DiskArbitration.framework/Versions/A/DiskArbitration
0x0000000006f14000 	/usr/lib/liblangid.dylib
0x0000000006f14000 	/System/Library/PrivateFrameworks/MultitouchSupport.framework/Versions/A/MultitouchSupport
0x0000000006f14000 	/System/Library/Frameworks/IOKit.framework/Versions/A/IOKit
0x0000000006f14000 	/usr/lib/libDiagnosticMessagesClient.dylib
0x0000000006f14000 	/System/Library/Frameworks/CoreServices.framework/Versions/A/CoreServices
0x0000000006f14000 	/System/Library/PrivateFrameworks/PerformanceAnalysis.framework/Versions/A/PerformanceAnalysis
0x0000000006f14000 	/System/Library/PrivateFrameworks/GenerationalStorage.framework/Versions/A/GenerationalStorage
0x0000000006f14000 	/System/Library/Frameworks/OpenGL.framework/Versions/A/OpenGL
0x0000000006f14000 	/System/Library/PrivateFrameworks/Sharing.framework/Versions/A/Sharing
0x0000000006f14000 	/System/Library/Frameworks/CoreGraphics.framework/Versions/A/CoreGraphics
0x0000000006f14000 	/System/Library/Frameworks/CoreText.framework/Versions/A/CoreText
0x0000000006f14000 	/System/Library/Frameworks/ImageIO.framework/Versions/A/ImageIO
0x0000000006f14000 	/usr/lib/libextension.dylib
0x0000000006f14000 	/System/Library/PrivateFrameworks/Backup.framework/Versions/A/Backup
0x0000000006f14000 	/usr/lib/libarchive.2.dylib
0x0000000006f14000 	/System/Library/Frameworks/CFNetwork.framework/Versions/A/CFNetwork
0x0000000006f14000 	/System/Library/Frameworks/SystemConfiguration.framework/Versions/A/SystemConfiguration
0x0000000006f14000 	/usr/lib/libCRFSuite.dylib
0x0000000006f14000 	/usr/lib/libc++.1.dylib
0x0000000006f14000 	/usr/lib/libc++abi.dylib
0x0000000006f14000 	/usr/lib/system/libcache.dylib
0x0000000006f14000 	/usr/lib/system/libcommonCrypto.dylib
0x0000000006f14000 	/usr/lib/system/libcompiler_rt.dylib
0x0000000006f14000 	/usr/lib/system/libcopyfile.dylib
0x0000000006f14000 	/usr/lib/system/libcorecrypto.dylib
0x0000000006f14000 	/usr/lib/system/libdispatch.dylib
0x0000000006f14000 	/usr/lib/system/libdyld.dylib
0x0000000006f14000 	/usr/lib/system/libkeymgr.dylib
0x0000000006f14000 	/usr/lib/system/liblaunch.dylib
0x0000000006f14000 	/usr/lib/system/libmacho.dylib
0x0000000006f14000 	/usr/lib/system/libquarantine.dylib
0x0000000006f14000 	/usr/lib/system/libremovefile.dylib
0x0000000006f14000 	/usr/lib/system/libsystem_asl.dylib
0x0000000006f14000 	/usr/lib/system/libsystem_blocks.dylib
0x0000000006f14000 	/usr/lib/system/libsystem_c.dylib
0x0000000006f14000 	/usr/lib/system/libsystem_configuration.dylib
0x0000000006f14000 	/usr/lib/system/libsystem_coreservices.dylib
0x0000000006f14000 	/usr/lib/system/libsystem_coretls.dylib
0x0000000006f14000 	/usr/lib/system/libsystem_dnssd.dylib
0x0000000006f14000 	/usr/lib/system/libsystem_info.dylib
0x0000000006f14000 	/usr/lib/system/libsystem_kernel.dylib
0x0000000006f14000 	/usr/lib/system/libsystem_m.dylib
0x0000000006f14000 	/usr/lib/system/libsystem_malloc.dylib
0x0000000006f14000 	/usr/lib/system/libsystem_network.dylib
0x0000000006f14000 	/usr/lib/system/libsystem_networkextension.dylib
0x0000000006f14000 	/usr/lib/system/libsystem_notify.dylib
0x0000000006f14000 	/usr/lib/system/libsystem_platform.dylib
0x0000000006f14000 	/usr/lib/system/libsystem_pthread.dylib
0x0000000006f14000 	/usr/lib/system/libsystem_sandbox.dylib
0x0000000006f14000 	/usr/lib/system/libsystem_secinit.dylib
0x0000000006f14000 	/usr/lib/system/libsystem_stats.dylib
0x0000000006f14000 	/usr/lib/system/libsystem_trace.dylib
0x0000000006f14000 	/usr/lib/system/libunc.dylib
0x0000000006f14000 	/usr/lib/system/libunwind.dylib
0x0000000006f14000 	/usr/lib/system/libxpc.dylib
0x0000000006f14000 	/usr/lib/libbz2.1.0.dylib
0x0000000006f14000 	/usr/lib/liblzma.5.dylib
0x0000000006f14000 	/usr/lib/libbsm.0.dylib
0x0000000006f14000 	/usr/lib/libsqlite3.dylib
0x0000000006f14000 	/usr/lib/system/libkxld.dylib
0x0000000006f14000 	/usr/lib/libxar.1.dylib
0x0000000006f14000 	/usr/lib/libpam.2.dylib
0x0000000006f14000 	/usr/lib/libOpenScriptingUtil.dylib
0x0000000006f14000 	/System/Library/Frameworks/CoreServices.framework/Versions/A/Frameworks/FSEvents.framework/Versions/A/FSEvents
0x0000000006f14000 	/System/Library/Frameworks/CoreServices.framework/Versions/A/Frameworks/CarbonCore.framework/Versions/A/CarbonCore
0x0000000006f14000 	/System/Library/Frameworks/CoreServices.framework/Versions/A/Frameworks/Metadata.framework/Versions/A/Metadata
0x0000000006f14000 	/System/Library/Frameworks/CoreServices.framework/Versions/A/Frameworks/OSServices.framework/Versions/A/OSServices
0x0000000006f14000 	/System/Library/Frameworks/CoreServices.framework/Versions/A/Frameworks/SearchKit.framework/Versions/A/SearchKit
0x0000000006f14000 	/System/Library/Frameworks/CoreServices.framework/Versions/A/Frameworks/AE.framework/Versions/A/AE
0x0000000006f14000 	/System/Library/Frameworks/CoreServices.framework/Versions/A/Frameworks/LaunchServices.framework/Versions/A/LaunchServices
0x0000000006f14000 	/System/Library/Frameworks/CoreServices.framework/Versions/A/Frameworks/DictionaryServices.framework/Versions/A/DictionaryServices
0x0000000006f14000 	/System/Library/Frameworks/NetFS.framework/Versions/A/NetFS
0x0000000006f14000 	/System/Library/PrivateFrameworks/NetAuth.framework/Versions/A/NetAuth
0x0000000006f14000 	/System/Library/PrivateFrameworks/login.framework/Versions/A/Frameworks/loginsupport.framework/Versions/A/loginsupport
0x0000000006f14000 	/System/Library/PrivateFrameworks/TCC.framework/Versions/A/TCC
0x0000000006f14000 	/usr/lib/libmecabra.dylib
0x0000000006f14000 	/System/Library/Frameworks/ApplicationServices.framework/Versions/A/Frameworks/ATS.framework/Versions/A/ATS
0x0000000006f14000 	/System/Library/Frameworks/ApplicationServices.framework/Versions/A/Frameworks/ColorSync.framework/Versions/A/ColorSync
0x0000000006f14000 	/System/Library/Frameworks/ApplicationServices.framework/Versions/A/Frameworks/HIServices.framework/Versions/A/HIServices
0x0000000006f14000 	/System/Library/Frameworks/ApplicationServices.framework/Versions/A/Frameworks/LangAnalysis.framework/Versions/A/LangAnalysis
0x0000000006f14000 	/System/Library/Frameworks/ApplicationServices.framework/Versions/A/Frameworks/PrintCore.framework/Versions/A/PrintCore
0x0000000006f14000 	/System/Library/Frameworks/ApplicationServices.framework/Versions/A/Frameworks/QD.framework/Versions/A/QD
0x0000000006f14000 	/System/Library/Frameworks/ApplicationServices.framework/Versions/A/Frameworks/SpeechSynthesis.framework/Versions/A/SpeechSynthesis
0x0000000006f14000 	/System/Library/Frameworks/Accelerate.framework/Versions/A/Accelerate
0x0000000006f14000 	/System/Library/Frameworks/Accelerate.framework/Versions/A/Frameworks/vImage.framework/Versions/A/vImage
0x0000000006f14000 	/System/Library/Frameworks/Accelerate.framework/Versions/A/Frameworks/vecLib.framework/Versions/A/vecLib
0x0000000006f14000 	/System/Library/Frameworks/Accelerate.framework/Versions/A/Frameworks/vecLib.framework/Versions/A/libvDSP.dylib
0x0000000006f14000 	/System/Library/Frameworks/Accelerate.framework/Versions/A/Frameworks/vecLib.framework/Versions/A/libvMisc.dylib
0x0000000006f14000 	/System/Library/Frameworks/Accelerate.framework/Versions/A/Frameworks/vecLib.framework/Versions/A/libLAPACK.dylib
0x0000000006f14000 	/System/Library/Frameworks/Accelerate.framework/Versions/A/Frameworks/vecLib.framework/Versions/A/libBLAS.dylib
0x0000000006f14000 	/System/Library/Frameworks/Accelerate.framework/Versions/A/Frameworks/vecLib.framework/Versions/A/libLinearAlgebra.dylib
0x0000000006f14000 	/System/Library/Frameworks/ApplicationServices.framework/Versions/A/Frameworks/ATS.framework/Versions/A/Resources/libFontParser.dylib
0x0000000006f14000 	/System/Library/Frameworks/ApplicationServices.framework/Versions/A/Frameworks/ATS.framework/Versions/A/Resources/libFontRegistry.dylib
0x0000000006f14000 	/System/Library/PrivateFrameworks/AppleVPA.framework/Versions/A/AppleVPA
0x0000000006f14000 	/System/Library/PrivateFrameworks/AppleJPEG.framework/Versions/A/AppleJPEG
0x0000000006f14000 	/System/Library/Frameworks/ImageIO.framework/Versions/A/Resources/libJPEG.dylib
0x0000000006f14000 	/System/Library/Frameworks/ImageIO.framework/Versions/A/Resources/libTIFF.dylib
0x0000000006f14000 	/System/Library/Frameworks/ImageIO.framework/Versions/A/Resources/libPng.dylib
0x0000000006f14000 	/System/Library/Frameworks/ImageIO.framework/Versions/A/Resources/libGIF.dylib
0x0000000006f14000 	/System/Library/Frameworks/ImageIO.framework/Versions/A/Resources/libJP2.dylib
0x0000000006f14000 	/System/Library/Frameworks/ImageIO.framework/Versions/A/Resources/libRadiance.dylib
0x0000000006f14000 	/System/Library/Frameworks/CoreVideo.framework/Versions/A/CoreVideo
0x0000000006f14000 	/System/Library/Frameworks/OpenGL.framework/Versions/A/Libraries/libGLU.dylib
0x0000000006f14000 	/System/Library/Frameworks/OpenGL.framework/Versions/A/Libraries/libGFXShared.dylib
0x0000000006f14000 	/System/Library/Frameworks/OpenGL.framework/Versions/A/Libraries/libGL.dylib
0x0000000006f14000 	/System/Library/Frameworks/OpenGL.framework/Versions/A/Libraries/libGLImage.dylib
0x0000000006f14000 	/System/Library/Frameworks/OpenGL.framework/Versions/A/Libraries/libCVMSPluginSupport.dylib
0x0000000006f14000 	/System/Library/Frameworks/OpenGL.framework/Versions/A/Libraries/libCoreVMClient.dylib
0x0000000006f14000 	/usr/lib/libcups.2.dylib
0x0000000006f14000 	/System/Library/Frameworks/Kerberos.framework/Versions/A/Kerberos
0x0000000006f14000 	/System/Library/Frameworks/GSS.framework/Versions/A/GSS
0x0000000006f14000 	/usr/lib/libresolv.9.dylib
0x0000000006f14000 	/usr/lib/libiconv.2.dylib
0x0000000006f14000 	/System/Library/PrivateFrameworks/Heimdal.framework/Versions/A/Heimdal
0x0000000006f14000 	/usr/lib/libheimdal-asn1.dylib
0x0000000006f14000 	/System/Library/Frameworks/OpenDirectory.framework/Versions/A/OpenDirectory
0x0000000006f14000 	/System/Library/PrivateFrameworks/CommonAuth.framework/Versions/A/CommonAuth
0x0000000006f14000 	/System/Library/Frameworks/OpenDirectory.framework/Versions/A/Frameworks/CFOpenDirectory.framework/Versions/A/CFOpenDirectory
0x0000000006f14000 	/System/Library/Frameworks/SecurityFoundation.framework/Versions/A/SecurityFoundation
0x0000000006f14000 	/System/Library/PrivateFrameworks/LanguageModeling.framework/Versions/A/LanguageModeling
0x0000000006f14000 	/usr/lib/libcmph.dylib
0x0000000006f14000 	/System/Library/Frameworks/ServiceManagement.framework/Versions/A/ServiceManagement
0x0000000006f14000 	/usr/lib/libxslt.1.dylib
0x0000000006f14000 	/System/Library/Frameworks/Carbon.framework/Versions/A/Frameworks/Ink.framework/Versions/A/Ink
0x0000000006f14000 	/System/Library/Frameworks/QuartzCore.framework/Versions/A/Frameworks/CoreImage.framework/Versions/A/CoreImage
0x0000000006f14000 	/System/Library/PrivateFrameworks/CrashReporterSupport.framework/Versions/A/CrashReporterSupport
0x0000000006f14000 	/System/Library/Frameworks/OpenCL.framework/Versions/A/OpenCL
0x0000000006f14000 	/System/Library/PrivateFrameworks/FaceCore.framework/Versions/A/FaceCore
0x0000000006f14000 	/System/Library/PrivateFrameworks/Ubiquity.framework/Versions/A/Ubiquity
0x0000000006f14000 	/System/Library/PrivateFrameworks/IconServices.framework/Versions/A/IconServices
0x0000000006f14000 	/System/Library/PrivateFrameworks/ChunkingLibrary.framework/Versions/A/ChunkingLibrary
0x0000000006f14000 	/System/Library/PrivateFrameworks/Apple80211.framework/Versions/A/Apple80211
0x0000000006f14000 	/System/Library/Frameworks/CoreWLAN.framework/Versions/A/CoreWLAN
0x0000000006f14000 	/System/Library/Frameworks/IOBluetooth.framework/Versions/A/IOBluetooth
0x0000000006f14000 	/System/Library/PrivateFrameworks/CoreWiFi.framework/Versions/A/CoreWiFi
0x0000000006f14000 	/System/Library/Frameworks/CoreBluetooth.framework/Versions/A/CoreBluetooth
0x0000000006f14000 	/System/Library/PrivateFrameworks/DebugSymbols.framework/Versions/A/DebugSymbols
0x0000000006f14000 	/System/Library/PrivateFrameworks/CoreSymbolication.framework/Versions/A/CoreSymbolication
0x0000000006f14000 	/System/Library/PrivateFrameworks/Symbolication.framework/Versions/A/Symbolication
0x0000000006f14000 	/System/Library/PrivateFrameworks/SpeechRecognitionCore.framework/Versions/A/SpeechRecognitionCore
0x000000010ea00000 	/Library/Java/JavaVirtualMachines/jdk1.8.0_60.jdk/Contents/Home/jre/lib/server/libjvm.dylib
0x0000000006f14000 	/usr/lib/libstdc++.6.dylib
0x000000010d93f000 	/Library/Java/JavaVirtualMachines/jdk1.8.0_60.jdk/Contents/Home/jre/lib/libverify.dylib
0x000000010d94d000 	/Library/Java/JavaVirtualMachines/jdk1.8.0_60.jdk/Contents/Home/jre/lib/libjava.dylib
0x000000010d98c000 	/Library/Java/JavaVirtualMachines/jdk1.8.0_60.jdk/Contents/Home/jre/lib/libzip.dylib
0x000000010d9e6000 	/System/Library/Frameworks/JavaVM.framework/Frameworks/JavaRuntimeSupport.framework/JavaRuntimeSupport
0x000000012b50f000 	/System/Library/Frameworks/JavaVM.framework/Versions/A/Frameworks/JavaNativeFoundation.framework/Versions/A/JavaNativeFoundation
0x000000012b524000 	/System/Library/Frameworks/JavaVM.framework/Versions/A/JavaVM
0x0000000006f14000 	/System/Library/Frameworks/Carbon.framework/Versions/A/Carbon
0x000000012b531000 	/System/Library/PrivateFrameworks/JavaLaunching.framework/Versions/A/JavaLaunching
0x0000000006f14000 	/System/Library/Frameworks/Carbon.framework/Versions/A/Frameworks/CommonPanels.framework/Versions/A/CommonPanels
0x0000000006f14000 	/System/Library/Frameworks/Carbon.framework/Versions/A/Frameworks/Help.framework/Versions/A/Help
0x0000000006f14000 	/System/Library/Frameworks/Carbon.framework/Versions/A/Frameworks/ImageCapture.framework/Versions/A/ImageCapture
0x0000000006f14000 	/System/Library/Frameworks/Carbon.framework/Versions/A/Frameworks/OpenScripting.framework/Versions/A/OpenScripting
0x0000000006f14000 	/System/Library/Frameworks/Carbon.framework/Versions/A/Frameworks/Print.framework/Versions/A/Print
0x0000000006f14000 	/System/Library/Frameworks/Carbon.framework/Versions/A/Frameworks/SecurityHI.framework/Versions/A/SecurityHI
0x000000012d568000 	/Library/Java/JavaVirtualMachines/jdk1.8.0_60.jdk/Contents/Home/jre/lib/libawt.dylib
0x000000012d610000 	/Library/Java/JavaVirtualMachines/jdk1.8.0_60.jdk/Contents/Home/jre/lib/./libmlib_image.dylib
0x000000012d6dc000 	/Library/Java/JavaVirtualMachines/jdk1.8.0_60.jdk/Contents/Home/jre/lib/libawt_lwawt.dylib
0x000000012d791000 	/Library/Java/JavaVirtualMachines/jdk1.8.0_60.jdk/Contents/Home/jre/lib/./libosxapp.dylib
0x0000000006f14000 	/System/Library/Frameworks/ExceptionHandling.framework/Versions/A/ExceptionHandling
0x0000000006f14000 	/System/Library/PrivateFrameworks/CoreServicesInternal.framework/Versions/A/CoreServicesInternal
0x0000000006f14000 	/System/Library/PrivateFrameworks/CloudDocs.framework/Versions/A/CloudDocs
0x0000000006f14000 	/System/Library/PrivateFrameworks/CoreDuet.framework/Versions/A/CoreDuet
0x0000000006f14000 	/System/Library/Frameworks/CloudKit.framework/Versions/A/CloudKit
0x0000000006f14000 	/System/Library/PrivateFrameworks/ProtocolBuffer.framework/Versions/A/ProtocolBuffer
0x0000000006f14000 	/System/Library/PrivateFrameworks/CoreDuetDaemonProtocol.framework/Versions/A/CoreDuetDaemonProtocol
0x0000000006f14000 	/System/Library/PrivateFrameworks/CoreDuetDebugLogging.framework/Versions/A/CoreDuetDebugLogging
0x0000000006f14000 	/System/Library/PrivateFrameworks/MMCS.framework/Versions/A/MMCS
0x0000000006f14000 	/System/Library/Frameworks/CoreLocation.framework/Versions/A/CoreLocation
0x0000000006f14000 	/System/Library/PrivateFrameworks/ProtectedCloudStorage.framework/Versions/A/ProtectedCloudStorage
0x0000000006f14000 	/System/Library/PrivateFrameworks/GeoServices.framework/Versions/A/GeoServices
0x000000012efa0000 	/System/Library/Frameworks/CoreGraphics.framework/Versions/A/Resources/libCGCMS.A.dylib
0x000000012fd83000 	/System/Library/Frameworks/CoreGraphics.framework/Versions/A/Resources/libRIP.A.dylib
0x00000001300c9000 	/System/Library/Frameworks/CoreGraphics.framework/Versions/A/Resources/libCGXType.A.dylib
0x0000000006f14000 	/System/Library/Frameworks/OpenCL.framework/Versions/A/Libraries/libcldcpuengine.dylib
0x0000000006f14000 	/System/Library/PrivateFrameworks/DiskImages.framework/Versions/A/DiskImages
0x0000000006f14000 	/System/Library/Frameworks/DiscRecording.framework/Versions/A/DiscRecording
0x0000000006f14000 	/usr/lib/libcsfde.dylib
0x0000000006f14000 	/usr/lib/libcurl.4.dylib
0x0000000006f14000 	/System/Library/PrivateFrameworks/MediaKit.framework/Versions/A/MediaKit
0x0000000006f14000 	/usr/lib/libCoreStorage.dylib
0x0000000006f14000 	/System/Library/PrivateFrameworks/EFILogin.framework/Versions/A/EFILogin
0x0000000006f14000 	/usr/lib/libutil.dylib
0x0000000006f14000 	/System/Library/PrivateFrameworks/FindMyDevice.framework/Versions/A/FindMyDevice
0x0000000006f14000 	/System/Library/Frameworks/LDAP.framework/Versions/A/LDAP
0x0000000006f14000 	/usr/lib/libsasl2.2.dylib
0x0000000006f14000 	/System/Library/PrivateFrameworks/CoreDaemon.framework/Versions/B/CoreDaemon
0x0000000006f14000 	/usr/lib/libcrypto.0.9.8.dylib
0x0000000006f14000 	/System/Library/PrivateFrameworks/AppleSRP.framework/Versions/A/AppleSRP
0x0000000006f14000 	/System/Library/PrivateFrameworks/TrustEvaluationAgent.framework/Versions/A/TrustEvaluationAgent
0x0000000130b3c000 	cl_kernels
0x0000000130b3e000 	/System/Library/Frameworks/OpenCL.framework/Versions/A/Libraries/ImageFormats/unorm8_bgra.dylib
0x0000000130b2e000 	cl_kernels
0x0000000006f14000 	/System/Library/PrivateFrameworks/FamilyControls.framework/Versions/A/FamilyControls
0x0000000006f14000 	/System/Library/PrivateFrameworks/CommerceKit.framework/Versions/A/Frameworks/CommerceCore.framework/Versions/A/CommerceCore
0x0000000006f14000 	/System/Library/PrivateFrameworks/SystemAdministration.framework/Versions/A/SystemAdministration
0x0000000006f14000 	/System/Library/PrivateFrameworks/AppContainer.framework/Versions/A/AppContainer
0x0000000006f14000 	/System/Library/PrivateFrameworks/SecCodeWrapper.framework/Versions/A/SecCodeWrapper
0x0000000006f14000 	/System/Library/Frameworks/DirectoryService.framework/Versions/A/DirectoryService
0x0000000006f14000 	/System/Library/PrivateFrameworks/LoginUIKit.framework/Versions/A/Frameworks/LoginUICore.framework/Versions/A/LoginUICore
0x0000000006f14000 	/usr/lib/libodfde.dylib
0x0000000006f14000 	/System/Library/Frameworks/OpenGL.framework/Versions/A/Resources/GLEngine.bundle/GLEngine
0x0000000006f14000 	/System/Library/Frameworks/OpenGL.framework/Versions/A/Libraries/libGLProgrammability.dylib
0x000000013208c000 	/System/Library/Extensions/AppleIntelHD5000GraphicsGLDriver.bundle/Contents/MacOS/AppleIntelHD5000GraphicsGLDriver
0x0000000006f14000 	/System/Library/PrivateFrameworks/IOAccelerator.framework/Versions/A/IOAccelerator
0x0000000006f14000 	/System/Library/PrivateFrameworks/GPUSupport.framework/Versions/A/Libraries/libGPUSupportMercury.dylib
0x0000000000000000 	/System/Library/Extensions/GeForceGLDriver.bundle/Contents/MacOS/GeForceGLDriver
0x0000000006f14000 	/System/Library/Extensions/GeForceGLDriver.bundle/Contents/MacOS/libclh.dylib
0x0000000006f14000 	/System/Library/Frameworks/OpenGL.framework/Versions/A/Resources/GLRendererFloat.bundle/GLRendererFloat
0x0000000133524000 	/Library/Java/JavaVirtualMachines/jdk1.8.0_60.jdk/Contents/Home/jre/lib/libfontmanager.dylib
0x0000000135292000 	/Library/Java/JavaVirtualMachines/jdk1.8.0_60.jdk/Contents/Home/jre/lib/libosxui.dylib
0x000000013555f000 	/Library/Java/JavaVirtualMachines/jdk1.8.0_60.jdk/Contents/Home/jre/lib/libnet.dylib
0x00000001355be000 	/Library/Java/JavaVirtualMachines/jdk1.8.0_60.jdk/Contents/Home/jre/lib/libnio.dylib
0x0000000006f14000 	/System/Library/Frameworks/ApplicationServices.framework/Versions/A/Frameworks/ATS.framework/Versions/A/Resources/libTrueTypeScaler.dylib
0x000000018dde7000 	/private/var/folders/0q/mnmr2rb14273d107szplrrw80000gn/T/jogamp_0000/file_cache/jln7475150879135071141/jln4404192419807953539/libgluegen-rt.jnilib
0x000000018de86000 	/private/var/folders/0q/mnmr2rb14273d107szplrrw80000gn/T/jogamp_0000/file_cache/jln7475150879135071141/jln4404192419807953539/libnativewindow_awt.jnilib
0x000000018de89000 	/Library/Java/JavaVirtualMachines/jdk1.8.0_60.jdk/Contents/Home/jre/lib/libjawt.dylib
0x000000018de8c000 	/private/var/folders/0q/mnmr2rb14273d107szplrrw80000gn/T/jogamp_0000/file_cache/jln7475150879135071141/jln4404192419807953539/libnativewindow_macosx.jnilib
0x000000019039b000 	/private/var/folders/0q/mnmr2rb14273d107szplrrw80000gn/T/jogamp_0000/file_cache/jln7475150879135071141/jln4404192419807953539/libjogl_desktop.jnilib

VM Arguments:
jvm_args: -Djava.security.policy=java.policy.applet -Dfile.encoding=UTF-8 
java_command: sun.applet.AppletViewer ch.ecal.processing.threeD.Use3D1441972877893.html
java_class_path (initial): /Users/stella_speziali/Documents/Processing/WorkSpace/processingll/processingllecal/bin:/Users/stella_speziali/Documents/Processing/WorkSpace/processingll/processingllecal/lib/core.jar:/Users/stella_speziali/Documents/Processing/WorkSpace/processingll/processingllecal/lib/gluegen-rt-natives-linux-amd64.jar:/Users/stella_speziali/Documents/Processing/WorkSpace/processingll/processingllecal/lib/gluegen-rt-natives-linux-armv6hf.jar:/Users/stella_speziali/Documents/Processing/WorkSpace/processingll/processingllecal/lib/gluegen-rt-natives-linux-i586.jar:/Users/stella_speziali/Documents/Processing/WorkSpace/processingll/processingllecal/lib/gluegen-rt-natives-macosx-universal.jar:/Users/stella_speziali/Documents/Processing/WorkSpace/processingll/processingllecal/lib/gluegen-rt-natives-windows-amd64.jar:/Users/stella_speziali/Documents/Processing/WorkSpace/processingll/processingllecal/lib/gluegen-rt-natives-windows-i586.jar:/Users/stella_speziali/Documents/Processing/WorkSpace/processingll/processingllecal/lib/gluegen-rt.jar:/Users/stella_speziali/Documents/Processing/WorkSpace/processingll/processingllecal/lib/jogl-all-natives-linux-amd64.jar:/Users/stella_speziali/Documents/Processing/WorkSpace/processingll/processingllecal/lib/jogl-all-natives-linux-armv6hf.jar:/Users/stella_speziali/Documents/Processing/WorkSpace/processingll/processingllecal/lib/jogl-all-natives-linux-i586.jar:/Users/stella_speziali/Documents/Processing/WorkSpace/processingll/processingllecal/lib/jogl-all-natives-macosx-universal.jar:/Users/stella_speziali/Documents/Processing/WorkSpace/processingll/processingllecal/lib/jogl-all-natives-windows-amd64.jar:/Users/stella_speziali/Documents/Processing/WorkSpace/processingll/processingllecal/lib/jogl-all-natives-windows-i586.jar:/Users/stella_speziali/Documents/Processing/WorkSpace/processingll/processingllecal/lib/jogl-all.jar
Launcher Type: SUN_STANDARD

Environment Variables:
PATH=/usr/bin:/bin:/usr/sbin:/sbin
SHELL=/bin/bash

Signal Handlers:
SIGSEGV: [libjvm.dylib+0x5a6d31], sa_mask[0]=11111111011111110111111111111111, sa_flags=SA_ONSTACK|SA_RESTART|SA_SIGINFO
SIGBUS: [libjvm.dylib+0x5a6d31], sa_mask[0]=11111111011111110111111111111111, sa_flags=SA_RESTART|SA_SIGINFO
SIGFPE: [libjvm.dylib+0x480a4c], sa_mask[0]=11111111011111110111111111111111, sa_flags=SA_RESTART|SA_SIGINFO
SIGPIPE: [libjvm.dylib+0x480a4c], sa_mask[0]=11111111011111110111111111111111, sa_flags=SA_RESTART|SA_SIGINFO
SIGXFSZ: [libjvm.dylib+0x480a4c], sa_mask[0]=11111111011111110111111111111111, sa_flags=SA_RESTART|SA_SIGINFO
SIGILL: [libjvm.dylib+0x480a4c], sa_mask[0]=11111111011111110111111111111111, sa_flags=SA_RESTART|SA_SIGINFO
SIGUSR1: SIG_DFL, sa_mask[0]=00000000000000000000000000000000, sa_flags=none
SIGUSR2: [libjvm.dylib+0x48056a], sa_mask[0]=00100000000000000000000000000000, sa_flags=SA_RESTART|SA_SIGINFO
SIGHUP: [libjvm.dylib+0x47eb41], sa_mask[0]=11111111011111110111111111111111, sa_flags=SA_RESTART|SA_SIGINFO
SIGINT: [libjvm.dylib+0x47eb41], sa_mask[0]=11111111011111110111111111111111, sa_flags=SA_RESTART|SA_SIGINFO
SIGTERM: [libjvm.dylib+0x47eb41], sa_mask[0]=11111111011111110111111111111111, sa_flags=SA_RESTART|SA_SIGINFO
SIGQUIT: [libjvm.dylib+0x47eb41], sa_mask[0]=11111111011111110111111111111111, sa_flags=SA_RESTART|SA_SIGINFO


---------------  S Y S T E M  ---------------

OS:Bsduname:Darwin 14.5.0 Darwin Kernel Version 14.5.0: Wed Jul 29 02:26:53 PDT 2015; root:xnu-2782.40.9~1/RELEASE_X86_64 x86_64
rlimit: STACK 8192k, CORE 0k, NPROC 709, NOFILE 10240, AS infinity
load average:1.42 1.39 1.34

CPU:total 8 (4 cores per cpu, 2 threads per core) family 6 model 70 stepping 1, cmov, cx8, fxsr, mmx, sse, sse2, sse3, ssse3, sse4.1, sse4.2, popcnt, avx, avx2, aes, clmul, erms, rtm, lzcnt, ht, tsc, tscinvbit, bmi1, bmi2

Memory: 4k page, physical 16777216k(3929704k free)

/proc/meminfo:


vm_info: Java HotSpot(TM) 64-Bit Server VM (25.60-b23) for bsd-amd64 JRE (1.8.0_60-b27), built on Aug  4 2015 10:47:24 by "java_re" with gcc 4.2.1 (Based on Apple Inc. build 5658) (LLVM build 2336.11.00)

time: Fri Sep 11 14:01:26 2015
elapsed time: 8 seconds (0d 0h 0m 8s)

