#
# A fatal error has been detected by the Java Runtime Environment:
#
#  SIGSEGV (0xb) at pc=0x00007fff948c90dd, pid=18913, tid=1811
#
# JRE version: Java(TM) SE Runtime Environment (8.0_60-b27) (build 1.8.0_60-b27)
# Java VM: Java HotSpot(TM) 64-Bit Server VM (25.60-b23 mixed mode bsd-amd64 compressed oops)
# Problematic frame:
# C  [libobjc.A.dylib+0x10dd]  objc_msgSend+0x1d
#
# Failed to write core dump. Core dumps have been disabled. To enable core dumping, try "ulimit -c unlimited" before starting Java again
#
# If you would like to submit a bug report, please visit:
#   http://bugreport.java.com/bugreport/crash.jsp
# The crash happened outside the Java Virtual Machine in native code.
# See problematic frame for where to report the bug.
#

---------------  T H R E A D  ---------------

Current thread (0x00007fdfad8aa800):  JavaThread "AWT-AppKit" daemon [_thread_in_native, id=1811, stack(0x00007fff51d28000,0x00007fff52528000)]

siginfo: si_signo: 11 (SIGSEGV), si_code: 1 (SEGV_MAPERR), si_addr: 0x0000000000000018

Registers:
RAX=0x00007fdfb1ec5430, RBX=0x000000018d045450, RCX=0x000000018dd2b8a0, RDX=0x000000018dd2bf60
RSP=0x00007fff525230e8, RBP=0x00007fff525231a0, RSI=0x00007fff8defa40f, RDI=0x00007fdfb2267730
R8 =0x0000000000000000, R9 =0x0000000000000f50, R10=0x00007fff8defa40f, R11=0x0000000000000000
R12=0x0000000000000000, R13=0x000000018e79db50, R14=0x000000018d045440, R15=0x00007fdfad8aa800
RIP=0x00007fff948c90dd, EFLAGS=0x0000000000010246, ERR=0x0000000000000004
  TRAPNO=0x000000000000000e

Top of Stack: (sp=0x00007fff525230e8)
0x00007fff525230e8:   000000018d043157 00007fff52523140
0x00007fff525230f8:   0000000000000003 00007fff52523120
0x00007fff52523108:   000000010e9f1992 000000018e79db50
0x00007fff52523118:   000000018e79db50 00007fdfb1ec5430
0x00007fff52523128:   000000018d0456a0 000000018d045710
0x00007fff52523138:   00007fff79196550 00007fff794cac80
0x00007fff52523148:   000000018d045450 000000018d045690
0x00007fff52523158:   00007fdfb1ec5430 00007fdfb2267730
0x00007fff52523168:   00007fdfaac4f170 00007fdfb1ec5430
0x00007fff52523178:   00007fdfb2267730 00007fff52523220
0x00007fff52523188:   00007fdfad8aa9f8 000000018e79db50
0x00007fff52523198:   00007fff52523248 00007fff52523210
0x00007fff525231a8:   000000010f8e7954 00007fff52523210
0x00007fff525231b8:   000000010f8e76d9 000000010f8f3823
0x00007fff525231c8:   000000010f8e76a2 00007fff525231d0
0x00007fff525231d8:   000000018e79db50 00007fff52523248
0x00007fff525231e8:   000000018e7a0788 0000000000000000
0x00007fff525231f8:   000000018e79db50 0000000000000000
0x00007fff52523208:   00007fff52523230 00007fff52523290
0x00007fff52523218:   000000010f8d9c4d 000000076da1b4e0
0x00007fff52523228:   000000010f8e1578 00007fdfb1ec5430
0x00007fff52523238:   000000010f8e2db9 00007fdfb2267730
0x00007fff52523248:   000000010f8e2d82 00007fff52523250
0x00007fff52523258:   000000018e79dd1a 00007fff525232b8
0x00007fff52523268:   000000018e7a0788 0000000000000000
0x00007fff52523278:   000000018e79dd28 00007fff52523230
0x00007fff52523288:   00007fff525232a0 00007fff52523300
0x00007fff52523298:   000000010f8d9c4d 00007fdfb1ec5430
0x00007fff525232a8:   000000076da25760 00007fdfb2267730
0x00007fff525232b8:   000000076da25760 00007fff525232c0
0x00007fff525232c8:   000000018e86ad2e 00007fff52523310
0x00007fff525232d8:   000000018e86ade8 0000000000000000 

Instructions: (pc=0x00007fff948c90dd)
0x00007fff948c90bd:   00 00 00 48 85 ff 2e 74 7a 40 f6 c7 01 2e 75 7e
0x00007fff948c90cd:   49 bb f8 ff ff ff ff 7f 00 00 4c 23 1f 49 89 f2
0x00007fff948c90dd:   45 23 53 18 49 c1 e2 04 4d 03 53 10 49 3b 32 75
0x00007fff948c90ed:   04 41 ff 62 08 49 83 3a 00 74 6a 4d 3b 53 10 74 

Register to memory mapping:

RAX=0x00007fdfb1ec5430 is an unknown value
RBX=0x000000018d045450: Java_jogamp_nativewindow_macosx_OSXUtil_GetScreenRefreshRate0+0x1cf0 in /private/var/folders/0q/mnmr2rb14273d107szplrrw80000gn/T/jogamp_0000/file_cache/jln7996182606643815021/jln3356461380831090944/libnativewindow_macosx.jnilib at 0x000000018d03e000
RCX=0x000000018dd2b8a0 is an unknown value
RDX=0x000000018dd2bf60 is an unknown value
RSP=0x00007fff525230e8 is pointing into the stack for thread: 0x00007fdfad8aa800
RBP=0x00007fff525231a0 is pointing into the stack for thread: 0x00007fdfad8aa800
RSI=0x00007fff8defa40f is an unknown value
RDI=0x00007fdfb2267730 is an unknown value
R8 =0x0000000000000000 is an unknown value
R9 =0x0000000000000f50 is an unknown value
R10=0x00007fff8defa40f is an unknown value
R11=0x0000000000000000 is an unknown value
R12=0x0000000000000000 is an unknown value
R13={method} {0x000000018e79db50} 'UnsetJAWTRootSurfaceLayer0' '(JJ)V' in 'jogamp/nativewindow/jawt/macosx/MacOSXJAWTWindow'
R14=0x000000018d045440: Java_jogamp_nativewindow_macosx_OSXUtil_GetScreenRefreshRate0+0x1ce0 in /private/var/folders/0q/mnmr2rb14273d107szplrrw80000gn/T/jogamp_0000/file_cache/jln7996182606643815021/jln3356461380831090944/libnativewindow_macosx.jnilib at 0x000000018d03e000
R15=0x00007fdfad8aa800 is a thread


Stack: [0x00007fff51d28000,0x00007fff52528000],  sp=0x00007fff525230e8,  free space=8172k
Native frames: (J=compiled Java code, j=interpreted, Vv=VM code, C=native code)
C  [libobjc.A.dylib+0x10dd]  objc_msgSend+0x1d
j  jogamp.nativewindow.jawt.macosx.MacOSXJAWTWindow.UnsetJAWTRootSurfaceLayer0(JJ)V+0
j  jogamp.nativewindow.jawt.macosx.MacOSXJAWTWindow.access$200(JJ)V+2
j  jogamp.nativewindow.jawt.macosx.MacOSXJAWTWindow$1.run()V+38
j  com.jogamp.common.util.RunnableTask.run()V+24
v  ~StubRoutines::call_stub
V  [libjvm.dylib+0x2eab0e]  JavaCalls::call_helper(JavaValue*, methodHandle*, JavaCallArguments*, Thread*)+0x6ae
V  [libjvm.dylib+0x321bb7]  jni_invoke_nonstatic(JNIEnv_*, JavaValue*, _jobject*, JNICallType, _jmethodID*, JNI_ArgumentPusher*, Thread*)+0x2ec
V  [libjvm.dylib+0x31438b]  jni_CallVoidMethod+0x16b
C  [libnativewindow_macosx.jnilib+0x5326]  Java_jogamp_nativewindow_jawt_macosx_MacOSXJAWTWindow_UnsetJAWTRootSurfaceLayer0+0x2b6
C  [Foundation+0x92dd0]  __NSThreadPerformPerform+0x125
C  [CoreFoundation+0x80a01]  __CFRUNLOOP_IS_CALLING_OUT_TO_A_SOURCE0_PERFORM_FUNCTION__+0x11
C  [CoreFoundation+0x72c5c]  __CFRunLoopDoSources0+0x1dc
C  [CoreFoundation+0x721bf]  __CFRunLoopRun+0x39f
C  [CoreFoundation+0x71bd8]  CFRunLoopRunSpecific+0x128
C  [HIToolbox+0x3256f]  RunCurrentEventLoopInMode+0xeb
C  [HIToolbox+0x321ee]  ReceiveNextEventCommon+0xb3
C  [HIToolbox+0x3212b]  _BlockUntilNextEventMatchingListInModeWithFilter+0x47
C  [AppKit+0x918ab]  _DPSNextEvent+0x3d2
C  [AppKit+0x90e58]  -[NSApplication nextEventMatchingMask:untilDate:inMode:dequeue:]+0x15a
C  [libosxapp.dylib+0x23aa]  -[NSApplicationAWT nextEventMatchingMask:untilDate:inMode:dequeue:]+0x7c
C  [AppKit+0x86af3]  -[NSApplication run]+0x252
C  [libosxapp.dylib+0x214d]  +[NSApplicationAWT runAWTLoopWithApp:]+0x9c
C  [libawt_lwawt.dylib+0x44517]  -[AWTStarter starter:]+0x389
C  [Foundation+0x92dd0]  __NSThreadPerformPerform+0x125
C  [CoreFoundation+0x80a01]  __CFRUNLOOP_IS_CALLING_OUT_TO_A_SOURCE0_PERFORM_FUNCTION__+0x11
C  [CoreFoundation+0x72b8d]  __CFRunLoopDoSources0+0x10d
C  [CoreFoundation+0x721bf]  __CFRunLoopRun+0x39f
C  [CoreFoundation+0x71bd8]  CFRunLoopRunSpecific+0x128
C  [java+0x6463]  CreateExecutionEnvironment+0x367
C  [java+0x21ac]  JLI_Launch+0x7a0
C  [java+0x84c0]  main+0x65
C  [java+0x1a04]  start+0x34
C  0x0000000000000007

Java frames: (J=compiled Java code, j=interpreted, Vv=VM code)
j  jogamp.nativewindow.jawt.macosx.MacOSXJAWTWindow.UnsetJAWTRootSurfaceLayer0(JJ)V+0
j  jogamp.nativewindow.jawt.macosx.MacOSXJAWTWindow.access$200(JJ)V+2
j  jogamp.nativewindow.jawt.macosx.MacOSXJAWTWindow$1.run()V+38
j  com.jogamp.common.util.RunnableTask.run()V+24
v  ~StubRoutines::call_stub

---------------  P R O C E S S  ---------------

Java Threads: ( => current thread )
  0x00007fdfac64b000 JavaThread "Thread-3" [_thread_blocked, id=66835, stack(0x0000000190b91000,0x0000000190c91000)]
  0x00007fdfab3f1000 JavaThread "AWT-EventQueue-1" [_thread_in_native, id=61483, stack(0x000000018dd2d000,0x000000018de2d000)]
  0x00007fdfae055000 JavaThread "DestroyJavaVM" [_thread_blocked, id=4867, stack(0x000000010f78a000,0x000000010f88a000)]
  0x00007fdfae13c000 JavaThread "AWT-EventQueue-0" [_thread_blocked, id=59407, stack(0x000000013459d000,0x000000013469d000)]
  0x00007fdfada59800 JavaThread "Java2D Disposer" daemon [_thread_blocked, id=55307, stack(0x0000000132ec8000,0x0000000132fc8000)]
  0x00007fdfada26000 JavaThread "Java2D Queue Flusher" daemon [_thread_blocked, id=53255, stack(0x00000001319fc000,0x0000000131afc000)]
  0x00007fdfae11d000 JavaThread "AWT-Shutdown" [_thread_blocked, id=30483, stack(0x000000012eedd000,0x000000012efdd000)]
=>0x00007fdfad8aa800 JavaThread "AWT-AppKit" daemon [_thread_in_native, id=1811, stack(0x00007fff51d28000,0x00007fff52528000)]
  0x00007fdfac037800 JavaThread "Service Thread" daemon [_thread_blocked, id=20739, stack(0x000000012d2df000,0x000000012d3df000)]
  0x00007fdfae00e000 JavaThread "C1 CompilerThread3" daemon [_thread_blocked, id=20227, stack(0x000000012d1dc000,0x000000012d2dc000)]
  0x00007fdfac035000 JavaThread "C2 CompilerThread2" daemon [_thread_blocked, id=19715, stack(0x000000012d0d9000,0x000000012d1d9000)]
  0x00007fdfac034000 JavaThread "C2 CompilerThread1" daemon [_thread_blocked, id=19203, stack(0x000000012cfd6000,0x000000012d0d6000)]
  0x00007fdfad839000 JavaThread "C2 CompilerThread0" daemon [_thread_blocked, id=18691, stack(0x000000012ced3000,0x000000012cfd3000)]
  0x00007fdfad826800 JavaThread "Signal Dispatcher" daemon [_thread_blocked, id=14615, stack(0x000000012cdd0000,0x000000012ced0000)]
  0x00007fdfae003000 JavaThread "Finalizer" daemon [_thread_blocked, id=13571, stack(0x000000012b3a6000,0x000000012b4a6000)]
  0x00007fdfae002000 JavaThread "Reference Handler" daemon [_thread_blocked, id=13059, stack(0x000000012b2a3000,0x000000012b3a3000)]

Other Threads:
  0x00007fdfad81b800 VMThread [stack: 0x000000012b1a0000,0x000000012b2a0000] [id=12547]
  0x00007fdfac038800 WatcherThread [stack: 0x000000012d3e2000,0x000000012d4e2000] [id=21251]

VM state:not at safepoint (normal execution)

VM Mutex/Monitor currently owned by a thread: None

Heap:
 PSYoungGen      total 76288K, used 54597K [0x000000076ab00000, 0x0000000770000000, 0x00000007c0000000)
  eden space 65536K, 83% used [0x000000076ab00000,0x000000076e051760,0x000000076eb00000)
  from space 10752K, 0% used [0x000000076f580000,0x000000076f580000,0x0000000770000000)
  to   space 10752K, 0% used [0x000000076eb00000,0x000000076eb00000,0x000000076f580000)
 ParOldGen       total 175104K, used 0K [0x00000006c0000000, 0x00000006cab00000, 0x000000076ab00000)
  object space 175104K, 0% used [0x00000006c0000000,0x00000006c0000000,0x00000006cab00000)
 Metaspace       used 17540K, capacity 17773K, committed 18048K, reserved 1064960K
  class space    used 1754K, capacity 1825K, committed 1920K, reserved 1048576K

Card table byte_map: [0x000000011ec92000,0x000000011f493000] byte_map_base: 0x000000011b692000

Marking Bits: (ParMarkBitMap*) 0x000000010f0dee20
 Begin Bits: [0x0000000120201000, 0x0000000124201000)
 End Bits:   [0x0000000124201000, 0x0000000128201000)

Polling page: 0x000000010d7fc000

CodeCache: size=245760Kb used=4554Kb max_used=4554Kb free=241205Kb
 bounds [0x000000010f8d2000, 0x000000010fd52000, 0x000000011e8d2000]
 total_blobs=2072 nmethods=1221 adapters=765
 compilation: enabled

Compilation events (10 events):
Event: 3.912 Thread 0x00007fdfae00e000 1216       3       java.awt.Component$1::getAppContext (5 bytes)
Event: 3.913 Thread 0x00007fdfae00e000 nmethod 1216 0x000000010fd44ed0 code [0x000000010fd45040, 0x000000010fd45190]
Event: 3.922 Thread 0x00007fdfae00e000 1218       3       java.util.HashSet::remove (20 bytes)
Event: 3.922 Thread 0x00007fdfae00e000 nmethod 1218 0x000000010fd455d0 code [0x000000010fd45780, 0x000000010fd45cf8]
Event: 3.922 Thread 0x00007fdfae00e000 1219       3       sun.java2d.SunGraphics2D::validateColor (102 bytes)
Event: 3.922 Thread 0x00007fdfae00e000 nmethod 1219 0x000000010fd45ed0 code [0x000000010fd46080, 0x000000010fd466e8]
Event: 3.922 Thread 0x00007fdfae00e000 1220       3       sun.java2d.SurfaceData::pixelFor (13 bytes)
Event: 3.923 Thread 0x00007fdfae00e000 nmethod 1220 0x000000010fd46890 code [0x000000010fd46a00, 0x000000010fd46d08]
Event: 3.923 Thread 0x00007fdfae00e000 1221       3       sun.java2d.loops.SurfaceType::pixelFor (10 bytes)
Event: 3.923 Thread 0x00007fdfae00e000 nmethod 1221 0x000000010fd46e50 code [0x000000010fd46fc0, 0x000000010fd471e8]

GC Heap History (0 events):
No events

Deoptimization events (9 events):
Event: 0.074 Thread 0x00007fdfab00d800 Uncommon trap: reason=unstable_if action=reinterpret pc=0x000000010f9f1aa8 method=java.lang.String.hashCode()I @ 14
Event: 1.113 Thread 0x00007fdfac34f000 Uncommon trap: reason=unstable_if action=reinterpret pc=0x000000010fab4400 method=java.lang.String.toLowerCase(Ljava/util/Locale;)Ljava/lang/String; @ 85
Event: 1.243 Thread 0x00007fdfadc8f000 Uncommon trap: reason=bimorphic action=maybe_recompile pc=0x000000010fb3f5b4 method=java.util.HashMap.getNode(ILjava/lang/Object;)Ljava/util/HashMap$Node; @ 126
Event: 1.254 Thread 0x00007fdfadc8f000 Uncommon trap: reason=unstable_if action=reinterpret pc=0x000000010fb2ed20 method=java.lang.String.indexOf([CII[CIII)I @ 3
Event: 1.254 Thread 0x00007fdfadc8f000 Uncommon trap: reason=unstable_if action=reinterpret pc=0x000000010faa574c method=java.lang.String.indexOf([CII[CIII)I @ 3
Event: 1.256 Thread 0x00007fdfadc8f000 Uncommon trap: reason=bimorphic action=maybe_recompile pc=0x000000010fb3f5b4 method=java.util.HashMap.getNode(ILjava/lang/Object;)Ljava/util/HashMap$Node; @ 126
Event: 1.256 Thread 0x00007fdfadc8f000 Uncommon trap: reason=bimorphic action=maybe_recompile pc=0x000000010fb3f5b4 method=java.util.HashMap.getNode(ILjava/lang/Object;)Ljava/util/HashMap$Node; @ 126
Event: 1.256 Thread 0x00007fdfadc8f000 Uncommon trap: reason=bimorphic action=maybe_recompile pc=0x000000010fb3f5b4 method=java.util.HashMap.getNode(ILjava/lang/Object;)Ljava/util/HashMap$Node; @ 126
Event: 1.261 Thread 0x00007fdfadc8f000 Uncommon trap: reason=unstable_if action=reinterpret pc=0x000000010fb5a7dc method=java.lang.String.lastIndexOf([CII[CIII)I @ 118

Internal exceptions (10 events):
Event: 0.072 Thread 0x00007fdfab00d800 Exception <a 'java/security/PrivilegedActionException'> (0x000000076abd4228) thrown at [/Users/java_re/workspace/8-2-build-macosx-x86_64/jdk8u60/4407/hotspot/src/share/vm/prims/jvm.cpp, line 1386]
Event: 0.073 Thread 0x00007fdfab00d800 Exception <a 'java/util/zip/ZipException'> (0x000000076abe5e00) thrown at [/Users/java_re/workspace/8-2-build-macosx-x86_64/jdk8u60/4407/hotspot/src/share/vm/prims/jni.cpp, line 709]
Event: 0.073 Thread 0x00007fdfab00d800 Exception <a 'java/security/PrivilegedActionException'> (0x000000076abe61f0) thrown at [/Users/java_re/workspace/8-2-build-macosx-x86_64/jdk8u60/4407/hotspot/src/share/vm/prims/jvm.cpp, line 1386]
Event: 0.073 Thread 0x00007fdfab00d800 Exception <a 'java/security/PrivilegedActionException'> (0x000000076abe6400) thrown at [/Users/java_re/workspace/8-2-build-macosx-x86_64/jdk8u60/4407/hotspot/src/share/vm/prims/jvm.cpp, line 1386]
Event: 0.102 Thread 0x00007fdfab00d800 Exception <a 'java/lang/NoSuchFieldError': method resolution failed> (0x000000076af44360) thrown at [/Users/java_re/workspace/8-2-build-macosx-x86_64/jdk8u60/4407/hotspot/src/share/vm/prims/methodHandles.cpp, line 1146]
Event: 0.103 Thread 0x00007fdfab00d800 Exception <a 'java/lang/NoSuchFieldError': method resolution failed> (0x000000076af51b30) thrown at [/Users/java_re/workspace/8-2-build-macosx-x86_64/jdk8u60/4407/hotspot/src/share/vm/prims/methodHandles.cpp, line 1146]
Event: 0.187 Thread 0x00007fdfab00d800 Exception <a 'java/io/FileNotFoundException'> (0x000000076afcd968) thrown at [/Users/java_re/workspace/8-2-build-macosx-x86_64/jdk8u60/4407/hotspot/src/share/vm/prims/jni.cpp, line 709]
Event: 0.187 Thread 0x00007fdfab00d800 Exception <a 'java/io/FileNotFoundException'> (0x000000076afce4f8) thrown at [/Users/java_re/workspace/8-2-build-macosx-x86_64/jdk8u60/4407/hotspot/src/share/vm/prims/jni.cpp, line 709]
Event: 0.262 Thread 0x00007fdfab00d800 Exception <a 'java/io/FileNotFoundException'> (0x000000076b1c71d8) thrown at [/Users/java_re/workspace/8-2-build-macosx-x86_64/jdk8u60/4407/hotspot/src/share/vm/prims/jni.cpp, line 709]
Event: 1.268 Thread 0x00007fdfadc8f000 Exception <a 'java/lang/UnsatisfiedLinkError': com.jogamp.common.util.JarUtil.fixNativeLibAttribs(Ljava/lang/String;)Z> (0x000000076c885a88) thrown at [/Users/java_re/workspace/8-2-build-macosx-x86_64/jdk8u60/4407/hotspot/src/share/vm/prims/nativeLookup.c

Events (10 events):
Event: 3.921 loading class jogamp/nativewindow/jawt/macosx/MacOSXJAWTWindow$1 done
Event: 3.921 loading class java/awt/LightweightDispatcher$2
Event: 3.922 loading class java/awt/LightweightDispatcher$2 done
Event: 3.922 loading class java/awt/event/AWTEventListenerProxy
Event: 3.922 loading class java/awt/event/AWTEventListenerProxy done
Event: 3.922 loading class java/awt/Toolkit$ToolkitEventMulticaster
Event: 3.922 loading class java/awt/Toolkit$ToolkitEventMulticaster done
Event: 3.922 Thread 0x00007fdfab0f9800 Thread exited: 0x00007fdfab0f9800
Event: 3.922 loading class java/awt/Window$1DisposeAction
Event: 3.922 loading class java/awt/Window$1DisposeAction done


Dynamic libraries:
0x0000000006f14000 	/System/Library/Frameworks/Cocoa.framework/Versions/A/Cocoa
0x0000000006f14000 	/System/Library/Frameworks/Security.framework/Versions/A/Security
0x0000000006f14000 	/System/Library/Frameworks/ApplicationServices.framework/Versions/A/ApplicationServices
0x0000000006f14000 	/usr/lib/libz.1.dylib
0x0000000006f14000 	/usr/lib/libSystem.B.dylib
0x0000000006f14000 	/usr/lib/libobjc.A.dylib
0x0000000006f14000 	/System/Library/Frameworks/CoreFoundation.framework/Versions/A/CoreFoundation
0x0000000006f14000 	/System/Library/Frameworks/Foundation.framework/Versions/C/Foundation
0x0000000006f14000 	/System/Library/Frameworks/AppKit.framework/Versions/C/AppKit
0x0000000006f14000 	/System/Library/Frameworks/CoreData.framework/Versions/A/CoreData
0x0000000006f14000 	/System/Library/PrivateFrameworks/RemoteViewServices.framework/Versions/A/RemoteViewServices
0x0000000006f14000 	/System/Library/PrivateFrameworks/UIFoundation.framework/Versions/A/UIFoundation
0x0000000006f14000 	/System/Library/Frameworks/IOSurface.framework/Versions/A/IOSurface
0x0000000006f14000 	/System/Library/Frameworks/AudioToolbox.framework/Versions/A/AudioToolbox
0x0000000006f14000 	/System/Library/Frameworks/AudioUnit.framework/Versions/A/AudioUnit
0x0000000006f14000 	/System/Library/PrivateFrameworks/DataDetectorsCore.framework/Versions/A/DataDetectorsCore
0x0000000006f14000 	/System/Library/PrivateFrameworks/DesktopServicesPriv.framework/Versions/A/DesktopServicesPriv
0x0000000006f14000 	/System/Library/Frameworks/Carbon.framework/Versions/A/Frameworks/HIToolbox.framework/Versions/A/HIToolbox
0x0000000006f14000 	/System/Library/Frameworks/QuartzCore.framework/Versions/A/QuartzCore
0x0000000006f14000 	/System/Library/Frameworks/Carbon.framework/Versions/A/Frameworks/SpeechRecognition.framework/Versions/A/SpeechRecognition
0x0000000006f14000 	/usr/lib/libauto.dylib
0x0000000006f14000 	/usr/lib/libicucore.A.dylib
0x0000000006f14000 	/usr/lib/libxml2.2.dylib
0x0000000006f14000 	/System/Library/PrivateFrameworks/CoreUI.framework/Versions/A/CoreUI
0x0000000006f14000 	/System/Library/Frameworks/CoreAudio.framework/Versions/A/CoreAudio
0x0000000006f14000 	/System/Library/Frameworks/DiskArbitration.framework/Versions/A/DiskArbitration
0x0000000006f14000 	/usr/lib/liblangid.dylib
0x0000000006f14000 	/System/Library/PrivateFrameworks/MultitouchSupport.framework/Versions/A/MultitouchSupport
0x0000000006f14000 	/System/Library/Frameworks/IOKit.framework/Versions/A/IOKit
0x0000000006f14000 	/usr/lib/libDiagnosticMessagesClient.dylib
0x0000000006f14000 	/System/Library/Frameworks/CoreServices.framework/Versions/A/CoreServices
0x0000000006f14000 	/System/Library/PrivateFrameworks/PerformanceAnalysis.framework/Versions/A/PerformanceAnalysis
0x0000000006f14000 	/System/Library/PrivateFrameworks/GenerationalStorage.framework/Versions/A/GenerationalStorage
0x0000000006f14000 	/System/Library/Frameworks/OpenGL.framework/Versions/A/OpenGL
0x0000000006f14000 	/System/Library/PrivateFrameworks/Sharing.framework/Versions/A/Sharing
0x0000000006f14000 	/System/Library/Frameworks/CoreGraphics.framework/Versions/A/CoreGraphics
0x0000000006f14000 	/System/Library/Frameworks/CoreText.framework/Versions/A/CoreText
0x0000000006f14000 	/System/Library/Frameworks/ImageIO.framework/Versions/A/ImageIO
0x0000000006f14000 	/usr/lib/libextension.dylib
0x0000000006f14000 	/System/Library/PrivateFrameworks/Backup.framework/Versions/A/Backup
0x0000000006f14000 	/usr/lib/libarchive.2.dylib
0x0000000006f14000 	/System/Library/Frameworks/CFNetwork.framework/Versions/A/CFNetwork
0x0000000006f14000 	/System/Library/Frameworks/SystemConfiguration.framework/Versions/A/SystemConfiguration
0x0000000006f14000 	/usr/lib/libCRFSuite.dylib
0x0000000006f14000 	/usr/lib/libc++.1.dylib
0x0000000006f14000 	/usr/lib/libc++abi.dylib
0x0000000006f14000 	/usr/lib/system/libcache.dylib
0x0000000006f14000 	/usr/lib/system/libcommonCrypto.dylib
0x0000000006f14000 	/usr/lib/system/libcompiler_rt.dylib
0x0000000006f14000 	/usr/lib/system/libcopyfile.dylib
0x0000000006f14000 	/usr/lib/system/libcorecrypto.dylib
0x0000000006f14000 	/usr/lib/system/libdispatch.dylib
0x0000000006f14000 	/usr/lib/system/libdyld.dylib
0x0000000006f14000 	/usr/lib/system/libkeymgr.dylib
0x0000000006f14000 	/usr/lib/system/liblaunch.dylib
0x0000000006f14000 	/usr/lib/system/libmacho.dylib
0x0000000006f14000 	/usr/lib/system/libquarantine.dylib
0x0000000006f14000 	/usr/lib/system/libremovefile.dylib
0x0000000006f14000 	/usr/lib/system/libsystem_asl.dylib
0x0000000006f14000 	/usr/lib/system/libsystem_blocks.dylib
0x0000000006f14000 	/usr/lib/system/libsystem_c.dylib
0x0000000006f14000 	/usr/lib/system/libsystem_configuration.dylib
0x0000000006f14000 	/usr/lib/system/libsystem_coreservices.dylib
0x0000000006f14000 	/usr/lib/system/libsystem_coretls.dylib
0x0000000006f14000 	/usr/lib/system/libsystem_dnssd.dylib
0x0000000006f14000 	/usr/lib/system/libsystem_info.dylib
0x0000000006f14000 	/usr/lib/system/libsystem_kernel.dylib
0x0000000006f14000 	/usr/lib/system/libsystem_m.dylib
0x0000000006f14000 	/usr/lib/system/libsystem_malloc.dylib
0x0000000006f14000 	/usr/lib/system/libsystem_network.dylib
0x0000000006f14000 	/usr/lib/system/libsystem_networkextension.dylib
0x0000000006f14000 	/usr/lib/system/libsystem_notify.dylib
0x0000000006f14000 	/usr/lib/system/libsystem_platform.dylib
0x0000000006f14000 	/usr/lib/system/libsystem_pthread.dylib
0x0000000006f14000 	/usr/lib/system/libsystem_sandbox.dylib
0x0000000006f14000 	/usr/lib/system/libsystem_secinit.dylib
0x0000000006f14000 	/usr/lib/system/libsystem_stats.dylib
0x0000000006f14000 	/usr/lib/system/libsystem_trace.dylib
0x0000000006f14000 	/usr/lib/system/libunc.dylib
0x0000000006f14000 	/usr/lib/system/libunwind.dylib
0x0000000006f14000 	/usr/lib/system/libxpc.dylib
0x0000000006f14000 	/usr/lib/libbz2.1.0.dylib
0x0000000006f14000 	/usr/lib/liblzma.5.dylib
0x0000000006f14000 	/usr/lib/libbsm.0.dylib
0x0000000006f14000 	/usr/lib/libsqlite3.dylib
0x0000000006f14000 	/usr/lib/system/libkxld.dylib
0x0000000006f14000 	/usr/lib/libxar.1.dylib
0x0000000006f14000 	/usr/lib/libpam.2.dylib
0x0000000006f14000 	/usr/lib/libOpenScriptingUtil.dylib
0x0000000006f14000 	/System/Library/Frameworks/CoreServices.framework/Versions/A/Frameworks/FSEvents.framework/Versions/A/FSEvents
0x0000000006f14000 	/System/Library/Frameworks/CoreServices.framework/Versions/A/Frameworks/CarbonCore.framework/Versions/A/CarbonCore
0x0000000006f14000 	/System/Library/Frameworks/CoreServices.framework/Versions/A/Frameworks/Metadata.framework/Versions/A/Metadata
0x0000000006f14000 	/System/Library/Frameworks/CoreServices.framework/Versions/A/Frameworks/OSServices.framework/Versions/A/OSServices
0x0000000006f14000 	/System/Library/Frameworks/CoreServices.framework/Versions/A/Frameworks/SearchKit.framework/Versions/A/SearchKit
0x0000000006f14000 	/System/Library/Frameworks/CoreServices.framework/Versions/A/Frameworks/AE.framework/Versions/A/AE
0x0000000006f14000 	/System/Library/Frameworks/CoreServices.framework/Versions/A/Frameworks/LaunchServices.framework/Versions/A/LaunchServices
0x0000000006f14000 	/System/Library/Frameworks/CoreServices.framework/Versions/A/Frameworks/DictionaryServices.framework/Versions/A/DictionaryServices
0x0000000006f14000 	/System/Library/Frameworks/NetFS.framework/Versions/A/NetFS
0x0000000006f14000 	/System/Library/PrivateFrameworks/NetAuth.framework/Versions/A/NetAuth
0x0000000006f14000 	/System/Library/PrivateFrameworks/login.framework/Versions/A/Frameworks/loginsupport.framework/Versions/A/loginsupport
0x0000000006f14000 	/System/Library/PrivateFrameworks/TCC.framework/Versions/A/TCC
0x0000000006f14000 	/usr/lib/libmecabra.dylib
0x0000000006f14000 	/System/Library/Frameworks/ApplicationServices.framework/Versions/A/Frameworks/ATS.framework/Versions/A/ATS
0x0000000006f14000 	/System/Library/Frameworks/ApplicationServices.framework/Versions/A/Frameworks/ColorSync.framework/Versions/A/ColorSync
0x0000000006f14000 	/System/Library/Frameworks/ApplicationServices.framework/Versions/A/Frameworks/HIServices.framework/Versions/A/HIServices
0x0000000006f14000 	/System/Library/Frameworks/ApplicationServices.framework/Versions/A/Frameworks/LangAnalysis.framework/Versions/A/LangAnalysis
0x0000000006f14000 	/System/Library/Frameworks/ApplicationServices.framework/Versions/A/Frameworks/PrintCore.framework/Versions/A/PrintCore
0x0000000006f14000 	/System/Library/Frameworks/ApplicationServices.framework/Versions/A/Frameworks/QD.framework/Versions/A/QD
0x0000000006f14000 	/System/Library/Frameworks/ApplicationServices.framework/Versions/A/Frameworks/SpeechSynthesis.framework/Versions/A/SpeechSynthesis
0x0000000006f14000 	/System/Library/Frameworks/Accelerate.framework/Versions/A/Accelerate
0x0000000006f14000 	/System/Library/Frameworks/Accelerate.framework/Versions/A/Frameworks/vImage.framework/Versions/A/vImage
0x0000000006f14000 	/System/Library/Frameworks/Accelerate.framework/Versions/A/Frameworks/vecLib.framework/Versions/A/vecLib
0x0000000006f14000 	/System/Library/Frameworks/Accelerate.framework/Versions/A/Frameworks/vecLib.framework/Versions/A/libvDSP.dylib
0x0000000006f14000 	/System/Library/Frameworks/Accelerate.framework/Versions/A/Frameworks/vecLib.framework/Versions/A/libvMisc.dylib
0x0000000006f14000 	/System/Library/Frameworks/Accelerate.framework/Versions/A/Frameworks/vecLib.framework/Versions/A/libLAPACK.dylib
0x0000000006f14000 	/System/Library/Frameworks/Accelerate.framework/Versions/A/Frameworks/vecLib.framework/Versions/A/libBLAS.dylib
0x0000000006f14000 	/System/Library/Frameworks/Accelerate.framework/Versions/A/Frameworks/vecLib.framework/Versions/A/libLinearAlgebra.dylib
0x0000000006f14000 	/System/Library/Frameworks/ApplicationServices.framework/Versions/A/Frameworks/ATS.framework/Versions/A/Resources/libFontParser.dylib
0x0000000006f14000 	/System/Library/Frameworks/ApplicationServices.framework/Versions/A/Frameworks/ATS.framework/Versions/A/Resources/libFontRegistry.dylib
0x0000000006f14000 	/System/Library/PrivateFrameworks/AppleVPA.framework/Versions/A/AppleVPA
0x0000000006f14000 	/System/Library/PrivateFrameworks/AppleJPEG.framework/Versions/A/AppleJPEG
0x0000000006f14000 	/System/Library/Frameworks/ImageIO.framework/Versions/A/Resources/libJPEG.dylib
0x0000000006f14000 	/System/Library/Frameworks/ImageIO.framework/Versions/A/Resources/libTIFF.dylib
0x0000000006f14000 	/System/Library/Frameworks/ImageIO.framework/Versions/A/Resources/libPng.dylib
0x0000000006f14000 	/System/Library/Frameworks/ImageIO.framework/Versions/A/Resources/libGIF.dylib
0x0000000006f14000 	/System/Library/Frameworks/ImageIO.framework/Versions/A/Resources/libJP2.dylib
0x0000000006f14000 	/System/Library/Frameworks/ImageIO.framework/Versions/A/Resources/libRadiance.dylib
0x0000000006f14000 	/System/Library/Frameworks/CoreVideo.framework/Versions/A/CoreVideo
0x0000000006f14000 	/System/Library/Frameworks/OpenGL.framework/Versions/A/Libraries/libGLU.dylib
0x0000000006f14000 	/System/Library/Frameworks/OpenGL.framework/Versions/A/Libraries/libGFXShared.dylib
0x0000000006f14000 	/System/Library/Frameworks/OpenGL.framework/Versions/A/Libraries/libGL.dylib
0x0000000006f14000 	/System/Library/Frameworks/OpenGL.framework/Versions/A/Libraries/libGLImage.dylib
0x0000000006f14000 	/System/Library/Frameworks/OpenGL.framework/Versions/A/Libraries/libCVMSPluginSupport.dylib
0x0000000006f14000 	/System/Library/Frameworks/OpenGL.framework/Versions/A/Libraries/libCoreVMClient.dylib
0x0000000006f14000 	/usr/lib/libcups.2.dylib
0x0000000006f14000 	/System/Library/Frameworks/Kerberos.framework/Versions/A/Kerberos
0x0000000006f14000 	/System/Library/Frameworks/GSS.framework/Versions/A/GSS
0x0000000006f14000 	/usr/lib/libresolv.9.dylib
0x0000000006f14000 	/usr/lib/libiconv.2.dylib
0x0000000006f14000 	/System/Library/PrivateFrameworks/Heimdal.framework/Versions/A/Heimdal
0x0000000006f14000 	/usr/lib/libheimdal-asn1.dylib
0x0000000006f14000 	/System/Library/Frameworks/OpenDirectory.framework/Versions/A/OpenDirectory
0x0000000006f14000 	/System/Library/PrivateFrameworks/CommonAuth.framework/Versions/A/CommonAuth
0x0000000006f14000 	/System/Library/Frameworks/OpenDirectory.framework/Versions/A/Frameworks/CFOpenDirectory.framework/Versions/A/CFOpenDirectory
0x0000000006f14000 	/System/Library/Frameworks/SecurityFoundation.framework/Versions/A/SecurityFoundation
0x0000000006f14000 	/System/Library/PrivateFrameworks/LanguageModeling.framework/Versions/A/LanguageModeling
0x0000000006f14000 	/usr/lib/libcmph.dylib
0x0000000006f14000 	/System/Library/Frameworks/ServiceManagement.framework/Versions/A/ServiceManagement
0x0000000006f14000 	/usr/lib/libxslt.1.dylib
0x0000000006f14000 	/System/Library/Frameworks/Carbon.framework/Versions/A/Frameworks/Ink.framework/Versions/A/Ink
0x0000000006f14000 	/System/Library/Frameworks/QuartzCore.framework/Versions/A/Frameworks/CoreImage.framework/Versions/A/CoreImage
0x0000000006f14000 	/System/Library/PrivateFrameworks/CrashReporterSupport.framework/Versions/A/CrashReporterSupport
0x0000000006f14000 	/System/Library/Frameworks/OpenCL.framework/Versions/A/OpenCL
0x0000000006f14000 	/System/Library/PrivateFrameworks/FaceCore.framework/Versions/A/FaceCore
0x0000000006f14000 	/System/Library/PrivateFrameworks/Ubiquity.framework/Versions/A/Ubiquity
0x0000000006f14000 	/System/Library/PrivateFrameworks/IconServices.framework/Versions/A/IconServices
0x0000000006f14000 	/System/Library/PrivateFrameworks/ChunkingLibrary.framework/Versions/A/ChunkingLibrary
0x0000000006f14000 	/System/Library/PrivateFrameworks/Apple80211.framework/Versions/A/Apple80211
0x0000000006f14000 	/System/Library/Frameworks/CoreWLAN.framework/Versions/A/CoreWLAN
0x0000000006f14000 	/System/Library/Frameworks/IOBluetooth.framework/Versions/A/IOBluetooth
0x0000000006f14000 	/System/Library/PrivateFrameworks/CoreWiFi.framework/Versions/A/CoreWiFi
0x0000000006f14000 	/System/Library/Frameworks/CoreBluetooth.framework/Versions/A/CoreBluetooth
0x0000000006f14000 	/System/Library/PrivateFrameworks/DebugSymbols.framework/Versions/A/DebugSymbols
0x0000000006f14000 	/System/Library/PrivateFrameworks/CoreSymbolication.framework/Versions/A/CoreSymbolication
0x0000000006f14000 	/System/Library/PrivateFrameworks/Symbolication.framework/Versions/A/Symbolication
0x0000000006f14000 	/System/Library/PrivateFrameworks/SpeechRecognitionCore.framework/Versions/A/SpeechRecognitionCore
0x000000010e800000 	/Library/Java/JavaVirtualMachines/jdk1.8.0_60.jdk/Contents/Home/jre/lib/server/libjvm.dylib
0x0000000006f14000 	/usr/lib/libstdc++.6.dylib
0x000000010d7ee000 	/Library/Java/JavaVirtualMachines/jdk1.8.0_60.jdk/Contents/Home/jre/lib/libverify.dylib
0x000000010f88c000 	/Library/Java/JavaVirtualMachines/jdk1.8.0_60.jdk/Contents/Home/jre/lib/libjava.dylib
0x000000010f8c9000 	/Library/Java/JavaVirtualMachines/jdk1.8.0_60.jdk/Contents/Home/jre/lib/libzip.dylib
0x000000012b4a8000 	/System/Library/Frameworks/JavaVM.framework/Frameworks/JavaRuntimeSupport.framework/JavaRuntimeSupport
0x000000012b4c0000 	/System/Library/Frameworks/JavaVM.framework/Versions/A/Frameworks/JavaNativeFoundation.framework/Versions/A/JavaNativeFoundation
0x000000012b4d5000 	/System/Library/Frameworks/JavaVM.framework/Versions/A/JavaVM
0x0000000006f14000 	/System/Library/Frameworks/Carbon.framework/Versions/A/Carbon
0x000000012b4e2000 	/System/Library/PrivateFrameworks/JavaLaunching.framework/Versions/A/JavaLaunching
0x0000000006f14000 	/System/Library/Frameworks/Carbon.framework/Versions/A/Frameworks/CommonPanels.framework/Versions/A/CommonPanels
0x0000000006f14000 	/System/Library/Frameworks/Carbon.framework/Versions/A/Frameworks/Help.framework/Versions/A/Help
0x0000000006f14000 	/System/Library/Frameworks/Carbon.framework/Versions/A/Frameworks/ImageCapture.framework/Versions/A/ImageCapture
0x0000000006f14000 	/System/Library/Frameworks/Carbon.framework/Versions/A/Frameworks/OpenScripting.framework/Versions/A/OpenScripting
0x0000000006f14000 	/System/Library/Frameworks/Carbon.framework/Versions/A/Frameworks/Print.framework/Versions/A/Print
0x0000000006f14000 	/System/Library/Frameworks/Carbon.framework/Versions/A/Frameworks/SecurityHI.framework/Versions/A/SecurityHI
0x000000012d51a000 	/Library/Java/JavaVirtualMachines/jdk1.8.0_60.jdk/Contents/Home/jre/lib/libawt.dylib
0x000000012d5c2000 	/Library/Java/JavaVirtualMachines/jdk1.8.0_60.jdk/Contents/Home/jre/lib/./libmlib_image.dylib
0x000000012d68e000 	/Library/Java/JavaVirtualMachines/jdk1.8.0_60.jdk/Contents/Home/jre/lib/libawt_lwawt.dylib
0x000000012d743000 	/Library/Java/JavaVirtualMachines/jdk1.8.0_60.jdk/Contents/Home/jre/lib/./libosxapp.dylib
0x0000000006f14000 	/System/Library/Frameworks/ExceptionHandling.framework/Versions/A/ExceptionHandling
0x0000000006f14000 	/System/Library/PrivateFrameworks/CoreServicesInternal.framework/Versions/A/CoreServicesInternal
0x0000000006f14000 	/System/Library/PrivateFrameworks/CloudDocs.framework/Versions/A/CloudDocs
0x0000000006f14000 	/System/Library/PrivateFrameworks/CoreDuet.framework/Versions/A/CoreDuet
0x0000000006f14000 	/System/Library/Frameworks/CloudKit.framework/Versions/A/CloudKit
0x0000000006f14000 	/System/Library/PrivateFrameworks/ProtocolBuffer.framework/Versions/A/ProtocolBuffer
0x0000000006f14000 	/System/Library/PrivateFrameworks/CoreDuetDaemonProtocol.framework/Versions/A/CoreDuetDaemonProtocol
0x0000000006f14000 	/System/Library/PrivateFrameworks/CoreDuetDebugLogging.framework/Versions/A/CoreDuetDebugLogging
0x0000000006f14000 	/System/Library/PrivateFrameworks/MMCS.framework/Versions/A/MMCS
0x0000000006f14000 	/System/Library/Frameworks/CoreLocation.framework/Versions/A/CoreLocation
0x0000000006f14000 	/System/Library/PrivateFrameworks/ProtectedCloudStorage.framework/Versions/A/ProtectedCloudStorage
0x0000000006f14000 	/System/Library/PrivateFrameworks/GeoServices.framework/Versions/A/GeoServices
0x000000012eecd000 	/System/Library/Frameworks/CoreGraphics.framework/Versions/A/Resources/libCGCMS.A.dylib
0x000000012f9b0000 	/System/Library/Frameworks/CoreGraphics.framework/Versions/A/Resources/libRIP.A.dylib
0x000000012fd25000 	/System/Library/Frameworks/CoreGraphics.framework/Versions/A/Resources/libCGXType.A.dylib
0x0000000006f14000 	/System/Library/Frameworks/OpenCL.framework/Versions/A/Libraries/libcldcpuengine.dylib
0x0000000006f14000 	/System/Library/PrivateFrameworks/DiskImages.framework/Versions/A/DiskImages
0x0000000006f14000 	/System/Library/Frameworks/DiscRecording.framework/Versions/A/DiscRecording
0x0000000006f14000 	/usr/lib/libcsfde.dylib
0x0000000006f14000 	/usr/lib/libcurl.4.dylib
0x0000000006f14000 	/System/Library/PrivateFrameworks/MediaKit.framework/Versions/A/MediaKit
0x0000000006f14000 	/usr/lib/libCoreStorage.dylib
0x0000000006f14000 	/System/Library/PrivateFrameworks/EFILogin.framework/Versions/A/EFILogin
0x0000000006f14000 	/usr/lib/libutil.dylib
0x0000000006f14000 	/System/Library/PrivateFrameworks/FindMyDevice.framework/Versions/A/FindMyDevice
0x0000000006f14000 	/System/Library/Frameworks/LDAP.framework/Versions/A/LDAP
0x0000000006f14000 	/usr/lib/libsasl2.2.dylib
0x0000000006f14000 	/System/Library/PrivateFrameworks/CoreDaemon.framework/Versions/B/CoreDaemon
0x0000000006f14000 	/usr/lib/libcrypto.0.9.8.dylib
0x0000000006f14000 	/System/Library/PrivateFrameworks/AppleSRP.framework/Versions/A/AppleSRP
0x0000000006f14000 	/System/Library/PrivateFrameworks/TrustEvaluationAgent.framework/Versions/A/TrustEvaluationAgent
0x0000000130796000 	cl_kernels
0x0000000130798000 	/System/Library/Frameworks/OpenCL.framework/Versions/A/Libraries/ImageFormats/unorm8_bgra.dylib
0x0000000130787000 	cl_kernels
0x0000000006f14000 	/System/Library/PrivateFrameworks/FamilyControls.framework/Versions/A/FamilyControls
0x0000000006f14000 	/System/Library/PrivateFrameworks/CommerceKit.framework/Versions/A/Frameworks/CommerceCore.framework/Versions/A/CommerceCore
0x0000000006f14000 	/System/Library/PrivateFrameworks/SystemAdministration.framework/Versions/A/SystemAdministration
0x0000000006f14000 	/System/Library/PrivateFrameworks/AppContainer.framework/Versions/A/AppContainer
0x0000000006f14000 	/System/Library/PrivateFrameworks/SecCodeWrapper.framework/Versions/A/SecCodeWrapper
0x0000000006f14000 	/System/Library/Frameworks/DirectoryService.framework/Versions/A/DirectoryService
0x0000000006f14000 	/System/Library/PrivateFrameworks/LoginUIKit.framework/Versions/A/Frameworks/LoginUICore.framework/Versions/A/LoginUICore
0x0000000006f14000 	/usr/lib/libodfde.dylib
0x0000000006f14000 	/System/Library/Frameworks/OpenGL.framework/Versions/A/Resources/GLEngine.bundle/GLEngine
0x0000000006f14000 	/System/Library/Frameworks/OpenGL.framework/Versions/A/Libraries/libGLProgrammability.dylib
0x0000000131afe000 	/System/Library/Extensions/AppleIntelHD5000GraphicsGLDriver.bundle/Contents/MacOS/AppleIntelHD5000GraphicsGLDriver
0x0000000006f14000 	/System/Library/PrivateFrameworks/IOAccelerator.framework/Versions/A/IOAccelerator
0x0000000006f14000 	/System/Library/PrivateFrameworks/GPUSupport.framework/Versions/A/Libraries/libGPUSupportMercury.dylib
0x0000000000000000 	/System/Library/Extensions/GeForceGLDriver.bundle/Contents/MacOS/GeForceGLDriver
0x0000000006f14000 	/System/Library/Extensions/GeForceGLDriver.bundle/Contents/MacOS/libclh.dylib
0x0000000006f14000 	/System/Library/Frameworks/OpenGL.framework/Versions/A/Resources/GLRendererFloat.bundle/GLRendererFloat
0x0000000132fd0000 	/Library/Java/JavaVirtualMachines/jdk1.8.0_60.jdk/Contents/Home/jre/lib/libfontmanager.dylib
0x00000001344ec000 	/Library/Java/JavaVirtualMachines/jdk1.8.0_60.jdk/Contents/Home/jre/lib/libosxui.dylib
0x0000000134788000 	/Library/Java/JavaVirtualMachines/jdk1.8.0_60.jdk/Contents/Home/jre/lib/libnet.dylib
0x000000013479f000 	/Library/Java/JavaVirtualMachines/jdk1.8.0_60.jdk/Contents/Home/jre/lib/libnio.dylib
0x0000000006f14000 	/System/Library/Frameworks/ApplicationServices.framework/Versions/A/Frameworks/ATS.framework/Versions/A/Resources/libTrueTypeScaler.dylib
0x000000018d034000 	/private/var/folders/0q/mnmr2rb14273d107szplrrw80000gn/T/jogamp_0000/file_cache/jln7996182606643815021/jln3356461380831090944/libgluegen-rt.jnilib
0x000000018d038000 	/private/var/folders/0q/mnmr2rb14273d107szplrrw80000gn/T/jogamp_0000/file_cache/jln7996182606643815021/jln3356461380831090944/libnativewindow_awt.jnilib
0x000000018d03b000 	/Library/Java/JavaVirtualMachines/jdk1.8.0_60.jdk/Contents/Home/jre/lib/libjawt.dylib
0x000000018d03e000 	/private/var/folders/0q/mnmr2rb14273d107szplrrw80000gn/T/jogamp_0000/file_cache/jln7996182606643815021/jln3356461380831090944/libnativewindow_macosx.jnilib
0x000000018e8e2000 	/private/var/folders/0q/mnmr2rb14273d107szplrrw80000gn/T/jogamp_0000/file_cache/jln7996182606643815021/jln3356461380831090944/libjogl_desktop.jnilib

VM Arguments:
jvm_args: -Djava.security.policy=java.policy.applet -Dfile.encoding=UTF-8 
java_command: sun.applet.AppletViewer ch.ecal.processing.three.Use3D1441974004273.html
java_class_path (initial): /Users/stella_speziali/Documents/Processing/WorkSpace/processingll/processingllecal/bin:/Users/stella_speziali/Documents/Processing/WorkSpace/processingll/processingllecal/lib/core.jar:/Users/stella_speziali/Documents/Processing/WorkSpace/processingll/processingllecal/lib/gluegen-rt-natives-linux-amd64.jar:/Users/stella_speziali/Documents/Processing/WorkSpace/processingll/processingllecal/lib/gluegen-rt-natives-linux-armv6hf.jar:/Users/stella_speziali/Documents/Processing/WorkSpace/processingll/processingllecal/lib/gluegen-rt-natives-linux-i586.jar:/Users/stella_speziali/Documents/Processing/WorkSpace/processingll/processingllecal/lib/gluegen-rt-natives-macosx-universal.jar:/Users/stella_speziali/Documents/Processing/WorkSpace/processingll/processingllecal/lib/gluegen-rt-natives-windows-amd64.jar:/Users/stella_speziali/Documents/Processing/WorkSpace/processingll/processingllecal/lib/gluegen-rt-natives-windows-i586.jar:/Users/stella_speziali/Documents/Processing/WorkSpace/processingll/processingllecal/lib/gluegen-rt.jar:/Users/stella_speziali/Documents/Processing/WorkSpace/processingll/processingllecal/lib/jogl-all-natives-linux-amd64.jar:/Users/stella_speziali/Documents/Processing/WorkSpace/processingll/processingllecal/lib/jogl-all-natives-linux-armv6hf.jar:/Users/stella_speziali/Documents/Processing/WorkSpace/processingll/processingllecal/lib/jogl-all-natives-linux-i586.jar:/Users/stella_speziali/Documents/Processing/WorkSpace/processingll/processingllecal/lib/jogl-all-natives-macosx-universal.jar:/Users/stella_speziali/Documents/Processing/WorkSpace/processingll/processingllecal/lib/jogl-all-natives-windows-amd64.jar:/Users/stella_speziali/Documents/Processing/WorkSpace/processingll/processingllecal/lib/jogl-all-natives-windows-i586.jar:/Users/stella_speziali/Documents/Processing/WorkSpace/processingll/processingllecal/lib/jogl-all.jar
Launcher Type: SUN_STANDARD

Environment Variables:
PATH=/usr/bin:/bin:/usr/sbin:/sbin
SHELL=/bin/bash

Signal Handlers:
SIGSEGV: [libjvm.dylib+0x5a6d31], sa_mask[0]=11111111011111110111111111111111, sa_flags=SA_ONSTACK|SA_RESTART|SA_SIGINFO
SIGBUS: [libjvm.dylib+0x5a6d31], sa_mask[0]=11111111011111110111111111111111, sa_flags=SA_RESTART|SA_SIGINFO
SIGFPE: [libjvm.dylib+0x480a4c], sa_mask[0]=11111111011111110111111111111111, sa_flags=SA_RESTART|SA_SIGINFO
SIGPIPE: [libjvm.dylib+0x480a4c], sa_mask[0]=11111111011111110111111111111111, sa_flags=SA_RESTART|SA_SIGINFO
SIGXFSZ: [libjvm.dylib+0x480a4c], sa_mask[0]=11111111011111110111111111111111, sa_flags=SA_RESTART|SA_SIGINFO
SIGILL: [libjvm.dylib+0x480a4c], sa_mask[0]=11111111011111110111111111111111, sa_flags=SA_RESTART|SA_SIGINFO
SIGUSR1: SIG_DFL, sa_mask[0]=00000000000000000000000000000000, sa_flags=none
SIGUSR2: [libjvm.dylib+0x48056a], sa_mask[0]=00100000000000000000000000000000, sa_flags=SA_RESTART|SA_SIGINFO
SIGHUP: [libjvm.dylib+0x47eb41], sa_mask[0]=11111111011111110111111111111111, sa_flags=SA_RESTART|SA_SIGINFO
SIGINT: [libjvm.dylib+0x47eb41], sa_mask[0]=11111111011111110111111111111111, sa_flags=SA_RESTART|SA_SIGINFO
SIGTERM: [libjvm.dylib+0x47eb41], sa_mask[0]=11111111011111110111111111111111, sa_flags=SA_RESTART|SA_SIGINFO
SIGQUIT: [libjvm.dylib+0x47eb41], sa_mask[0]=11111111011111110111111111111111, sa_flags=SA_RESTART|SA_SIGINFO


---------------  S Y S T E M  ---------------

OS:Bsduname:Darwin 14.5.0 Darwin Kernel Version 14.5.0: Wed Jul 29 02:26:53 PDT 2015; root:xnu-2782.40.9~1/RELEASE_X86_64 x86_64
rlimit: STACK 8192k, CORE 0k, NPROC 709, NOFILE 10240, AS infinity
load average:1.42 1.33 1.35

CPU:total 8 (4 cores per cpu, 2 threads per core) family 6 model 70 stepping 1, cmov, cx8, fxsr, mmx, sse, sse2, sse3, ssse3, sse4.1, sse4.2, popcnt, avx, avx2, aes, clmul, erms, rtm, lzcnt, ht, tsc, tscinvbit, bmi1, bmi2

Memory: 4k page, physical 16777216k(1011552k free)

/proc/meminfo:


vm_info: Java HotSpot(TM) 64-Bit Server VM (25.60-b23) for bsd-amd64 JRE (1.8.0_60-b27), built on Aug  4 2015 10:47:24 by "java_re" with gcc 4.2.1 (Based on Apple Inc. build 5658) (LLVM build 2336.11.00)

time: Fri Sep 11 14:20:08 2015
elapsed time: 3 seconds (0d 0h 0m 3s)

